2025/02/11-02:00:17.683,EconomySessionHandler.cpp,146,(debug),[economy packet handler], HandleCacheGateRelay; recv relay, relay-from:0, relay-to:7801, relay-tid:60, relay-hint:1031, relay-reserved:0, command:1031
2025/02/11-02:00:17.683,EconomySessionHandler.cpp,282,(debug),[economy packet handler], HandleCacheEconomyPingReq; <BEGIN PACKET HANDLER>
2025/02/11-02:00:17.683,EconomySessionHandler.cpp,302,(debug),[economy packet handler], HandleCacheEconomyPingReq; decomposed economy header packet, economy-header-from:0, economy-header-to:7801, economy-header-tid:60
2025/02/11-02:00:17.683,EconomySessionHandler.cpp,317,(debug),[economy packet handler], HandleCacheEconomyPingReq; decomposed packet, pingSeq:60
2025/02/11-02:00:17.684,EconomySessionHandler.cpp,321,(notice),[economy packet handler], HandleCacheEconomyPingReq; sent ping success ack, pingSeq:60, relay-from:7801, relay-to:0, relay-tid:60, relay-hint:1032, relay-reserved:0, economy-header-from:0, economy-header-to:7801, economy-header-tid:60
2025/02/11-02:00:17.684,EconomySessionHandler.cpp,323,(debug),[economy packet handler], HandleCacheEconomyPingReq; <END PACKET HANDLER>
2025/02/11-02:01:17.684,EconomySessionHandler.cpp,146,(debug),[economy packet handler], HandleCacheGateRelay; recv relay, relay-from:0, relay-to:7801, relay-tid:61, relay-hint:1031, relay-reserved:0, command:1031
2025/02/11-02:01:17.684,EconomySessionHandler.cpp,282,(debug),[economy packet handler], HandleCacheEconomyPingReq; <BEGIN PACKET HANDLER>
2025/02/11-02:01:17.684,EconomySessionHandler.cpp,302,(debug),[economy packet handler], HandleCacheEconomyPingReq; decomposed economy header packet, economy-header-from:0, economy-header-to:7801, economy-header-tid:61
2025/02/11-02:01:17.684,EconomySessionHandler.cpp,317,(debug),[economy packet handler], HandleCacheEconomyPingReq; decomposed packet, pingSeq:61
2025/02/11-02:01:17.685,EconomySessionHandler.cpp,321,(notice),[economy packet handler], HandleCacheEconomyPingReq; sent ping success ack, pingSeq:61, relay-from:7801, relay-to:0, relay-tid:61, relay-hint:1032, relay-reserved:0, economy-header-from:0, economy-header-to:7801, economy-header-tid:61
2025/02/11-02:01:17.685,EconomySessionHandler.cpp,323,(debug),[economy packet handler], HandleCacheEconomyPingReq; <END PACKET HANDLER>
2025/02/11-02:02:17.689,EconomySessionHandler.cpp,146,(debug),[economy packet handler], HandleCacheGateRelay; recv relay, relay-from:0, relay-to:7801, relay-tid:62, relay-hint:1031, relay-reserved:0, command:1031
2025/02/11-02:02:17.689,EconomySessionHandler.cpp,282,(debug),[economy packet handler], HandleCacheEconomyPingReq; <BEGIN PACKET HANDLER>
2025/02/11-02:02:17.689,EconomySessionHandler.cpp,302,(debug),[economy packet handler], HandleCacheEconomyPingReq; decomposed economy header packet, economy-header-from:0, economy-header-to:7801, economy-header-tid:62
2025/02/11-02:02:17.689,EconomySessionHandler.cpp,317,(debug),[economy packet handler], HandleCacheEconomyPingReq; decomposed packet, pingSeq:62
2025/02/11-02:02:17.689,EconomySessionHandler.cpp,321,(notice),[economy packet handler], HandleCacheEconomyPingReq; sent ping success ack, pingSeq:62, relay-from:7801, relay-to:0, relay-tid:62, relay-hint:1032, relay-reserved:0, economy-header-from:0, economy-header-to:7801, economy-header-tid:62
2025/02/11-02:02:17.689,EconomySessionHandler.cpp,323,(debug),[economy packet handler], HandleCacheEconomyPingReq; <END PACKET HANDLER>
2025/02/11-02:03:17.684,EconomySessionHandler.cpp,146,(debug),[economy packet handler], HandleCacheGateRelay; recv relay, relay-from:0, relay-to:7801, relay-tid:63, relay-hint:1031, relay-reserved:0, command:1031
2025/02/11-02:03:17.684,EconomySessionHandler.cpp,282,(debug),[economy packet handler], HandleCacheEconomyPingReq; <BEGIN PACKET HANDLER>
2025/02/11-02:03:17.684,EconomySessionHandler.cpp,302,(debug),[economy packet handler], HandleCacheEconomyPingReq; decomposed economy header packet, economy-header-from:0, economy-header-to:7801, economy-header-tid:63
2025/02/11-02:03:17.684,EconomySessionHandler.cpp,317,(debug),[economy packet handler], HandleCacheEconomyPingReq; decomposed packet, pingSeq:63
2025/02/11-02:03:17.684,EconomySessionHandler.cpp,321,(notice),[economy packet handler], HandleCacheEconomyPingReq; sent ping success ack, pingSeq:63, relay-from:7801, relay-to:0, relay-tid:63, relay-hint:1032, relay-reserved:0, economy-header-from:0, economy-header-to:7801, economy-header-tid:63
2025/02/11-02:03:17.684,EconomySessionHandler.cpp,323,(debug),[economy packet handler], HandleCacheEconomyPingReq; <END PACKET HANDLER>
2025/02/11-02:03:55.500,CacheCallback.cpp,244,(notice),[cache callback], SelectPcCacheCH::HandleSuccessCallback; sent retrieve pc data success ack, gameTid:0x1000000000001, pcId:0xA4, selectReason:0
2025/02/11-02:03:55.500,CacheCallback.cpp,244,(notice),[cache callback], SelectPcCacheCH::HandleSuccessCallback; sent retrieve pc data success ack, gameTid:0x1000000000003, pcId:0x2820, selectReason:0
2025/02/11-02:04:17.669,EconomySessionHandler.cpp,146,(debug),[economy packet handler], HandleCacheGateRelay; recv relay, relay-from:0, relay-to:7801, relay-tid:64, relay-hint:1031, relay-reserved:0, command:1031
2025/02/11-02:04:17.669,EconomySessionHandler.cpp,282,(debug),[economy packet handler], HandleCacheEconomyPingReq; <BEGIN PACKET HANDLER>
2025/02/11-02:04:17.669,EconomySessionHandler.cpp,302,(debug),[economy packet handler], HandleCacheEconomyPingReq; decomposed economy header packet, economy-header-from:0, economy-header-to:7801, economy-header-tid:64
2025/02/11-02:04:17.669,EconomySessionHandler.cpp,317,(debug),[economy packet handler], HandleCacheEconomyPingReq; decomposed packet, pingSeq:64
2025/02/11-02:04:17.669,EconomySessionHandler.cpp,321,(notice),[economy packet handler], HandleCacheEconomyPingReq; sent ping success ack, pingSeq:64, relay-from:7801, relay-to:0, relay-tid:64, relay-hint:1032, relay-reserved:0, economy-header-from:0, economy-header-to:7801, economy-header-tid:64
2025/02/11-02:04:17.669,EconomySessionHandler.cpp,323,(debug),[economy packet handler], HandleCacheEconomyPingReq; <END PACKET HANDLER>
