2025/02/11-02:00:01.721,GameWorld.cpp,189,(notice),[game-world], fetch world info for infogate ok, wid:7801, clusterId:7801, use:1
2025/02/11-02:00:01.722,LobbyInfoGatePacketHandler.cpp,135,(debug),[infogate], handle get-world-info-list-req ok, session-id:0x600000001
2025/02/11-02:00:06.731,GameWorld.cpp,189,(notice),[game-world], fetch world info for infogate ok, wid:7801, clusterId:7801, use:1
2025/02/11-02:00:06.731,LobbyInfoGatePacketHandler.cpp,135,(debug),[infogate], handle get-world-info-list-req ok, session-id:0x600000001
2025/02/11-02:00:11.708,GameWorld.cpp,189,(notice),[game-world], fetch world info for infogate ok, wid:7801, clusterId:7801, use:1
2025/02/11-02:00:11.709,LobbyInfoGatePacketHandler.cpp,135,(debug),[infogate], handle get-world-info-list-req ok, session-id:0x600000001
2025/02/11-02:00:16.707,GameWorld.cpp,189,(notice),[game-world], fetch world info for infogate ok, wid:7801, clusterId:7801, use:1
2025/02/11-02:00:16.707,LobbyInfoGatePacketHandler.cpp,135,(debug),[infogate], handle get-world-info-list-req ok, session-id:0x600000001
2025/02/11-02:00:19.487,NPChannel2.cpp,458,(debug),[np], sts msg sent, np-tid:0, cmd:1002, type:1
2025/02/11-02:00:19.492,LobbyCharacterDeletionScheduler.cpp,128,(debug),[scheduler], process end wait character deletion ok, total-proc-count:0
2025/02/11-02:00:21.712,GameWorld.cpp,189,(notice),[game-world], fetch world info for infogate ok, wid:7801, clusterId:7801, use:1
2025/02/11-02:00:21.712,LobbyInfoGatePacketHandler.cpp,135,(debug),[infogate], handle get-world-info-list-req ok, session-id:0x600000001
2025/02/11-02:00:26.720,GameWorld.cpp,189,(notice),[game-world], fetch world info for infogate ok, wid:7801, clusterId:7801, use:1
2025/02/11-02:00:26.720,LobbyInfoGatePacketHandler.cpp,135,(debug),[infogate], handle get-world-info-list-req ok, session-id:0x600000001
2025/02/11-02:00:31.729,GameWorld.cpp,189,(notice),[game-world], fetch world info for infogate ok, wid:7801, clusterId:7801, use:1
2025/02/11-02:00:31.729,LobbyInfoGatePacketHandler.cpp,135,(debug),[infogate], handle get-world-info-list-req ok, session-id:0x600000001
2025/02/11-02:00:36.726,GameWorld.cpp,189,(notice),[game-world], fetch world info for infogate ok, wid:7801, clusterId:7801, use:1
2025/02/11-02:00:36.726,LobbyInfoGatePacketHandler.cpp,135,(debug),[infogate], handle get-world-info-list-req ok, session-id:0x600000001
2025/02/11-02:00:41.701,GameWorld.cpp,189,(notice),[game-world], fetch world info for infogate ok, wid:7801, clusterId:7801, use:1
2025/02/11-02:00:41.701,LobbyInfoGatePacketHandler.cpp,135,(debug),[infogate], handle get-world-info-list-req ok, session-id:0x600000001
2025/02/11-02:00:46.724,GameWorld.cpp,189,(notice),[game-world], fetch world info for infogate ok, wid:7801, clusterId:7801, use:1
2025/02/11-02:00:46.724,LobbyInfoGatePacketHandler.cpp,135,(debug),[infogate], handle get-world-info-list-req ok, session-id:0x600000001
2025/02/11-02:00:49.479,NPChannel2.cpp,458,(debug),[np], sts msg sent, np-tid:0, cmd:1002, type:1
2025/02/11-02:00:49.479,LobbyCharacterDeletionScheduler.cpp,128,(debug),[scheduler], process end wait character deletion ok, total-proc-count:0
2025/02/11-02:00:51.716,GameWorld.cpp,189,(notice),[game-world], fetch world info for infogate ok, wid:7801, clusterId:7801, use:1
2025/02/11-02:00:51.717,LobbyInfoGatePacketHandler.cpp,135,(debug),[infogate], handle get-world-info-list-req ok, session-id:0x600000001
2025/02/11-02:00:56.710,GameWorld.cpp,189,(notice),[game-world], fetch world info for infogate ok, wid:7801, clusterId:7801, use:1
2025/02/11-02:00:56.710,LobbyInfoGatePacketHandler.cpp,135,(debug),[infogate], handle get-world-info-list-req ok, session-id:0x600000001
2025/02/11-02:01:01.723,GameWorld.cpp,189,(notice),[game-world], fetch world info for infogate ok, wid:7801, clusterId:7801, use:1
2025/02/11-02:01:01.723,LobbyInfoGatePacketHandler.cpp,135,(debug),[infogate], handle get-world-info-list-req ok, session-id:0x600000001
2025/02/11-02:01:06.711,GameWorld.cpp,189,(notice),[game-world], fetch world info for infogate ok, wid:7801, clusterId:7801, use:1
2025/02/11-02:01:06.711,LobbyInfoGatePacketHandler.cpp,135,(debug),[infogate], handle get-world-info-list-req ok, session-id:0x600000001
2025/02/11-02:01:11.720,GameWorld.cpp,189,(notice),[game-world], fetch world info for infogate ok, wid:7801, clusterId:7801, use:1
2025/02/11-02:01:11.720,LobbyInfoGatePacketHandler.cpp,135,(debug),[infogate], handle get-world-info-list-req ok, session-id:0x600000001
2025/02/11-02:01:16.715,GameWorld.cpp,189,(notice),[game-world], fetch world info for infogate ok, wid:7801, clusterId:7801, use:1
2025/02/11-02:01:16.715,LobbyInfoGatePacketHandler.cpp,135,(debug),[infogate], handle get-world-info-list-req ok, session-id:0x600000001
2025/02/11-02:01:19.492,NPChannel2.cpp,458,(debug),[np], sts msg sent, np-tid:0, cmd:1002, type:1
2025/02/11-02:01:19.494,LobbyStats.cpp,137,(debug),[stats], export stats ok
2025/02/11-02:01:19.505,LobbyCharacterDeletionScheduler.cpp,128,(debug),[scheduler], process end wait character deletion ok, total-proc-count:0
2025/02/11-02:01:21.713,GameWorld.cpp,189,(notice),[game-world], fetch world info for infogate ok, wid:7801, clusterId:7801, use:1
2025/02/11-02:01:21.713,LobbyInfoGatePacketHandler.cpp,135,(debug),[infogate], handle get-world-info-list-req ok, session-id:0x600000001
2025/02/11-02:01:26.714,GameWorld.cpp,189,(notice),[game-world], fetch world info for infogate ok, wid:7801, clusterId:7801, use:1
2025/02/11-02:01:26.714,LobbyInfoGatePacketHandler.cpp,135,(debug),[infogate], handle get-world-info-list-req ok, session-id:0x600000001
2025/02/11-02:01:31.713,GameWorld.cpp,189,(notice),[game-world], fetch world info for infogate ok, wid:7801, clusterId:7801, use:1
2025/02/11-02:01:31.713,LobbyInfoGatePacketHandler.cpp,135,(debug),[infogate], handle get-world-info-list-req ok, session-id:0x600000001
2025/02/11-02:01:36.726,GameWorld.cpp,189,(notice),[game-world], fetch world info for infogate ok, wid:7801, clusterId:7801, use:1
2025/02/11-02:01:36.726,LobbyInfoGatePacketHandler.cpp,135,(debug),[infogate], handle get-world-info-list-req ok, session-id:0x600000001
2025/02/11-02:01:41.736,GameWorld.cpp,189,(notice),[game-world], fetch world info for infogate ok, wid:7801, clusterId:7801, use:1
2025/02/11-02:01:41.736,LobbyInfoGatePacketHandler.cpp,135,(debug),[infogate], handle get-world-info-list-req ok, session-id:0x600000001
2025/02/11-02:01:46.735,GameWorld.cpp,189,(notice),[game-world], fetch world info for infogate ok, wid:7801, clusterId:7801, use:1
2025/02/11-02:01:46.735,LobbyInfoGatePacketHandler.cpp,135,(debug),[infogate], handle get-world-info-list-req ok, session-id:0x600000001
2025/02/11-02:01:49.490,NPChannel2.cpp,458,(debug),[np], sts msg sent, np-tid:0, cmd:1002, type:1
2025/02/11-02:01:49.490,LobbyCharacterDeletionScheduler.cpp,128,(debug),[scheduler], process end wait character deletion ok, total-proc-count:0
2025/02/11-02:01:51.736,GameWorld.cpp,189,(notice),[game-world], fetch world info for infogate ok, wid:7801, clusterId:7801, use:1
2025/02/11-02:01:51.736,LobbyInfoGatePacketHandler.cpp,135,(debug),[infogate], handle get-world-info-list-req ok, session-id:0x600000001
2025/02/11-02:01:56.733,GameWorld.cpp,189,(notice),[game-world], fetch world info for infogate ok, wid:7801, clusterId:7801, use:1
2025/02/11-02:01:56.733,LobbyInfoGatePacketHandler.cpp,135,(debug),[infogate], handle get-world-info-list-req ok, session-id:0x600000001
2025/02/11-02:02:01.709,GameWorld.cpp,189,(notice),[game-world], fetch world info for infogate ok, wid:7801, clusterId:7801, use:1
2025/02/11-02:02:01.710,LobbyInfoGatePacketHandler.cpp,135,(debug),[infogate], handle get-world-info-list-req ok, session-id:0x600000001
2025/02/11-02:02:06.738,GameWorld.cpp,189,(notice),[game-world], fetch world info for infogate ok, wid:7801, clusterId:7801, use:1
2025/02/11-02:02:06.738,LobbyInfoGatePacketHandler.cpp,135,(debug),[infogate], handle get-world-info-list-req ok, session-id:0x600000001
2025/02/11-02:02:11.725,GameWorld.cpp,189,(notice),[game-world], fetch world info for infogate ok, wid:7801, clusterId:7801, use:1
2025/02/11-02:02:11.725,LobbyInfoGatePacketHandler.cpp,135,(debug),[infogate], handle get-world-info-list-req ok, session-id:0x600000001
2025/02/11-02:02:16.711,GameWorld.cpp,189,(notice),[game-world], fetch world info for infogate ok, wid:7801, clusterId:7801, use:1
2025/02/11-02:02:16.711,LobbyInfoGatePacketHandler.cpp,135,(debug),[infogate], handle get-world-info-list-req ok, session-id:0x600000001
2025/02/11-02:02:19.489,NPChannel2.cpp,458,(debug),[np], sts msg sent, np-tid:0, cmd:1002, type:1
2025/02/11-02:02:19.493,LobbyCharacterDeletionScheduler.cpp,128,(debug),[scheduler], process end wait character deletion ok, total-proc-count:0
2025/02/11-02:02:21.728,GameWorld.cpp,189,(notice),[game-world], fetch world info for infogate ok, wid:7801, clusterId:7801, use:1
2025/02/11-02:02:21.728,LobbyInfoGatePacketHandler.cpp,135,(debug),[infogate], handle get-world-info-list-req ok, session-id:0x600000001
2025/02/11-02:02:26.720,GameWorld.cpp,189,(notice),[game-world], fetch world info for infogate ok, wid:7801, clusterId:7801, use:1
2025/02/11-02:02:26.720,LobbyInfoGatePacketHandler.cpp,135,(debug),[infogate], handle get-world-info-list-req ok, session-id:0x600000001
2025/02/11-02:02:31.705,GameWorld.cpp,189,(notice),[game-world], fetch world info for infogate ok, wid:7801, clusterId:7801, use:1
2025/02/11-02:02:31.705,LobbyInfoGatePacketHandler.cpp,135,(debug),[infogate], handle get-world-info-list-req ok, session-id:0x600000001
2025/02/11-02:02:36.710,GameWorld.cpp,189,(notice),[game-world], fetch world info for infogate ok, wid:7801, clusterId:7801, use:1
2025/02/11-02:02:36.713,LobbyInfoGatePacketHandler.cpp,135,(debug),[infogate], handle get-world-info-list-req ok, session-id:0x600000001
2025/02/11-02:02:37.155,GamedChannel.cpp,230,(debug),[gamed], handle begin, cmd:66, channel-id:7801
2025/02/11-02:02:37.155,NPChannel2.cpp,458,(debug),[np], sts msg sent, np-tid:36, cmd:2208, type:1
2025/02/11-02:02:37.155,LobbyGamePacketHandler.cpp,1729,(debug),[gamed], handle set-app-data notify ok, cli-key:0x1, channel-id:7801, pcid:0xA4
2025/02/11-02:02:37.155,GamedChannel.cpp,232,(debug),[gamed], handle end, cmd:66, channel-id:7801
2025/02/11-02:02:37.156,NPChannel2.cpp,540,(debug),[np], sts msg received, np-tid:36, cmd:2208, type:2
2025/02/11-02:02:37.156,NPLobbyMessageHandler.cpp,484,(debug),[np], handle srv-presence set-app-data ok, np-tid:36, cmd:2208, type:2, status-code:200, reason:OK, error-code:0
2025/02/11-02:02:41.712,GameWorld.cpp,189,(notice),[game-world], fetch world info for infogate ok, wid:7801, clusterId:7801, use:1
2025/02/11-02:02:41.712,LobbyInfoGatePacketHandler.cpp,135,(debug),[infogate], handle get-world-info-list-req ok, session-id:0x600000001
2025/02/11-02:02:46.705,GameWorld.cpp,189,(notice),[game-world], fetch world info for infogate ok, wid:7801, clusterId:7801, use:1
2025/02/11-02:02:46.705,LobbyInfoGatePacketHandler.cpp,135,(debug),[infogate], handle get-world-info-list-req ok, session-id:0x600000001
2025/02/11-02:02:49.471,NPChannel2.cpp,458,(debug),[np], sts msg sent, np-tid:0, cmd:1002, type:1
2025/02/11-02:02:49.471,LobbyCharacterDeletionScheduler.cpp,128,(debug),[scheduler], process end wait character deletion ok, total-proc-count:0
2025/02/11-02:02:51.747,GameWorld.cpp,189,(notice),[game-world], fetch world info for infogate ok, wid:7801, clusterId:7801, use:1
2025/02/11-02:02:51.748,LobbyInfoGatePacketHandler.cpp,135,(debug),[infogate], handle get-world-info-list-req ok, session-id:0x600000001
2025/02/11-02:02:56.708,GameWorld.cpp,189,(notice),[game-world], fetch world info for infogate ok, wid:7801, clusterId:7801, use:1
2025/02/11-02:02:56.708,LobbyInfoGatePacketHandler.cpp,135,(debug),[infogate], handle get-world-info-list-req ok, session-id:0x600000001
2025/02/11-02:03:01.737,GameWorld.cpp,189,(notice),[game-world], fetch world info for infogate ok, wid:7801, clusterId:7801, use:1
2025/02/11-02:03:01.737,LobbyInfoGatePacketHandler.cpp,135,(debug),[infogate], handle get-world-info-list-req ok, session-id:0x600000001
2025/02/11-02:03:06.715,GameWorld.cpp,189,(notice),[game-world], fetch world info for infogate ok, wid:7801, clusterId:7801, use:1
2025/02/11-02:03:06.715,LobbyInfoGatePacketHandler.cpp,135,(debug),[infogate], handle get-world-info-list-req ok, session-id:0x600000001
2025/02/11-02:03:11.713,GameWorld.cpp,189,(notice),[game-world], fetch world info for infogate ok, wid:7801, clusterId:7801, use:1
2025/02/11-02:03:11.713,LobbyInfoGatePacketHandler.cpp,135,(debug),[infogate], handle get-world-info-list-req ok, session-id:0x600000001
2025/02/11-02:03:16.724,GameWorld.cpp,189,(notice),[game-world], fetch world info for infogate ok, wid:7801, clusterId:7801, use:1
2025/02/11-02:03:16.724,LobbyInfoGatePacketHandler.cpp,135,(debug),[infogate], handle get-world-info-list-req ok, session-id:0x600000001
2025/02/11-02:03:19.485,NPChannel2.cpp,458,(debug),[np], sts msg sent, np-tid:0, cmd:1002, type:1
2025/02/11-02:03:19.490,LobbyCharacterDeletionScheduler.cpp,128,(debug),[scheduler], process end wait character deletion ok, total-proc-count:0
2025/02/11-02:03:21.723,GameWorld.cpp,189,(notice),[game-world], fetch world info for infogate ok, wid:7801, clusterId:7801, use:1
2025/02/11-02:03:21.723,LobbyInfoGatePacketHandler.cpp,135,(debug),[infogate], handle get-world-info-list-req ok, session-id:0x600000001
2025/02/11-02:03:26.748,GameWorld.cpp,189,(notice),[game-world], fetch world info for infogate ok, wid:7801, clusterId:7801, use:1
2025/02/11-02:03:26.748,LobbyInfoGatePacketHandler.cpp,135,(debug),[infogate], handle get-world-info-list-req ok, session-id:0x600000001
2025/02/11-02:03:31.727,GameWorld.cpp,189,(notice),[game-world], fetch world info for infogate ok, wid:7801, clusterId:7801, use:1
2025/02/11-02:03:31.727,LobbyInfoGatePacketHandler.cpp,135,(debug),[infogate], handle get-world-info-list-req ok, session-id:0x600000001
2025/02/11-02:03:36.725,GameWorld.cpp,189,(notice),[game-world], fetch world info for infogate ok, wid:7801, clusterId:7801, use:1
2025/02/11-02:03:36.725,LobbyInfoGatePacketHandler.cpp,135,(debug),[infogate], handle get-world-info-list-req ok, session-id:0x600000001
2025/02/11-02:03:41.734,GameWorld.cpp,189,(notice),[game-world], fetch world info for infogate ok, wid:7801, clusterId:7801, use:1
2025/02/11-02:03:41.734,LobbyInfoGatePacketHandler.cpp,135,(debug),[infogate], handle get-world-info-list-req ok, session-id:0x600000001
2025/02/11-02:03:46.718,GameWorld.cpp,189,(notice),[game-world], fetch world info for infogate ok, wid:7801, clusterId:7801, use:1
2025/02/11-02:03:46.718,LobbyInfoGatePacketHandler.cpp,135,(debug),[infogate], handle get-world-info-list-req ok, session-id:0x600000001
2025/02/11-02:03:49.474,NPChannel2.cpp,458,(debug),[np], sts msg sent, np-tid:0, cmd:1002, type:1
2025/02/11-02:03:49.475,LobbyCharacterDeletionScheduler.cpp,128,(debug),[scheduler], process end wait character deletion ok, total-proc-count:0
2025/02/11-02:03:51.729,GameWorld.cpp,189,(notice),[game-world], fetch world info for infogate ok, wid:7801, clusterId:7801, use:1
2025/02/11-02:03:51.729,LobbyInfoGatePacketHandler.cpp,135,(debug),[infogate], handle get-world-info-list-req ok, session-id:0x600000001
2025/02/11-02:03:56.726,GameWorld.cpp,189,(notice),[game-world], fetch world info for infogate ok, wid:7801, clusterId:7801, use:1
2025/02/11-02:03:56.726,LobbyInfoGatePacketHandler.cpp,135,(debug),[infogate], handle get-world-info-list-req ok, session-id:0x600000001
2025/02/11-02:03:58.073,GamedChannel.cpp,230,(debug),[gamed], handle begin, cmd:80, channel-id:7801
2025/02/11-02:03:58.073,LobbyGamePacketHandler.cpp,2144,(debug),[gamed], handle get grade list req ok, wid:7801, game-tid:0x0, location-hint:1, pcid:0xA4, req-revision:2
2025/02/11-02:03:58.073,GamedChannel.cpp,232,(debug),[gamed], handle end, cmd:80, channel-id:7801
2025/02/11-02:04:01.723,GameWorld.cpp,189,(notice),[game-world], fetch world info for infogate ok, wid:7801, clusterId:7801, use:1
2025/02/11-02:04:01.723,LobbyInfoGatePacketHandler.cpp,135,(debug),[infogate], handle get-world-info-list-req ok, session-id:0x600000001
2025/02/11-02:04:06.709,GameWorld.cpp,189,(notice),[game-world], fetch world info for infogate ok, wid:7801, clusterId:7801, use:1
2025/02/11-02:04:06.709,LobbyInfoGatePacketHandler.cpp,135,(debug),[infogate], handle get-world-info-list-req ok, session-id:0x600000001
2025/02/11-02:04:11.721,GameWorld.cpp,189,(notice),[game-world], fetch world info for infogate ok, wid:7801, clusterId:7801, use:1
2025/02/11-02:04:11.721,LobbyInfoGatePacketHandler.cpp,135,(debug),[infogate], handle get-world-info-list-req ok, session-id:0x600000001
2025/02/11-02:04:16.724,GameWorld.cpp,189,(notice),[game-world], fetch world info for infogate ok, wid:7801, clusterId:7801, use:1
2025/02/11-02:04:16.724,LobbyInfoGatePacketHandler.cpp,135,(debug),[infogate], handle get-world-info-list-req ok, session-id:0x600000001
2025/02/11-02:04:19.493,NPChannel2.cpp,458,(debug),[np], sts msg sent, np-tid:0, cmd:1002, type:1
2025/02/11-02:04:19.500,LobbyCharacterDeletionScheduler.cpp,128,(debug),[scheduler], process end wait character deletion ok, total-proc-count:0
2025/02/11-02:04:21.748,GameWorld.cpp,189,(notice),[game-world], fetch world info for infogate ok, wid:7801, clusterId:7801, use:1
2025/02/11-02:04:21.748,LobbyInfoGatePacketHandler.cpp,135,(debug),[infogate], handle get-world-info-list-req ok, session-id:0x600000001
2025/02/11-02:04:26.715,GameWorld.cpp,189,(notice),[game-world], fetch world info for infogate ok, wid:7801, clusterId:7801, use:1
2025/02/11-02:04:26.715,LobbyInfoGatePacketHandler.cpp,135,(debug),[infogate], handle get-world-info-list-req ok, session-id:0x600000001
2025/02/11-02:04:31.791,GameWorld.cpp,189,(notice),[game-world], fetch world info for infogate ok, wid:7801, clusterId:7801, use:1
2025/02/11-02:04:31.791,LobbyInfoGatePacketHandler.cpp,135,(debug),[infogate], handle get-world-info-list-req ok, session-id:0x600000001
2025/02/11-02:04:36.718,GameWorld.cpp,189,(notice),[game-world], fetch world info for infogate ok, wid:7801, clusterId:7801, use:1
2025/02/11-02:04:36.718,LobbyInfoGatePacketHandler.cpp,135,(debug),[infogate], handle get-world-info-list-req ok, session-id:0x600000001
2025/02/11-02:04:41.466,AccountInventoryChannel.cpp,345,(error),[account-inventory], closed, session-id:0x0000000300000001
2025/02/11-02:04:41.466,Session.cpp,515,(debug),[session], trying to reconnect after 5000 msec, id:300000001, this:0000000049A60000, addr:(192.168.1.8:21700)
2025/02/11-02:04:41.466,Session.cpp,694,(debug),[session], close called; don't remove session, id:300000001, this:0000000049A60000, state:4
2025/02/11-02:04:41.466,LobbyDaemon.cpp,793,(error),[lobbydaemon], FailedEventObjectHandler, id: 3, object: 0000000049A60000, error:0
2025/02/11-02:04:41.708,GameWorld.cpp,189,(notice),[game-world], fetch world info for infogate ok, wid:7801, clusterId:7801, use:1
2025/02/11-02:04:41.708,LobbyInfoGatePacketHandler.cpp,135,(debug),[infogate], handle get-world-info-list-req ok, session-id:0x600000001
2025/02/11-02:04:42.266,PostOfficeChannel.cpp,192,(error),[post-office], closed, session-id:0x0000000700000001
2025/02/11-02:04:42.266,Session.cpp,515,(debug),[session], trying to reconnect after 5000 msec, id:700000001, this:0000000049A70000, addr:(192.168.1.8:20500)
2025/02/11-02:04:42.266,Session.cpp,694,(debug),[session], close called; don't remove session, id:700000001, this:0000000049A70000, state:4
2025/02/11-02:04:42.266,LobbyDaemon.cpp,793,(error),[lobbydaemon], FailedEventObjectHandler, id: 3, object: 0000000049A70000, error:0
