2025/02/11-01:01:13.422,Daemon.cpp,483,(debug),[cacheGate], Starting, daemon: Blade&Soul OuterWorld CacheGate, version: 0.0.210.400, desc: Blade&Soul OuterWorld CacheGate
2025/02/11-01:01:13.422,Daemon.cpp,484,(debug),[cacheGate], Network Configuration, daemon: Blade&Soul OuterWorld CacheGate, hostname: DESKTOP-K8DLTUB, public: 0.0.0.0, internal: 192.168.1.8
2025/02/11-01:01:13.422,DaemonConfig.cpp,132,(debug),[cachegate config], ==== path ====
2025/02/11-01:01:13.422,DaemonConfig.cpp,156,(debug),[cachegate config], root-path : C:\Service\CacheGate\
2025/02/11-01:01:13.422,DaemonConfig.cpp,156,(debug),[cachegate config], log-path : C:\log\CacheGate\
2025/02/11-01:01:13.422,DaemonConfig.cpp,156,(debug),[cachegate config], config-path : C:\Service\CacheGate\config\
2025/02/11-01:01:13.422,DaemonConfig.cpp,132,(debug),[cachegate config], ==== system configuration ====
2025/02/11-01:01:13.422,DaemonConfig.cpp,141,(debug),[cachegate config], worker-thread : 0
2025/02/11-01:01:13.422,DaemonConfig.cpp,141,(debug),[cachegate config], dump-type : 2
2025/02/11-01:01:13.422,DaemonConfig.cpp,141,(debug),[cachegate config], max-cached-session-count : 1000
2025/02/11-01:01:13.422,DaemonConfig.cpp,141,(debug),[cachegate config], max-public-session-count : 100
2025/02/11-01:01:13.422,DaemonConfig.cpp,132,(debug),[cachegate config], ==== network configuration ====
2025/02/11-01:01:13.422,DaemonConfig.cpp,141,(debug),[cachegate config], public-port : 20800
2025/02/11-01:01:13.422,DaemonConfig.cpp,132,(debug),[cachegate config], ==== economy service configuration ====
2025/02/11-01:01:13.422,DaemonConfig.cpp,141,(debug),[cachegate config], wid : 10060
2025/02/11-01:01:14.435,Port.cpp,648,(debug),[session], created, port-id:2, session-id:200000001, session:0000000002B50000
2025/02/11-01:01:14.436,Connection.cpp,151,(debug),[session], test, reconnect, this:0000000002B50188, addr:(192.168.1.8:55464)
2025/02/11-01:01:14.436,CacheDChannel.cpp,64,(debug),Session(200000001), Cached channel connected
2025/02/11-01:01:14.436,Session.cpp,431,(debug),[session], connect to, port id: 2, id:200000001, this:0000000002B50000, ip:192.168.1.8, port:20202
2025/02/11-01:01:14.436,CacheD.cpp,169,(debug),[cached list], connect, wid:7801, ipAddress:192.168.1.8
2025/02/11-01:01:14.436,CacheDChannel.cpp,80,(debug),[cg], cached connect, hello send, wid:7801, ip:192.168.1.8
2025/02/11-01:01:14.436,CacheGateSessionHandler.cpp,83,(debug),[cg], hello ok, cached wid:7801, ipAddress:192.168.1.8
2025/02/11-01:01:14.439,CacheGate.cpp,174,(debug),[cg], network initialize ok.
2025/02/11-01:01:14.440,Daemon.cpp,530,(debug),[cacheGate], start, daemon: Blade&Soul OuterWorld CacheGate, version: 0.0.210.400, loading time: 1078
2025/02/11-01:01:16.485,Port.cpp,648,(debug),[session], created, port-id:1, session-id:100000001, session:0000000002B90000
2025/02/11-01:01:16.485,Session.cpp,471,(debug),[session], accepted from, port id: 1, session id:100000001, this:0000000002B90000, ip:192.168.1.8, port:55465, socket:0000000000000590
2025/02/11-01:01:16.486,CacheGateSessionHandler.cpp,68,(debug),[cg], HelloOK Send, sessionId:0x0000000100000001, wid:0, ipAddress:192.168.1.8
2025/02/11-01:01:17.692,CacheGateSessionHandler.cpp,138,(debug),[cg], relay recv, client(wid:0) -> cached(wid:7801), tid:0x0000000000000001, recvDataSize:46
2025/02/11-01:01:17.692,CacheGateSessionHandler.cpp,171,(debug),[cg], relay send, client(wid:0) -> cached(wid:7801), tid:0x0000000000000001, sendDataSize:46
2025/02/11-01:01:17.692,CacheGateSessionHandler.cpp,148,(debug),[cg], relay recv, client(wid:0) <- cached(wid:7801), tid:0x0000000000000001, recvDataSize:46
2025/02/11-01:01:17.693,CacheGateSessionHandler.cpp,175,(debug),[cg], relay send, client(wid:0) <- cached(wid:7801), tid:0x0000000000000001, sendDataSize:46
2025/02/11-01:01:21.120,Port.cpp,648,(debug),[session], created, port-id:1, session-id:100000002, session:0000000002B92000
2025/02/11-01:01:21.120,Session.cpp,471,(debug),[session], accepted from, port id: 1, session id:100000002, this:0000000002B92000, ip:192.168.1.8, port:55473, socket:000000000000059C
2025/02/11-01:01:21.120,CacheGateSessionHandler.cpp,68,(debug),[cg], HelloOK Send, sessionId:0x0000000100000002, wid:10020, ipAddress:192.168.1.8
2025/02/11-01:01:28.983,Port.cpp,648,(debug),[session], created, port-id:1, session-id:100000003, session:0000000002B94000
2025/02/11-01:01:28.983,Session.cpp,471,(debug),[session], accepted from, port id: 1, session id:100000003, this:0000000002B94000, ip:192.168.1.8, port:55479, socket:00000000000005A0
2025/02/11-01:01:28.983,CacheGateSessionHandler.cpp,68,(debug),[cg], HelloOK Send, sessionId:0x0000000100000003, wid:11030, ipAddress:192.168.1.8
2025/02/11-01:02:17.681,CacheGateSessionHandler.cpp,138,(debug),[cg], relay recv, client(wid:0) -> cached(wid:7801), tid:0x0000000000000002, recvDataSize:46
2025/02/11-01:02:17.681,CacheGateSessionHandler.cpp,171,(debug),[cg], relay send, client(wid:0) -> cached(wid:7801), tid:0x0000000000000002, sendDataSize:46
2025/02/11-01:02:17.682,CacheGateSessionHandler.cpp,148,(debug),[cg], relay recv, client(wid:0) <- cached(wid:7801), tid:0x0000000000000002, recvDataSize:46
2025/02/11-01:02:17.682,CacheGateSessionHandler.cpp,175,(debug),[cg], relay send, client(wid:0) <- cached(wid:7801), tid:0x0000000000000002, sendDataSize:46
2025/02/11-01:03:17.671,CacheGateSessionHandler.cpp,138,(debug),[cg], relay recv, client(wid:0) -> cached(wid:7801), tid:0x0000000000000003, recvDataSize:46
2025/02/11-01:03:17.671,CacheGateSessionHandler.cpp,171,(debug),[cg], relay send, client(wid:0) -> cached(wid:7801), tid:0x0000000000000003, sendDataSize:46
2025/02/11-01:03:17.671,CacheGateSessionHandler.cpp,148,(debug),[cg], relay recv, client(wid:0) <- cached(wid:7801), tid:0x0000000000000003, recvDataSize:46
2025/02/11-01:03:17.671,CacheGateSessionHandler.cpp,175,(debug),[cg], relay send, client(wid:0) <- cached(wid:7801), tid:0x0000000000000003, sendDataSize:46
2025/02/11-01:04:17.683,CacheGateSessionHandler.cpp,138,(debug),[cg], relay recv, client(wid:0) -> cached(wid:7801), tid:0x0000000000000004, recvDataSize:46
2025/02/11-01:04:17.683,CacheGateSessionHandler.cpp,171,(debug),[cg], relay send, client(wid:0) -> cached(wid:7801), tid:0x0000000000000004, sendDataSize:46
2025/02/11-01:04:17.683,CacheGateSessionHandler.cpp,148,(debug),[cg], relay recv, client(wid:0) <- cached(wid:7801), tid:0x0000000000000004, recvDataSize:46
2025/02/11-01:04:17.683,CacheGateSessionHandler.cpp,175,(debug),[cg], relay send, client(wid:0) <- cached(wid:7801), tid:0x0000000000000004, sendDataSize:46
2025/02/11-01:05:17.723,CacheGateSessionHandler.cpp,138,(debug),[cg], relay recv, client(wid:0) -> cached(wid:7801), tid:0x0000000000000005, recvDataSize:46
2025/02/11-01:05:17.723,CacheGateSessionHandler.cpp,171,(debug),[cg], relay send, client(wid:0) -> cached(wid:7801), tid:0x0000000000000005, sendDataSize:46
2025/02/11-01:05:17.723,CacheGateSessionHandler.cpp,148,(debug),[cg], relay recv, client(wid:0) <- cached(wid:7801), tid:0x0000000000000005, recvDataSize:46
2025/02/11-01:05:17.723,CacheGateSessionHandler.cpp,175,(debug),[cg], relay send, client(wid:0) <- cached(wid:7801), tid:0x0000000000000005, sendDataSize:46
2025/02/11-01:06:17.694,CacheGateSessionHandler.cpp,138,(debug),[cg], relay recv, client(wid:0) -> cached(wid:7801), tid:0x0000000000000006, recvDataSize:46
2025/02/11-01:06:17.694,CacheGateSessionHandler.cpp,171,(debug),[cg], relay send, client(wid:0) -> cached(wid:7801), tid:0x0000000000000006, sendDataSize:46
2025/02/11-01:06:17.694,CacheGateSessionHandler.cpp,148,(debug),[cg], relay recv, client(wid:0) <- cached(wid:7801), tid:0x0000000000000006, recvDataSize:46
2025/02/11-01:06:17.694,CacheGateSessionHandler.cpp,175,(debug),[cg], relay send, client(wid:0) <- cached(wid:7801), tid:0x0000000000000006, sendDataSize:46
2025/02/11-01:07:17.696,CacheGateSessionHandler.cpp,138,(debug),[cg], relay recv, client(wid:0) -> cached(wid:7801), tid:0x0000000000000007, recvDataSize:46
2025/02/11-01:07:17.698,CacheGateSessionHandler.cpp,171,(debug),[cg], relay send, client(wid:0) -> cached(wid:7801), tid:0x0000000000000007, sendDataSize:46
2025/02/11-01:07:17.698,CacheGateSessionHandler.cpp,148,(debug),[cg], relay recv, client(wid:0) <- cached(wid:7801), tid:0x0000000000000007, recvDataSize:46
2025/02/11-01:07:17.698,CacheGateSessionHandler.cpp,175,(debug),[cg], relay send, client(wid:0) <- cached(wid:7801), tid:0x0000000000000007, sendDataSize:46
2025/02/11-01:08:17.672,CacheGateSessionHandler.cpp,138,(debug),[cg], relay recv, client(wid:0) -> cached(wid:7801), tid:0x0000000000000008, recvDataSize:46
2025/02/11-01:08:17.672,CacheGateSessionHandler.cpp,171,(debug),[cg], relay send, client(wid:0) -> cached(wid:7801), tid:0x0000000000000008, sendDataSize:46
2025/02/11-01:08:17.672,CacheGateSessionHandler.cpp,148,(debug),[cg], relay recv, client(wid:0) <- cached(wid:7801), tid:0x0000000000000008, recvDataSize:46
2025/02/11-01:08:17.672,CacheGateSessionHandler.cpp,175,(debug),[cg], relay send, client(wid:0) <- cached(wid:7801), tid:0x0000000000000008, sendDataSize:46
2025/02/11-01:09:17.696,CacheGateSessionHandler.cpp,138,(debug),[cg], relay recv, client(wid:0) -> cached(wid:7801), tid:0x0000000000000009, recvDataSize:46
2025/02/11-01:09:17.696,CacheGateSessionHandler.cpp,171,(debug),[cg], relay send, client(wid:0) -> cached(wid:7801), tid:0x0000000000000009, sendDataSize:46
2025/02/11-01:09:17.696,CacheGateSessionHandler.cpp,148,(debug),[cg], relay recv, client(wid:0) <- cached(wid:7801), tid:0x0000000000000009, recvDataSize:46
2025/02/11-01:09:17.696,CacheGateSessionHandler.cpp,175,(debug),[cg], relay send, client(wid:0) <- cached(wid:7801), tid:0x0000000000000009, sendDataSize:46
2025/02/11-01:10:17.683,CacheGateSessionHandler.cpp,138,(debug),[cg], relay recv, client(wid:0) -> cached(wid:7801), tid:0x000000000000000A, recvDataSize:46
2025/02/11-01:10:17.684,CacheGateSessionHandler.cpp,171,(debug),[cg], relay send, client(wid:0) -> cached(wid:7801), tid:0x000000000000000A, sendDataSize:46
2025/02/11-01:10:17.685,CacheGateSessionHandler.cpp,148,(debug),[cg], relay recv, client(wid:0) <- cached(wid:7801), tid:0x000000000000000A, recvDataSize:46
2025/02/11-01:10:17.685,CacheGateSessionHandler.cpp,175,(debug),[cg], relay send, client(wid:0) <- cached(wid:7801), tid:0x000000000000000A, sendDataSize:46
2025/02/11-01:11:17.691,CacheGateSessionHandler.cpp,138,(debug),[cg], relay recv, client(wid:0) -> cached(wid:7801), tid:0x000000000000000B, recvDataSize:46
2025/02/11-01:11:17.692,CacheGateSessionHandler.cpp,171,(debug),[cg], relay send, client(wid:0) -> cached(wid:7801), tid:0x000000000000000B, sendDataSize:46
2025/02/11-01:11:17.694,CacheGateSessionHandler.cpp,148,(debug),[cg], relay recv, client(wid:0) <- cached(wid:7801), tid:0x000000000000000B, recvDataSize:46
2025/02/11-01:11:17.694,CacheGateSessionHandler.cpp,175,(debug),[cg], relay send, client(wid:0) <- cached(wid:7801), tid:0x000000000000000B, sendDataSize:46
2025/02/11-01:12:17.688,CacheGateSessionHandler.cpp,138,(debug),[cg], relay recv, client(wid:0) -> cached(wid:7801), tid:0x000000000000000C, recvDataSize:46
2025/02/11-01:12:17.688,CacheGateSessionHandler.cpp,171,(debug),[cg], relay send, client(wid:0) -> cached(wid:7801), tid:0x000000000000000C, sendDataSize:46
2025/02/11-01:12:17.688,CacheGateSessionHandler.cpp,148,(debug),[cg], relay recv, client(wid:0) <- cached(wid:7801), tid:0x000000000000000C, recvDataSize:46
2025/02/11-01:12:17.688,CacheGateSessionHandler.cpp,175,(debug),[cg], relay send, client(wid:0) <- cached(wid:7801), tid:0x000000000000000C, sendDataSize:46
2025/02/11-01:13:17.683,CacheGateSessionHandler.cpp,138,(debug),[cg], relay recv, client(wid:0) -> cached(wid:7801), tid:0x000000000000000D, recvDataSize:46
2025/02/11-01:13:17.683,CacheGateSessionHandler.cpp,171,(debug),[cg], relay send, client(wid:0) -> cached(wid:7801), tid:0x000000000000000D, sendDataSize:46
2025/02/11-01:13:17.684,CacheGateSessionHandler.cpp,148,(debug),[cg], relay recv, client(wid:0) <- cached(wid:7801), tid:0x000000000000000D, recvDataSize:46
2025/02/11-01:13:17.684,CacheGateSessionHandler.cpp,175,(debug),[cg], relay send, client(wid:0) <- cached(wid:7801), tid:0x000000000000000D, sendDataSize:46
2025/02/11-01:14:17.682,CacheGateSessionHandler.cpp,138,(debug),[cg], relay recv, client(wid:0) -> cached(wid:7801), tid:0x000000000000000E, recvDataSize:46
2025/02/11-01:14:17.682,CacheGateSessionHandler.cpp,171,(debug),[cg], relay send, client(wid:0) -> cached(wid:7801), tid:0x000000000000000E, sendDataSize:46
2025/02/11-01:14:17.683,CacheGateSessionHandler.cpp,148,(debug),[cg], relay recv, client(wid:0) <- cached(wid:7801), tid:0x000000000000000E, recvDataSize:46
2025/02/11-01:14:17.683,CacheGateSessionHandler.cpp,175,(debug),[cg], relay send, client(wid:0) <- cached(wid:7801), tid:0x000000000000000E, sendDataSize:46
2025/02/11-01:15:17.689,CacheGateSessionHandler.cpp,138,(debug),[cg], relay recv, client(wid:0) -> cached(wid:7801), tid:0x000000000000000F, recvDataSize:46
2025/02/11-01:15:17.690,CacheGateSessionHandler.cpp,171,(debug),[cg], relay send, client(wid:0) -> cached(wid:7801), tid:0x000000000000000F, sendDataSize:46
2025/02/11-01:15:17.690,CacheGateSessionHandler.cpp,148,(debug),[cg], relay recv, client(wid:0) <- cached(wid:7801), tid:0x000000000000000F, recvDataSize:46
2025/02/11-01:15:17.690,CacheGateSessionHandler.cpp,175,(debug),[cg], relay send, client(wid:0) <- cached(wid:7801), tid:0x000000000000000F, sendDataSize:46
2025/02/11-01:16:17.671,CacheGateSessionHandler.cpp,138,(debug),[cg], relay recv, client(wid:0) -> cached(wid:7801), tid:0x0000000000000010, recvDataSize:46
2025/02/11-01:16:17.671,CacheGateSessionHandler.cpp,171,(debug),[cg], relay send, client(wid:0) -> cached(wid:7801), tid:0x0000000000000010, sendDataSize:46
2025/02/11-01:16:17.671,CacheGateSessionHandler.cpp,148,(debug),[cg], relay recv, client(wid:0) <- cached(wid:7801), tid:0x0000000000000010, recvDataSize:46
2025/02/11-01:16:17.671,CacheGateSessionHandler.cpp,175,(debug),[cg], relay send, client(wid:0) <- cached(wid:7801), tid:0x0000000000000010, sendDataSize:46
2025/02/11-01:17:17.680,CacheGateSessionHandler.cpp,138,(debug),[cg], relay recv, client(wid:0) -> cached(wid:7801), tid:0x0000000000000011, recvDataSize:46
2025/02/11-01:17:17.681,CacheGateSessionHandler.cpp,171,(debug),[cg], relay send, client(wid:0) -> cached(wid:7801), tid:0x0000000000000011, sendDataSize:46
2025/02/11-01:17:17.681,CacheGateSessionHandler.cpp,148,(debug),[cg], relay recv, client(wid:0) <- cached(wid:7801), tid:0x0000000000000011, recvDataSize:46
2025/02/11-01:17:17.681,CacheGateSessionHandler.cpp,175,(debug),[cg], relay send, client(wid:0) <- cached(wid:7801), tid:0x0000000000000011, sendDataSize:46
2025/02/11-01:18:17.675,CacheGateSessionHandler.cpp,138,(debug),[cg], relay recv, client(wid:0) -> cached(wid:7801), tid:0x0000000000000012, recvDataSize:46
2025/02/11-01:18:17.675,CacheGateSessionHandler.cpp,171,(debug),[cg], relay send, client(wid:0) -> cached(wid:7801), tid:0x0000000000000012, sendDataSize:46
2025/02/11-01:18:17.675,CacheGateSessionHandler.cpp,148,(debug),[cg], relay recv, client(wid:0) <- cached(wid:7801), tid:0x0000000000000012, recvDataSize:46
2025/02/11-01:18:17.675,CacheGateSessionHandler.cpp,175,(debug),[cg], relay send, client(wid:0) <- cached(wid:7801), tid:0x0000000000000012, sendDataSize:46
2025/02/11-01:19:17.684,CacheGateSessionHandler.cpp,138,(debug),[cg], relay recv, client(wid:0) -> cached(wid:7801), tid:0x0000000000000013, recvDataSize:46
2025/02/11-01:19:17.684,CacheGateSessionHandler.cpp,171,(debug),[cg], relay send, client(wid:0) -> cached(wid:7801), tid:0x0000000000000013, sendDataSize:46
2025/02/11-01:19:17.685,CacheGateSessionHandler.cpp,148,(debug),[cg], relay recv, client(wid:0) <- cached(wid:7801), tid:0x0000000000000013, recvDataSize:46
2025/02/11-01:19:17.685,CacheGateSessionHandler.cpp,175,(debug),[cg], relay send, client(wid:0) <- cached(wid:7801), tid:0x0000000000000013, sendDataSize:46
2025/02/11-01:20:17.680,CacheGateSessionHandler.cpp,138,(debug),[cg], relay recv, client(wid:0) -> cached(wid:7801), tid:0x0000000000000014, recvDataSize:46
2025/02/11-01:20:17.680,CacheGateSessionHandler.cpp,171,(debug),[cg], relay send, client(wid:0) -> cached(wid:7801), tid:0x0000000000000014, sendDataSize:46
2025/02/11-01:20:17.681,CacheGateSessionHandler.cpp,148,(debug),[cg], relay recv, client(wid:0) <- cached(wid:7801), tid:0x0000000000000014, recvDataSize:46
2025/02/11-01:20:17.681,CacheGateSessionHandler.cpp,175,(debug),[cg], relay send, client(wid:0) <- cached(wid:7801), tid:0x0000000000000014, sendDataSize:46
2025/02/11-01:21:17.695,CacheGateSessionHandler.cpp,138,(debug),[cg], relay recv, client(wid:0) -> cached(wid:7801), tid:0x0000000000000015, recvDataSize:46
2025/02/11-01:21:17.695,CacheGateSessionHandler.cpp,171,(debug),[cg], relay send, client(wid:0) -> cached(wid:7801), tid:0x0000000000000015, sendDataSize:46
2025/02/11-01:21:17.695,CacheGateSessionHandler.cpp,148,(debug),[cg], relay recv, client(wid:0) <- cached(wid:7801), tid:0x0000000000000015, recvDataSize:46
2025/02/11-01:21:17.695,CacheGateSessionHandler.cpp,175,(debug),[cg], relay send, client(wid:0) <- cached(wid:7801), tid:0x0000000000000015, sendDataSize:46
2025/02/11-01:22:17.684,CacheGateSessionHandler.cpp,138,(debug),[cg], relay recv, client(wid:0) -> cached(wid:7801), tid:0x0000000000000016, recvDataSize:46
2025/02/11-01:22:17.684,CacheGateSessionHandler.cpp,171,(debug),[cg], relay send, client(wid:0) -> cached(wid:7801), tid:0x0000000000000016, sendDataSize:46
2025/02/11-01:22:17.685,CacheGateSessionHandler.cpp,148,(debug),[cg], relay recv, client(wid:0) <- cached(wid:7801), tid:0x0000000000000016, recvDataSize:46
2025/02/11-01:22:17.685,CacheGateSessionHandler.cpp,175,(debug),[cg], relay send, client(wid:0) <- cached(wid:7801), tid:0x0000000000000016, sendDataSize:46
2025/02/11-01:23:17.686,CacheGateSessionHandler.cpp,138,(debug),[cg], relay recv, client(wid:0) -> cached(wid:7801), tid:0x0000000000000017, recvDataSize:46
2025/02/11-01:23:17.686,CacheGateSessionHandler.cpp,171,(debug),[cg], relay send, client(wid:0) -> cached(wid:7801), tid:0x0000000000000017, sendDataSize:46
2025/02/11-01:23:17.686,CacheGateSessionHandler.cpp,148,(debug),[cg], relay recv, client(wid:0) <- cached(wid:7801), tid:0x0000000000000017, recvDataSize:46
2025/02/11-01:23:17.686,CacheGateSessionHandler.cpp,175,(debug),[cg], relay send, client(wid:0) <- cached(wid:7801), tid:0x0000000000000017, sendDataSize:46
2025/02/11-01:24:17.695,CacheGateSessionHandler.cpp,138,(debug),[cg], relay recv, client(wid:0) -> cached(wid:7801), tid:0x0000000000000018, recvDataSize:46
2025/02/11-01:24:17.695,CacheGateSessionHandler.cpp,171,(debug),[cg], relay send, client(wid:0) -> cached(wid:7801), tid:0x0000000000000018, sendDataSize:46
2025/02/11-01:24:17.695,CacheGateSessionHandler.cpp,148,(debug),[cg], relay recv, client(wid:0) <- cached(wid:7801), tid:0x0000000000000018, recvDataSize:46
2025/02/11-01:24:17.695,CacheGateSessionHandler.cpp,175,(debug),[cg], relay send, client(wid:0) <- cached(wid:7801), tid:0x0000000000000018, sendDataSize:46
2025/02/11-01:25:17.684,CacheGateSessionHandler.cpp,138,(debug),[cg], relay recv, client(wid:0) -> cached(wid:7801), tid:0x0000000000000019, recvDataSize:46
2025/02/11-01:25:17.684,CacheGateSessionHandler.cpp,171,(debug),[cg], relay send, client(wid:0) -> cached(wid:7801), tid:0x0000000000000019, sendDataSize:46
2025/02/11-01:25:17.684,CacheGateSessionHandler.cpp,148,(debug),[cg], relay recv, client(wid:0) <- cached(wid:7801), tid:0x0000000000000019, recvDataSize:46
2025/02/11-01:25:17.684,CacheGateSessionHandler.cpp,175,(debug),[cg], relay send, client(wid:0) <- cached(wid:7801), tid:0x0000000000000019, sendDataSize:46
2025/02/11-01:26:17.695,CacheGateSessionHandler.cpp,138,(debug),[cg], relay recv, client(wid:0) -> cached(wid:7801), tid:0x000000000000001A, recvDataSize:46
2025/02/11-01:26:17.695,CacheGateSessionHandler.cpp,171,(debug),[cg], relay send, client(wid:0) -> cached(wid:7801), tid:0x000000000000001A, sendDataSize:46
2025/02/11-01:26:17.695,CacheGateSessionHandler.cpp,148,(debug),[cg], relay recv, client(wid:0) <- cached(wid:7801), tid:0x000000000000001A, recvDataSize:46
2025/02/11-01:26:17.695,CacheGateSessionHandler.cpp,175,(debug),[cg], relay send, client(wid:0) <- cached(wid:7801), tid:0x000000000000001A, sendDataSize:46
2025/02/11-01:27:17.676,CacheGateSessionHandler.cpp,138,(debug),[cg], relay recv, client(wid:0) -> cached(wid:7801), tid:0x000000000000001B, recvDataSize:46
2025/02/11-01:27:17.676,CacheGateSessionHandler.cpp,171,(debug),[cg], relay send, client(wid:0) -> cached(wid:7801), tid:0x000000000000001B, sendDataSize:46
2025/02/11-01:27:17.676,CacheGateSessionHandler.cpp,148,(debug),[cg], relay recv, client(wid:0) <- cached(wid:7801), tid:0x000000000000001B, recvDataSize:46
2025/02/11-01:27:17.676,CacheGateSessionHandler.cpp,175,(debug),[cg], relay send, client(wid:0) <- cached(wid:7801), tid:0x000000000000001B, sendDataSize:46
2025/02/11-01:28:17.677,CacheGateSessionHandler.cpp,138,(debug),[cg], relay recv, client(wid:0) -> cached(wid:7801), tid:0x000000000000001C, recvDataSize:46
2025/02/11-01:28:17.677,CacheGateSessionHandler.cpp,171,(debug),[cg], relay send, client(wid:0) -> cached(wid:7801), tid:0x000000000000001C, sendDataSize:46
2025/02/11-01:28:17.677,CacheGateSessionHandler.cpp,148,(debug),[cg], relay recv, client(wid:0) <- cached(wid:7801), tid:0x000000000000001C, recvDataSize:46
2025/02/11-01:28:17.677,CacheGateSessionHandler.cpp,175,(debug),[cg], relay send, client(wid:0) <- cached(wid:7801), tid:0x000000000000001C, sendDataSize:46
2025/02/11-01:29:17.679,CacheGateSessionHandler.cpp,138,(debug),[cg], relay recv, client(wid:0) -> cached(wid:7801), tid:0x000000000000001D, recvDataSize:46
2025/02/11-01:29:17.679,CacheGateSessionHandler.cpp,171,(debug),[cg], relay send, client(wid:0) -> cached(wid:7801), tid:0x000000000000001D, sendDataSize:46
2025/02/11-01:29:17.679,CacheGateSessionHandler.cpp,148,(debug),[cg], relay recv, client(wid:0) <- cached(wid:7801), tid:0x000000000000001D, recvDataSize:46
2025/02/11-01:29:17.679,CacheGateSessionHandler.cpp,175,(debug),[cg], relay send, client(wid:0) <- cached(wid:7801), tid:0x000000000000001D, sendDataSize:46
2025/02/11-01:30:17.696,CacheGateSessionHandler.cpp,138,(debug),[cg], relay recv, client(wid:0) -> cached(wid:7801), tid:0x000000000000001E, recvDataSize:46
2025/02/11-01:30:17.696,CacheGateSessionHandler.cpp,171,(debug),[cg], relay send, client(wid:0) -> cached(wid:7801), tid:0x000000000000001E, sendDataSize:46
2025/02/11-01:30:17.696,CacheGateSessionHandler.cpp,148,(debug),[cg], relay recv, client(wid:0) <- cached(wid:7801), tid:0x000000000000001E, recvDataSize:46
2025/02/11-01:30:17.696,CacheGateSessionHandler.cpp,175,(debug),[cg], relay send, client(wid:0) <- cached(wid:7801), tid:0x000000000000001E, sendDataSize:46
2025/02/11-01:31:17.677,CacheGateSessionHandler.cpp,138,(debug),[cg], relay recv, client(wid:0) -> cached(wid:7801), tid:0x000000000000001F, recvDataSize:46
2025/02/11-01:31:17.677,CacheGateSessionHandler.cpp,171,(debug),[cg], relay send, client(wid:0) -> cached(wid:7801), tid:0x000000000000001F, sendDataSize:46
2025/02/11-01:31:17.677,CacheGateSessionHandler.cpp,148,(debug),[cg], relay recv, client(wid:0) <- cached(wid:7801), tid:0x000000000000001F, recvDataSize:46
2025/02/11-01:31:17.677,CacheGateSessionHandler.cpp,175,(debug),[cg], relay send, client(wid:0) <- cached(wid:7801), tid:0x000000000000001F, sendDataSize:46
2025/02/11-01:32:17.683,CacheGateSessionHandler.cpp,138,(debug),[cg], relay recv, client(wid:0) -> cached(wid:7801), tid:0x0000000000000020, recvDataSize:46
2025/02/11-01:32:17.683,CacheGateSessionHandler.cpp,171,(debug),[cg], relay send, client(wid:0) -> cached(wid:7801), tid:0x0000000000000020, sendDataSize:46
2025/02/11-01:32:17.683,CacheGateSessionHandler.cpp,148,(debug),[cg], relay recv, client(wid:0) <- cached(wid:7801), tid:0x0000000000000020, recvDataSize:46
2025/02/11-01:32:17.683,CacheGateSessionHandler.cpp,175,(debug),[cg], relay send, client(wid:0) <- cached(wid:7801), tid:0x0000000000000020, sendDataSize:46
2025/02/11-01:33:17.686,CacheGateSessionHandler.cpp,138,(debug),[cg], relay recv, client(wid:0) -> cached(wid:7801), tid:0x0000000000000021, recvDataSize:46
2025/02/11-01:33:17.686,CacheGateSessionHandler.cpp,171,(debug),[cg], relay send, client(wid:0) -> cached(wid:7801), tid:0x0000000000000021, sendDataSize:46
2025/02/11-01:33:17.686,CacheGateSessionHandler.cpp,148,(debug),[cg], relay recv, client(wid:0) <- cached(wid:7801), tid:0x0000000000000021, recvDataSize:46
2025/02/11-01:33:17.687,CacheGateSessionHandler.cpp,175,(debug),[cg], relay send, client(wid:0) <- cached(wid:7801), tid:0x0000000000000021, sendDataSize:46
2025/02/11-01:34:17.686,CacheGateSessionHandler.cpp,138,(debug),[cg], relay recv, client(wid:0) -> cached(wid:7801), tid:0x0000000000000022, recvDataSize:46
2025/02/11-01:34:17.686,CacheGateSessionHandler.cpp,171,(debug),[cg], relay send, client(wid:0) -> cached(wid:7801), tid:0x0000000000000022, sendDataSize:46
2025/02/11-01:34:17.686,CacheGateSessionHandler.cpp,148,(debug),[cg], relay recv, client(wid:0) <- cached(wid:7801), tid:0x0000000000000022, recvDataSize:46
2025/02/11-01:34:17.686,CacheGateSessionHandler.cpp,175,(debug),[cg], relay send, client(wid:0) <- cached(wid:7801), tid:0x0000000000000022, sendDataSize:46
2025/02/11-01:35:17.695,CacheGateSessionHandler.cpp,138,(debug),[cg], relay recv, client(wid:0) -> cached(wid:7801), tid:0x0000000000000023, recvDataSize:46
2025/02/11-01:35:17.695,CacheGateSessionHandler.cpp,171,(debug),[cg], relay send, client(wid:0) -> cached(wid:7801), tid:0x0000000000000023, sendDataSize:46
2025/02/11-01:35:17.696,CacheGateSessionHandler.cpp,148,(debug),[cg], relay recv, client(wid:0) <- cached(wid:7801), tid:0x0000000000000023, recvDataSize:46
2025/02/11-01:35:17.696,CacheGateSessionHandler.cpp,175,(debug),[cg], relay send, client(wid:0) <- cached(wid:7801), tid:0x0000000000000023, sendDataSize:46
2025/02/11-01:36:17.679,CacheGateSessionHandler.cpp,138,(debug),[cg], relay recv, client(wid:0) -> cached(wid:7801), tid:0x0000000000000024, recvDataSize:46
2025/02/11-01:36:17.679,CacheGateSessionHandler.cpp,171,(debug),[cg], relay send, client(wid:0) -> cached(wid:7801), tid:0x0000000000000024, sendDataSize:46
2025/02/11-01:36:17.679,CacheGateSessionHandler.cpp,148,(debug),[cg], relay recv, client(wid:0) <- cached(wid:7801), tid:0x0000000000000024, recvDataSize:46
2025/02/11-01:36:17.679,CacheGateSessionHandler.cpp,175,(debug),[cg], relay send, client(wid:0) <- cached(wid:7801), tid:0x0000000000000024, sendDataSize:46
2025/02/11-01:37:17.690,CacheGateSessionHandler.cpp,138,(debug),[cg], relay recv, client(wid:0) -> cached(wid:7801), tid:0x0000000000000025, recvDataSize:46
2025/02/11-01:37:17.690,CacheGateSessionHandler.cpp,171,(debug),[cg], relay send, client(wid:0) -> cached(wid:7801), tid:0x0000000000000025, sendDataSize:46
2025/02/11-01:37:17.690,CacheGateSessionHandler.cpp,148,(debug),[cg], relay recv, client(wid:0) <- cached(wid:7801), tid:0x0000000000000025, recvDataSize:46
2025/02/11-01:37:17.691,CacheGateSessionHandler.cpp,175,(debug),[cg], relay send, client(wid:0) <- cached(wid:7801), tid:0x0000000000000025, sendDataSize:46
2025/02/11-01:38:17.679,CacheGateSessionHandler.cpp,138,(debug),[cg], relay recv, client(wid:0) -> cached(wid:7801), tid:0x0000000000000026, recvDataSize:46
2025/02/11-01:38:17.679,CacheGateSessionHandler.cpp,171,(debug),[cg], relay send, client(wid:0) -> cached(wid:7801), tid:0x0000000000000026, sendDataSize:46
2025/02/11-01:38:17.679,CacheGateSessionHandler.cpp,148,(debug),[cg], relay recv, client(wid:0) <- cached(wid:7801), tid:0x0000000000000026, recvDataSize:46
2025/02/11-01:38:17.679,CacheGateSessionHandler.cpp,175,(debug),[cg], relay send, client(wid:0) <- cached(wid:7801), tid:0x0000000000000026, sendDataSize:46
2025/02/11-01:39:17.681,CacheGateSessionHandler.cpp,138,(debug),[cg], relay recv, client(wid:0) -> cached(wid:7801), tid:0x0000000000000027, recvDataSize:46
2025/02/11-01:39:17.681,CacheGateSessionHandler.cpp,171,(debug),[cg], relay send, client(wid:0) -> cached(wid:7801), tid:0x0000000000000027, sendDataSize:46
2025/02/11-01:39:17.681,CacheGateSessionHandler.cpp,148,(debug),[cg], relay recv, client(wid:0) <- cached(wid:7801), tid:0x0000000000000027, recvDataSize:46
2025/02/11-01:39:17.681,CacheGateSessionHandler.cpp,175,(debug),[cg], relay send, client(wid:0) <- cached(wid:7801), tid:0x0000000000000027, sendDataSize:46
2025/02/11-01:40:17.687,CacheGateSessionHandler.cpp,138,(debug),[cg], relay recv, client(wid:0) -> cached(wid:7801), tid:0x0000000000000028, recvDataSize:46
2025/02/11-01:40:17.687,CacheGateSessionHandler.cpp,171,(debug),[cg], relay send, client(wid:0) -> cached(wid:7801), tid:0x0000000000000028, sendDataSize:46
2025/02/11-01:40:17.690,CacheGateSessionHandler.cpp,148,(debug),[cg], relay recv, client(wid:0) <- cached(wid:7801), tid:0x0000000000000028, recvDataSize:46
2025/02/11-01:40:17.690,CacheGateSessionHandler.cpp,175,(debug),[cg], relay send, client(wid:0) <- cached(wid:7801), tid:0x0000000000000028, sendDataSize:46
2025/02/11-01:41:17.687,CacheGateSessionHandler.cpp,138,(debug),[cg], relay recv, client(wid:0) -> cached(wid:7801), tid:0x0000000000000029, recvDataSize:46
2025/02/11-01:41:17.687,CacheGateSessionHandler.cpp,171,(debug),[cg], relay send, client(wid:0) -> cached(wid:7801), tid:0x0000000000000029, sendDataSize:46
2025/02/11-01:41:17.687,CacheGateSessionHandler.cpp,148,(debug),[cg], relay recv, client(wid:0) <- cached(wid:7801), tid:0x0000000000000029, recvDataSize:46
2025/02/11-01:41:17.687,CacheGateSessionHandler.cpp,175,(debug),[cg], relay send, client(wid:0) <- cached(wid:7801), tid:0x0000000000000029, sendDataSize:46
2025/02/11-01:42:17.683,CacheGateSessionHandler.cpp,138,(debug),[cg], relay recv, client(wid:0) -> cached(wid:7801), tid:0x000000000000002A, recvDataSize:46
2025/02/11-01:42:17.684,CacheGateSessionHandler.cpp,171,(debug),[cg], relay send, client(wid:0) -> cached(wid:7801), tid:0x000000000000002A, sendDataSize:46
2025/02/11-01:42:17.684,CacheGateSessionHandler.cpp,148,(debug),[cg], relay recv, client(wid:0) <- cached(wid:7801), tid:0x000000000000002A, recvDataSize:46
2025/02/11-01:42:17.684,CacheGateSessionHandler.cpp,175,(debug),[cg], relay send, client(wid:0) <- cached(wid:7801), tid:0x000000000000002A, sendDataSize:46
2025/02/11-01:43:17.689,CacheGateSessionHandler.cpp,138,(debug),[cg], relay recv, client(wid:0) -> cached(wid:7801), tid:0x000000000000002B, recvDataSize:46
2025/02/11-01:43:17.689,CacheGateSessionHandler.cpp,171,(debug),[cg], relay send, client(wid:0) -> cached(wid:7801), tid:0x000000000000002B, sendDataSize:46
2025/02/11-01:43:17.690,CacheGateSessionHandler.cpp,148,(debug),[cg], relay recv, client(wid:0) <- cached(wid:7801), tid:0x000000000000002B, recvDataSize:46
2025/02/11-01:43:17.690,CacheGateSessionHandler.cpp,175,(debug),[cg], relay send, client(wid:0) <- cached(wid:7801), tid:0x000000000000002B, sendDataSize:46
2025/02/11-01:44:17.684,CacheGateSessionHandler.cpp,138,(debug),[cg], relay recv, client(wid:0) -> cached(wid:7801), tid:0x000000000000002C, recvDataSize:46
2025/02/11-01:44:17.684,CacheGateSessionHandler.cpp,171,(debug),[cg], relay send, client(wid:0) -> cached(wid:7801), tid:0x000000000000002C, sendDataSize:46
2025/02/11-01:44:17.684,CacheGateSessionHandler.cpp,148,(debug),[cg], relay recv, client(wid:0) <- cached(wid:7801), tid:0x000000000000002C, recvDataSize:46
2025/02/11-01:44:17.684,CacheGateSessionHandler.cpp,175,(debug),[cg], relay send, client(wid:0) <- cached(wid:7801), tid:0x000000000000002C, sendDataSize:46
2025/02/11-01:45:17.700,CacheGateSessionHandler.cpp,138,(debug),[cg], relay recv, client(wid:0) -> cached(wid:7801), tid:0x000000000000002D, recvDataSize:46
2025/02/11-01:45:17.700,CacheGateSessionHandler.cpp,171,(debug),[cg], relay send, client(wid:0) -> cached(wid:7801), tid:0x000000000000002D, sendDataSize:46
2025/02/11-01:45:17.700,CacheGateSessionHandler.cpp,148,(debug),[cg], relay recv, client(wid:0) <- cached(wid:7801), tid:0x000000000000002D, recvDataSize:46
2025/02/11-01:45:17.700,CacheGateSessionHandler.cpp,175,(debug),[cg], relay send, client(wid:0) <- cached(wid:7801), tid:0x000000000000002D, sendDataSize:46
2025/02/11-01:46:17.685,CacheGateSessionHandler.cpp,138,(debug),[cg], relay recv, client(wid:0) -> cached(wid:7801), tid:0x000000000000002E, recvDataSize:46
2025/02/11-01:46:17.685,CacheGateSessionHandler.cpp,171,(debug),[cg], relay send, client(wid:0) -> cached(wid:7801), tid:0x000000000000002E, sendDataSize:46
2025/02/11-01:46:17.685,CacheGateSessionHandler.cpp,148,(debug),[cg], relay recv, client(wid:0) <- cached(wid:7801), tid:0x000000000000002E, recvDataSize:46
2025/02/11-01:46:17.685,CacheGateSessionHandler.cpp,175,(debug),[cg], relay send, client(wid:0) <- cached(wid:7801), tid:0x000000000000002E, sendDataSize:46
2025/02/11-01:47:17.683,CacheGateSessionHandler.cpp,138,(debug),[cg], relay recv, client(wid:0) -> cached(wid:7801), tid:0x000000000000002F, recvDataSize:46
2025/02/11-01:47:17.683,CacheGateSessionHandler.cpp,171,(debug),[cg], relay send, client(wid:0) -> cached(wid:7801), tid:0x000000000000002F, sendDataSize:46
2025/02/11-01:47:17.683,CacheGateSessionHandler.cpp,148,(debug),[cg], relay recv, client(wid:0) <- cached(wid:7801), tid:0x000000000000002F, recvDataSize:46
2025/02/11-01:47:17.683,CacheGateSessionHandler.cpp,175,(debug),[cg], relay send, client(wid:0) <- cached(wid:7801), tid:0x000000000000002F, sendDataSize:46
2025/02/11-01:48:17.679,CacheGateSessionHandler.cpp,138,(debug),[cg], relay recv, client(wid:0) -> cached(wid:7801), tid:0x0000000000000030, recvDataSize:46
2025/02/11-01:48:17.679,CacheGateSessionHandler.cpp,171,(debug),[cg], relay send, client(wid:0) -> cached(wid:7801), tid:0x0000000000000030, sendDataSize:46
2025/02/11-01:48:17.679,CacheGateSessionHandler.cpp,148,(debug),[cg], relay recv, client(wid:0) <- cached(wid:7801), tid:0x0000000000000030, recvDataSize:46
2025/02/11-01:48:17.679,CacheGateSessionHandler.cpp,175,(debug),[cg], relay send, client(wid:0) <- cached(wid:7801), tid:0x0000000000000030, sendDataSize:46
2025/02/11-01:49:17.678,CacheGateSessionHandler.cpp,138,(debug),[cg], relay recv, client(wid:0) -> cached(wid:7801), tid:0x0000000000000031, recvDataSize:46
2025/02/11-01:49:17.678,CacheGateSessionHandler.cpp,171,(debug),[cg], relay send, client(wid:0) -> cached(wid:7801), tid:0x0000000000000031, sendDataSize:46
2025/02/11-01:49:17.678,CacheGateSessionHandler.cpp,148,(debug),[cg], relay recv, client(wid:0) <- cached(wid:7801), tid:0x0000000000000031, recvDataSize:46
2025/02/11-01:49:17.678,CacheGateSessionHandler.cpp,175,(debug),[cg], relay send, client(wid:0) <- cached(wid:7801), tid:0x0000000000000031, sendDataSize:46
2025/02/11-01:50:17.691,CacheGateSessionHandler.cpp,138,(debug),[cg], relay recv, client(wid:0) -> cached(wid:7801), tid:0x0000000000000032, recvDataSize:46
2025/02/11-01:50:17.691,CacheGateSessionHandler.cpp,171,(debug),[cg], relay send, client(wid:0) -> cached(wid:7801), tid:0x0000000000000032, sendDataSize:46
2025/02/11-01:50:17.691,CacheGateSessionHandler.cpp,148,(debug),[cg], relay recv, client(wid:0) <- cached(wid:7801), tid:0x0000000000000032, recvDataSize:46
2025/02/11-01:50:17.691,CacheGateSessionHandler.cpp,175,(debug),[cg], relay send, client(wid:0) <- cached(wid:7801), tid:0x0000000000000032, sendDataSize:46
2025/02/11-01:51:17.692,CacheGateSessionHandler.cpp,138,(debug),[cg], relay recv, client(wid:0) -> cached(wid:7801), tid:0x0000000000000033, recvDataSize:46
2025/02/11-01:51:17.692,CacheGateSessionHandler.cpp,171,(debug),[cg], relay send, client(wid:0) -> cached(wid:7801), tid:0x0000000000000033, sendDataSize:46
2025/02/11-01:51:17.692,CacheGateSessionHandler.cpp,148,(debug),[cg], relay recv, client(wid:0) <- cached(wid:7801), tid:0x0000000000000033, recvDataSize:46
2025/02/11-01:51:17.692,CacheGateSessionHandler.cpp,175,(debug),[cg], relay send, client(wid:0) <- cached(wid:7801), tid:0x0000000000000033, sendDataSize:46
2025/02/11-01:52:17.676,CacheGateSessionHandler.cpp,138,(debug),[cg], relay recv, client(wid:0) -> cached(wid:7801), tid:0x0000000000000034, recvDataSize:46
2025/02/11-01:52:17.676,CacheGateSessionHandler.cpp,171,(debug),[cg], relay send, client(wid:0) -> cached(wid:7801), tid:0x0000000000000034, sendDataSize:46
2025/02/11-01:52:17.676,CacheGateSessionHandler.cpp,148,(debug),[cg], relay recv, client(wid:0) <- cached(wid:7801), tid:0x0000000000000034, recvDataSize:46
2025/02/11-01:52:17.676,CacheGateSessionHandler.cpp,175,(debug),[cg], relay send, client(wid:0) <- cached(wid:7801), tid:0x0000000000000034, sendDataSize:46
2025/02/11-01:53:17.682,CacheGateSessionHandler.cpp,138,(debug),[cg], relay recv, client(wid:0) -> cached(wid:7801), tid:0x0000000000000035, recvDataSize:46
2025/02/11-01:53:17.682,CacheGateSessionHandler.cpp,171,(debug),[cg], relay send, client(wid:0) -> cached(wid:7801), tid:0x0000000000000035, sendDataSize:46
2025/02/11-01:53:17.682,CacheGateSessionHandler.cpp,148,(debug),[cg], relay recv, client(wid:0) <- cached(wid:7801), tid:0x0000000000000035, recvDataSize:46
2025/02/11-01:53:17.682,CacheGateSessionHandler.cpp,175,(debug),[cg], relay send, client(wid:0) <- cached(wid:7801), tid:0x0000000000000035, sendDataSize:46
2025/02/11-01:54:17.683,CacheGateSessionHandler.cpp,138,(debug),[cg], relay recv, client(wid:0) -> cached(wid:7801), tid:0x0000000000000036, recvDataSize:46
2025/02/11-01:54:17.684,CacheGateSessionHandler.cpp,171,(debug),[cg], relay send, client(wid:0) -> cached(wid:7801), tid:0x0000000000000036, sendDataSize:46
2025/02/11-01:54:17.684,CacheGateSessionHandler.cpp,148,(debug),[cg], relay recv, client(wid:0) <- cached(wid:7801), tid:0x0000000000000036, recvDataSize:46
2025/02/11-01:54:17.684,CacheGateSessionHandler.cpp,175,(debug),[cg], relay send, client(wid:0) <- cached(wid:7801), tid:0x0000000000000036, sendDataSize:46
2025/02/11-01:55:17.682,CacheGateSessionHandler.cpp,138,(debug),[cg], relay recv, client(wid:0) -> cached(wid:7801), tid:0x0000000000000037, recvDataSize:46
2025/02/11-01:55:17.682,CacheGateSessionHandler.cpp,171,(debug),[cg], relay send, client(wid:0) -> cached(wid:7801), tid:0x0000000000000037, sendDataSize:46
2025/02/11-01:55:17.682,CacheGateSessionHandler.cpp,148,(debug),[cg], relay recv, client(wid:0) <- cached(wid:7801), tid:0x0000000000000037, recvDataSize:46
2025/02/11-01:55:17.682,CacheGateSessionHandler.cpp,175,(debug),[cg], relay send, client(wid:0) <- cached(wid:7801), tid:0x0000000000000037, sendDataSize:46
2025/02/11-01:56:17.684,CacheGateSessionHandler.cpp,138,(debug),[cg], relay recv, client(wid:0) -> cached(wid:7801), tid:0x0000000000000038, recvDataSize:46
2025/02/11-01:56:17.684,CacheGateSessionHandler.cpp,171,(debug),[cg], relay send, client(wid:0) -> cached(wid:7801), tid:0x0000000000000038, sendDataSize:46
2025/02/11-01:56:17.684,CacheGateSessionHandler.cpp,148,(debug),[cg], relay recv, client(wid:0) <- cached(wid:7801), tid:0x0000000000000038, recvDataSize:46
2025/02/11-01:56:17.684,CacheGateSessionHandler.cpp,175,(debug),[cg], relay send, client(wid:0) <- cached(wid:7801), tid:0x0000000000000038, sendDataSize:46
2025/02/11-01:57:17.680,CacheGateSessionHandler.cpp,138,(debug),[cg], relay recv, client(wid:0) -> cached(wid:7801), tid:0x0000000000000039, recvDataSize:46
2025/02/11-01:57:17.680,CacheGateSessionHandler.cpp,171,(debug),[cg], relay send, client(wid:0) -> cached(wid:7801), tid:0x0000000000000039, sendDataSize:46
2025/02/11-01:57:17.680,CacheGateSessionHandler.cpp,148,(debug),[cg], relay recv, client(wid:0) <- cached(wid:7801), tid:0x0000000000000039, recvDataSize:46
2025/02/11-01:57:17.680,CacheGateSessionHandler.cpp,175,(debug),[cg], relay send, client(wid:0) <- cached(wid:7801), tid:0x0000000000000039, sendDataSize:46
2025/02/11-01:58:17.681,CacheGateSessionHandler.cpp,138,(debug),[cg], relay recv, client(wid:0) -> cached(wid:7801), tid:0x000000000000003A, recvDataSize:46
2025/02/11-01:58:17.681,CacheGateSessionHandler.cpp,171,(debug),[cg], relay send, client(wid:0) -> cached(wid:7801), tid:0x000000000000003A, sendDataSize:46
2025/02/11-01:58:17.681,CacheGateSessionHandler.cpp,148,(debug),[cg], relay recv, client(wid:0) <- cached(wid:7801), tid:0x000000000000003A, recvDataSize:46
2025/02/11-01:58:17.681,CacheGateSessionHandler.cpp,175,(debug),[cg], relay send, client(wid:0) <- cached(wid:7801), tid:0x000000000000003A, sendDataSize:46
2025/02/11-01:59:17.681,CacheGateSessionHandler.cpp,138,(debug),[cg], relay recv, client(wid:0) -> cached(wid:7801), tid:0x000000000000003B, recvDataSize:46
2025/02/11-01:59:17.681,CacheGateSessionHandler.cpp,171,(debug),[cg], relay send, client(wid:0) -> cached(wid:7801), tid:0x000000000000003B, sendDataSize:46
2025/02/11-01:59:17.681,CacheGateSessionHandler.cpp,148,(debug),[cg], relay recv, client(wid:0) <- cached(wid:7801), tid:0x000000000000003B, recvDataSize:46
2025/02/11-01:59:17.681,CacheGateSessionHandler.cpp,175,(debug),[cg], relay send, client(wid:0) <- cached(wid:7801), tid:0x000000000000003B, sendDataSize:46
