2025/02/11-01:01:32.063,Daemon.cpp,483,(debug),[achievement-daemon], Starting, daemon: Blade&Soul OuterWorld AchievementDaemon, version: 0.0.210.567, desc: Blade&Soul OuterWorld AchievementDaemon
2025/02/11-01:01:32.063,Daemon.cpp,484,(debug),[achievement-daemon], Network Configuration, daemon: Blade&Soul OuterWorld AchievementDaemon, hostname: DESKTOP-K8DLTUB, public: 0.0.0.0, internal: 192.168.1.8
2025/02/11-01:02:00.885,AchievementSessionHandler.cpp,323,(debug),[daemon-list], dump, cluster-id:7801, ip:192.168.1.8
2025/02/11-01:02:00.887,AchievementSessionHandler.cpp,323,(debug),[daemon-list], dump, cluster-id:17801, ip:192.168.1.8
2025/02/11-01:02:00.889,AchievementSessionHandler.cpp,323,(debug),[daemon-list], dump, cluster-id:17802, ip:192.168.1.8
2025/02/11-01:02:01.955,AchievementDaemon.cpp,328,(debug),[achievement-daemon], network initialize ok.
2025/02/11-01:02:01.955,AchievementDaemon.cpp,334,(debug),[achievement-daemon], start
2025/02/11-01:02:01.956,Daemon.cpp,530,(debug),[achievement-daemon], start, daemon: Blade&Soul OuterWorld AchievementDaemon, version: 0.0.210.567, loading time: 29937
2025/02/11-01:07:35.021,Port.cpp,648,(debug),[session], created, port-id:1, session-id:100000001, session:0000000002D60000
2025/02/11-01:07:35.021,AchievementSessionHandler.cpp,86,(debug),[achievement-game], session accepted, session-id:0x100000001
2025/02/11-01:07:35.021,Session.cpp,471,(debug),[session], accepted from, port id: 1, session id:100000001, this:0000000002D60000, ip:192.168.1.8, port:57030, socket:00000000000005D8
2025/02/11-01:07:35.056,AchievementSessionHandler.cpp,600,(debug),[achievement-game], hello success, session:0x100000001, cluster-id:7801
2025/02/11-01:07:37.097,AchievementSessionHandler.cpp,627,(debug),[achievement-game], ping received, cluster-id:7801, count:1
2025/02/11-01:07:47.012,AchievementSessionHandler.cpp,627,(debug),[achievement-game], ping received, cluster-id:7801, count:2
2025/02/11-01:07:57.022,AchievementSessionHandler.cpp,627,(debug),[achievement-game], ping received, cluster-id:7801, count:3
2025/02/11-01:08:07.026,AchievementSessionHandler.cpp,627,(debug),[achievement-game], ping received, cluster-id:7801, count:4
2025/02/11-01:08:17.014,AchievementSessionHandler.cpp,627,(debug),[achievement-game], ping received, cluster-id:7801, count:5
2025/02/11-01:08:27.345,AchievementSessionHandler.cpp,627,(debug),[achievement-game], ping received, cluster-id:7801, count:6
2025/02/11-01:08:37.210,AchievementSessionHandler.cpp,627,(debug),[achievement-game], ping received, cluster-id:7801, count:7
2025/02/11-01:08:47.220,AchievementSessionHandler.cpp,627,(debug),[achievement-game], ping received, cluster-id:7801, count:8
2025/02/11-01:08:57.214,AchievementSessionHandler.cpp,627,(debug),[achievement-game], ping received, cluster-id:7801, count:9
2025/02/11-01:09:07.197,AchievementSessionHandler.cpp,627,(debug),[achievement-game], ping received, cluster-id:7801, count:10
2025/02/11-01:09:17.210,AchievementSessionHandler.cpp,627,(debug),[achievement-game], ping received, cluster-id:7801, count:11
2025/02/11-01:09:27.210,AchievementSessionHandler.cpp,627,(debug),[achievement-game], ping received, cluster-id:7801, count:12
2025/02/11-01:09:37.198,AchievementSessionHandler.cpp,627,(debug),[achievement-game], ping received, cluster-id:7801, count:13
2025/02/11-01:09:47.217,AchievementSessionHandler.cpp,627,(debug),[achievement-game], ping received, cluster-id:7801, count:14
2025/02/11-01:09:57.206,AchievementSessionHandler.cpp,627,(debug),[achievement-game], ping received, cluster-id:7801, count:15
2025/02/11-01:10:07.200,AchievementSessionHandler.cpp,627,(debug),[achievement-game], ping received, cluster-id:7801, count:16
2025/02/11-01:10:17.212,AchievementSessionHandler.cpp,627,(debug),[achievement-game], ping received, cluster-id:7801, count:17
2025/02/11-01:10:27.220,AchievementSessionHandler.cpp,627,(debug),[achievement-game], ping received, cluster-id:7801, count:18
2025/02/11-01:10:37.221,AchievementSessionHandler.cpp,627,(debug),[achievement-game], ping received, cluster-id:7801, count:19
2025/02/11-01:10:47.476,AchievementSessionHandler.cpp,627,(debug),[achievement-game], ping received, cluster-id:7801, count:20
2025/02/11-01:10:57.411,AchievementSessionHandler.cpp,627,(debug),[achievement-game], ping received, cluster-id:7801, count:21
2025/02/11-01:11:07.406,AchievementSessionHandler.cpp,627,(debug),[achievement-game], ping received, cluster-id:7801, count:22
2025/02/11-01:11:17.406,AchievementSessionHandler.cpp,627,(debug),[achievement-game], ping received, cluster-id:7801, count:23
2025/02/11-01:11:27.417,AchievementSessionHandler.cpp,627,(debug),[achievement-game], ping received, cluster-id:7801, count:24
2025/02/11-01:11:29.999,Port.cpp,648,(debug),[session], created, port-id:1, session-id:100000002, session:0000000002D62000
2025/02/11-01:11:29.999,AchievementSessionHandler.cpp,86,(debug),[achievement-game], session accepted, session-id:0x100000002
2025/02/11-01:11:29.999,Session.cpp,471,(debug),[session], accepted from, port id: 1, session id:100000002, this:0000000002D62000, ip:192.168.1.8, port:57988, socket:000000000000034C
2025/02/11-01:11:30.000,AchievementSessionHandler.cpp,600,(debug),[achievement-game], hello success, session:0x100000002, cluster-id:17801
2025/02/11-01:11:30.668,AchievementSessionHandler.cpp,627,(debug),[achievement-game], ping received, cluster-id:17801, count:1
2025/02/11-01:11:37.414,AchievementSessionHandler.cpp,627,(debug),[achievement-game], ping received, cluster-id:7801, count:25
2025/02/11-01:11:40.656,AchievementSessionHandler.cpp,627,(debug),[achievement-game], ping received, cluster-id:17801, count:2
2025/02/11-01:11:47.418,AchievementSessionHandler.cpp,627,(debug),[achievement-game], ping received, cluster-id:7801, count:26
2025/02/11-01:11:50.661,AchievementSessionHandler.cpp,627,(debug),[achievement-game], ping received, cluster-id:17801, count:3
2025/02/11-01:11:57.417,AchievementSessionHandler.cpp,627,(debug),[achievement-game], ping received, cluster-id:7801, count:27
2025/02/11-01:12:00.664,AchievementSessionHandler.cpp,627,(debug),[achievement-game], ping received, cluster-id:17801, count:4
2025/02/11-01:12:07.410,AchievementSessionHandler.cpp,627,(debug),[achievement-game], ping received, cluster-id:7801, count:28
2025/02/11-01:12:10.655,AchievementSessionHandler.cpp,627,(debug),[achievement-game], ping received, cluster-id:17801, count:5
2025/02/11-01:12:17.404,AchievementSessionHandler.cpp,627,(debug),[achievement-game], ping received, cluster-id:7801, count:29
2025/02/11-01:12:20.654,AchievementSessionHandler.cpp,627,(debug),[achievement-game], ping received, cluster-id:17801, count:6
2025/02/11-01:12:27.406,AchievementSessionHandler.cpp,627,(debug),[achievement-game], ping received, cluster-id:7801, count:30
2025/02/11-01:12:30.656,AchievementSessionHandler.cpp,627,(debug),[achievement-game], ping received, cluster-id:17801, count:7
2025/02/11-01:12:37.414,AchievementSessionHandler.cpp,627,(debug),[achievement-game], ping received, cluster-id:7801, count:31
2025/02/11-01:12:40.655,AchievementSessionHandler.cpp,627,(debug),[achievement-game], ping received, cluster-id:17801, count:8
2025/02/11-01:12:47.418,AchievementSessionHandler.cpp,627,(debug),[achievement-game], ping received, cluster-id:7801, count:32
2025/02/11-01:12:50.664,AchievementSessionHandler.cpp,627,(debug),[achievement-game], ping received, cluster-id:17801, count:9
2025/02/11-01:12:57.408,AchievementSessionHandler.cpp,627,(debug),[achievement-game], ping received, cluster-id:7801, count:33
2025/02/11-01:13:00.656,AchievementSessionHandler.cpp,627,(debug),[achievement-game], ping received, cluster-id:17801, count:10
2025/02/11-01:13:07.411,AchievementSessionHandler.cpp,627,(debug),[achievement-game], ping received, cluster-id:7801, count:34
2025/02/11-01:13:10.652,AchievementSessionHandler.cpp,627,(debug),[achievement-game], ping received, cluster-id:17801, count:11
2025/02/11-01:13:17.415,AchievementSessionHandler.cpp,627,(debug),[achievement-game], ping received, cluster-id:7801, count:35
2025/02/11-01:13:20.661,AchievementSessionHandler.cpp,627,(debug),[achievement-game], ping received, cluster-id:17801, count:12
2025/02/11-01:13:27.422,AchievementSessionHandler.cpp,627,(debug),[achievement-game], ping received, cluster-id:7801, count:36
2025/02/11-01:13:30.667,AchievementSessionHandler.cpp,627,(debug),[achievement-game], ping received, cluster-id:17801, count:13
2025/02/11-01:13:37.411,AchievementSessionHandler.cpp,627,(debug),[achievement-game], ping received, cluster-id:7801, count:37
2025/02/11-01:13:40.655,AchievementSessionHandler.cpp,627,(debug),[achievement-game], ping received, cluster-id:17801, count:14
2025/02/11-01:13:47.422,AchievementSessionHandler.cpp,627,(debug),[achievement-game], ping received, cluster-id:7801, count:38
2025/02/11-01:13:50.663,AchievementSessionHandler.cpp,627,(debug),[achievement-game], ping received, cluster-id:17801, count:15
2025/02/11-01:13:57.410,AchievementSessionHandler.cpp,627,(debug),[achievement-game], ping received, cluster-id:7801, count:39
2025/02/11-01:14:00.665,AchievementSessionHandler.cpp,627,(debug),[achievement-game], ping received, cluster-id:17801, count:16
2025/02/11-01:14:07.403,AchievementSessionHandler.cpp,627,(debug),[achievement-game], ping received, cluster-id:7801, count:40
2025/02/11-01:14:10.662,AchievementSessionHandler.cpp,627,(debug),[achievement-game], ping received, cluster-id:17801, count:17
2025/02/11-01:14:17.417,AchievementSessionHandler.cpp,627,(debug),[achievement-game], ping received, cluster-id:7801, count:41
2025/02/11-01:14:20.665,AchievementSessionHandler.cpp,627,(debug),[achievement-game], ping received, cluster-id:17801, count:18
2025/02/11-01:14:27.414,AchievementSessionHandler.cpp,627,(debug),[achievement-game], ping received, cluster-id:7801, count:42
2025/02/11-01:14:30.660,AchievementSessionHandler.cpp,627,(debug),[achievement-game], ping received, cluster-id:17801, count:19
2025/02/11-01:14:37.410,AchievementSessionHandler.cpp,627,(debug),[achievement-game], ping received, cluster-id:7801, count:43
2025/02/11-01:14:40.660,AchievementSessionHandler.cpp,627,(debug),[achievement-game], ping received, cluster-id:17801, count:20
2025/02/11-01:14:47.410,AchievementSessionHandler.cpp,627,(debug),[achievement-game], ping received, cluster-id:7801, count:44
2025/02/11-01:14:50.667,AchievementSessionHandler.cpp,627,(debug),[achievement-game], ping received, cluster-id:17801, count:21
2025/02/11-01:14:57.406,AchievementSessionHandler.cpp,627,(debug),[achievement-game], ping received, cluster-id:7801, count:45
2025/02/11-01:15:00.659,AchievementSessionHandler.cpp,627,(debug),[achievement-game], ping received, cluster-id:17801, count:22
2025/02/11-01:15:07.413,AchievementSessionHandler.cpp,627,(debug),[achievement-game], ping received, cluster-id:7801, count:46
2025/02/11-01:15:10.664,AchievementSessionHandler.cpp,627,(debug),[achievement-game], ping received, cluster-id:17801, count:23
2025/02/11-01:15:17.412,AchievementSessionHandler.cpp,627,(debug),[achievement-game], ping received, cluster-id:7801, count:47
2025/02/11-01:15:20.657,AchievementSessionHandler.cpp,627,(debug),[achievement-game], ping received, cluster-id:17801, count:24
2025/02/11-01:15:27.404,AchievementSessionHandler.cpp,627,(debug),[achievement-game], ping received, cluster-id:7801, count:48
2025/02/11-01:15:30.654,AchievementSessionHandler.cpp,627,(debug),[achievement-game], ping received, cluster-id:17801, count:25
2025/02/11-01:15:34.075,AchievementEventManager.cpp,206,(debug),[pc], pc load success, tid:1, pcdbid:0xa4, pcname:Tamgiacbm, cluster-id:7801, hint:0x10000
2025/02/11-01:15:37.401,AchievementSessionHandler.cpp,627,(debug),[achievement-game], ping received, cluster-id:7801, count:49
2025/02/11-01:15:40.663,AchievementSessionHandler.cpp,627,(debug),[achievement-game], ping received, cluster-id:17801, count:26
2025/02/11-01:15:47.406,AchievementSessionHandler.cpp,627,(debug),[achievement-game], ping received, cluster-id:7801, count:50
2025/02/11-01:15:50.653,AchievementSessionHandler.cpp,627,(debug),[achievement-game], ping received, cluster-id:17801, count:27
2025/02/11-01:15:57.411,AchievementSessionHandler.cpp,627,(debug),[achievement-game], ping received, cluster-id:7801, count:51
2025/02/11-01:16:00.666,AchievementSessionHandler.cpp,627,(debug),[achievement-game], ping received, cluster-id:17801, count:28
2025/02/11-01:16:07.404,AchievementSessionHandler.cpp,627,(debug),[achievement-game], ping received, cluster-id:7801, count:52
2025/02/11-01:16:10.661,AchievementSessionHandler.cpp,627,(debug),[achievement-game], ping received, cluster-id:17801, count:29
2025/02/11-01:16:17.407,AchievementSessionHandler.cpp,627,(debug),[achievement-game], ping received, cluster-id:7801, count:53
2025/02/11-01:16:20.650,AchievementSessionHandler.cpp,627,(debug),[achievement-game], ping received, cluster-id:17801, count:30
2025/02/11-01:16:27.403,AchievementSessionHandler.cpp,627,(debug),[achievement-game], ping received, cluster-id:7801, count:54
2025/02/11-01:16:30.652,AchievementSessionHandler.cpp,627,(debug),[achievement-game], ping received, cluster-id:17801, count:31
2025/02/11-01:16:37.410,AchievementSessionHandler.cpp,627,(debug),[achievement-game], ping received, cluster-id:7801, count:55
2025/02/11-01:16:40.653,AchievementSessionHandler.cpp,627,(debug),[achievement-game], ping received, cluster-id:17801, count:32
2025/02/11-01:16:47.406,AchievementSessionHandler.cpp,627,(debug),[achievement-game], ping received, cluster-id:7801, count:56
2025/02/11-01:16:50.666,AchievementSessionHandler.cpp,627,(debug),[achievement-game], ping received, cluster-id:17801, count:33
2025/02/11-01:16:57.408,AchievementSessionHandler.cpp,627,(debug),[achievement-game], ping received, cluster-id:7801, count:57
2025/02/11-01:17:00.666,AchievementSessionHandler.cpp,627,(debug),[achievement-game], ping received, cluster-id:17801, count:34
2025/02/11-01:17:07.405,AchievementSessionHandler.cpp,627,(debug),[achievement-game], ping received, cluster-id:7801, count:58
2025/02/11-01:17:10.661,AchievementSessionHandler.cpp,627,(debug),[achievement-game], ping received, cluster-id:17801, count:35
2025/02/11-01:17:17.400,AchievementSessionHandler.cpp,627,(debug),[achievement-game], ping received, cluster-id:7801, count:59
2025/02/11-01:17:20.655,AchievementSessionHandler.cpp,627,(debug),[achievement-game], ping received, cluster-id:17801, count:36
2025/02/11-01:17:27.409,AchievementSessionHandler.cpp,627,(debug),[achievement-game], ping received, cluster-id:7801, count:60
2025/02/11-01:17:30.658,AchievementSessionHandler.cpp,627,(debug),[achievement-game], ping received, cluster-id:17801, count:37
2025/02/11-01:17:37.406,AchievementSessionHandler.cpp,627,(debug),[achievement-game], ping received, cluster-id:7801, count:61
2025/02/11-01:17:40.665,AchievementSessionHandler.cpp,627,(debug),[achievement-game], ping received, cluster-id:17801, count:38
2025/02/11-01:17:47.412,AchievementSessionHandler.cpp,627,(debug),[achievement-game], ping received, cluster-id:7801, count:62
2025/02/11-01:17:50.653,AchievementSessionHandler.cpp,627,(debug),[achievement-game], ping received, cluster-id:17801, count:39
2025/02/11-01:17:57.414,AchievementSessionHandler.cpp,627,(debug),[achievement-game], ping received, cluster-id:7801, count:63
2025/02/11-01:18:00.659,AchievementSessionHandler.cpp,627,(debug),[achievement-game], ping received, cluster-id:17801, count:40
2025/02/11-01:18:07.410,AchievementSessionHandler.cpp,627,(debug),[achievement-game], ping received, cluster-id:7801, count:64
2025/02/11-01:18:10.653,AchievementSessionHandler.cpp,627,(debug),[achievement-game], ping received, cluster-id:17801, count:41
2025/02/11-01:18:17.408,AchievementSessionHandler.cpp,627,(debug),[achievement-game], ping received, cluster-id:7801, count:65
2025/02/11-01:18:20.651,AchievementSessionHandler.cpp,627,(debug),[achievement-game], ping received, cluster-id:17801, count:42
2025/02/11-01:18:27.411,AchievementSessionHandler.cpp,627,(debug),[achievement-game], ping received, cluster-id:7801, count:66
2025/02/11-01:18:30.665,AchievementSessionHandler.cpp,627,(debug),[achievement-game], ping received, cluster-id:17801, count:43
2025/02/11-01:18:37.405,AchievementSessionHandler.cpp,627,(debug),[achievement-game], ping received, cluster-id:7801, count:67
2025/02/11-01:18:40.657,AchievementSessionHandler.cpp,627,(debug),[achievement-game], ping received, cluster-id:17801, count:44
2025/02/11-01:18:47.401,AchievementSessionHandler.cpp,627,(debug),[achievement-game], ping received, cluster-id:7801, count:68
2025/02/11-01:18:50.657,AchievementSessionHandler.cpp,627,(debug),[achievement-game], ping received, cluster-id:17801, count:45
2025/02/11-01:18:57.411,AchievementSessionHandler.cpp,627,(debug),[achievement-game], ping received, cluster-id:7801, count:69
2025/02/11-01:19:00.667,AchievementSessionHandler.cpp,627,(debug),[achievement-game], ping received, cluster-id:17801, count:46
2025/02/11-01:19:07.408,AchievementSessionHandler.cpp,627,(debug),[achievement-game], ping received, cluster-id:7801, count:70
2025/02/11-01:19:10.657,AchievementSessionHandler.cpp,627,(debug),[achievement-game], ping received, cluster-id:17801, count:47
2025/02/11-01:19:17.420,AchievementSessionHandler.cpp,627,(debug),[achievement-game], ping received, cluster-id:7801, count:71
2025/02/11-01:19:20.654,AchievementSessionHandler.cpp,627,(debug),[achievement-game], ping received, cluster-id:17801, count:48
2025/02/11-01:19:27.400,AchievementSessionHandler.cpp,627,(debug),[achievement-game], ping received, cluster-id:7801, count:72
2025/02/11-01:19:30.663,AchievementSessionHandler.cpp,627,(debug),[achievement-game], ping received, cluster-id:17801, count:49
2025/02/11-01:19:37.410,AchievementSessionHandler.cpp,627,(debug),[achievement-game], ping received, cluster-id:7801, count:73
2025/02/11-01:19:40.664,AchievementSessionHandler.cpp,627,(debug),[achievement-game], ping received, cluster-id:17801, count:50
2025/02/11-01:19:47.412,AchievementSessionHandler.cpp,627,(debug),[achievement-game], ping received, cluster-id:7801, count:74
2025/02/11-01:19:50.665,AchievementSessionHandler.cpp,627,(debug),[achievement-game], ping received, cluster-id:17801, count:51
2025/02/11-01:19:57.413,AchievementSessionHandler.cpp,627,(debug),[achievement-game], ping received, cluster-id:7801, count:75
2025/02/11-01:20:00.664,AchievementSessionHandler.cpp,627,(debug),[achievement-game], ping received, cluster-id:17801, count:52
2025/02/11-01:20:07.404,AchievementSessionHandler.cpp,627,(debug),[achievement-game], ping received, cluster-id:7801, count:76
2025/02/11-01:20:10.653,AchievementSessionHandler.cpp,627,(debug),[achievement-game], ping received, cluster-id:17801, count:53
2025/02/11-01:20:17.415,AchievementSessionHandler.cpp,627,(debug),[achievement-game], ping received, cluster-id:7801, count:77
2025/02/11-01:20:20.667,AchievementSessionHandler.cpp,627,(debug),[achievement-game], ping received, cluster-id:17801, count:54
2025/02/11-01:20:27.401,AchievementSessionHandler.cpp,627,(debug),[achievement-game], ping received, cluster-id:7801, count:78
2025/02/11-01:20:30.667,AchievementSessionHandler.cpp,627,(debug),[achievement-game], ping received, cluster-id:17801, count:55
2025/02/11-01:20:37.405,AchievementSessionHandler.cpp,627,(debug),[achievement-game], ping received, cluster-id:7801, count:79
2025/02/11-01:20:40.666,AchievementSessionHandler.cpp,627,(debug),[achievement-game], ping received, cluster-id:17801, count:56
2025/02/11-01:20:47.412,AchievementSessionHandler.cpp,627,(debug),[achievement-game], ping received, cluster-id:7801, count:80
2025/02/11-01:20:50.667,AchievementSessionHandler.cpp,627,(debug),[achievement-game], ping received, cluster-id:17801, count:57
2025/02/11-01:20:57.411,AchievementSessionHandler.cpp,627,(debug),[achievement-game], ping received, cluster-id:7801, count:81
2025/02/11-01:21:00.660,AchievementSessionHandler.cpp,627,(debug),[achievement-game], ping received, cluster-id:17801, count:58
2025/02/11-01:21:07.418,AchievementSessionHandler.cpp,627,(debug),[achievement-game], ping received, cluster-id:7801, count:82
2025/02/11-01:21:10.655,AchievementSessionHandler.cpp,627,(debug),[achievement-game], ping received, cluster-id:17801, count:59
2025/02/11-01:21:17.396,AchievementSessionHandler.cpp,627,(debug),[achievement-game], ping received, cluster-id:7801, count:83
2025/02/11-01:21:20.665,AchievementSessionHandler.cpp,627,(debug),[achievement-game], ping received, cluster-id:17801, count:60
2025/02/11-01:21:27.413,AchievementSessionHandler.cpp,627,(debug),[achievement-game], ping received, cluster-id:7801, count:84
2025/02/11-01:21:30.659,AchievementSessionHandler.cpp,627,(debug),[achievement-game], ping received, cluster-id:17801, count:61
2025/02/11-01:21:37.415,AchievementSessionHandler.cpp,627,(debug),[achievement-game], ping received, cluster-id:7801, count:85
2025/02/11-01:21:40.661,AchievementSessionHandler.cpp,627,(debug),[achievement-game], ping received, cluster-id:17801, count:62
2025/02/11-01:21:47.405,AchievementSessionHandler.cpp,627,(debug),[achievement-game], ping received, cluster-id:7801, count:86
2025/02/11-01:21:50.657,AchievementSessionHandler.cpp,627,(debug),[achievement-game], ping received, cluster-id:17801, count:63
2025/02/11-01:21:57.414,AchievementSessionHandler.cpp,627,(debug),[achievement-game], ping received, cluster-id:7801, count:87
2025/02/11-01:22:00.659,AchievementSessionHandler.cpp,627,(debug),[achievement-game], ping received, cluster-id:17801, count:64
2025/02/11-01:22:07.404,AchievementSessionHandler.cpp,627,(debug),[achievement-game], ping received, cluster-id:7801, count:88
2025/02/11-01:22:10.657,AchievementSessionHandler.cpp,627,(debug),[achievement-game], ping received, cluster-id:17801, count:65
2025/02/11-01:22:17.404,AchievementSessionHandler.cpp,627,(debug),[achievement-game], ping received, cluster-id:7801, count:89
2025/02/11-01:22:20.652,AchievementSessionHandler.cpp,627,(debug),[achievement-game], ping received, cluster-id:17801, count:66
2025/02/11-01:22:27.410,AchievementSessionHandler.cpp,627,(debug),[achievement-game], ping received, cluster-id:7801, count:90
2025/02/11-01:22:30.654,AchievementSessionHandler.cpp,627,(debug),[achievement-game], ping received, cluster-id:17801, count:67
2025/02/11-01:22:37.413,AchievementSessionHandler.cpp,627,(debug),[achievement-game], ping received, cluster-id:7801, count:91
2025/02/11-01:22:40.659,AchievementSessionHandler.cpp,627,(debug),[achievement-game], ping received, cluster-id:17801, count:68
2025/02/11-01:22:47.406,AchievementSessionHandler.cpp,627,(debug),[achievement-game], ping received, cluster-id:7801, count:92
2025/02/11-01:22:50.660,AchievementSessionHandler.cpp,627,(debug),[achievement-game], ping received, cluster-id:17801, count:69
2025/02/11-01:22:57.409,AchievementSessionHandler.cpp,627,(debug),[achievement-game], ping received, cluster-id:7801, count:93
2025/02/11-01:23:00.660,AchievementSessionHandler.cpp,627,(debug),[achievement-game], ping received, cluster-id:17801, count:70
2025/02/11-01:23:07.411,AchievementSessionHandler.cpp,627,(debug),[achievement-game], ping received, cluster-id:7801, count:94
2025/02/11-01:23:10.666,AchievementSessionHandler.cpp,627,(debug),[achievement-game], ping received, cluster-id:17801, count:71
2025/02/11-01:23:17.420,AchievementSessionHandler.cpp,627,(debug),[achievement-game], ping received, cluster-id:7801, count:95
2025/02/11-01:23:20.663,AchievementSessionHandler.cpp,627,(debug),[achievement-game], ping received, cluster-id:17801, count:72
2025/02/11-01:23:27.415,AchievementSessionHandler.cpp,627,(debug),[achievement-game], ping received, cluster-id:7801, count:96
2025/02/11-01:23:30.653,AchievementSessionHandler.cpp,627,(debug),[achievement-game], ping received, cluster-id:17801, count:73
2025/02/11-01:23:37.403,AchievementSessionHandler.cpp,627,(debug),[achievement-game], ping received, cluster-id:7801, count:97
2025/02/11-01:23:40.653,AchievementSessionHandler.cpp,627,(debug),[achievement-game], ping received, cluster-id:17801, count:74
2025/02/11-01:23:47.402,AchievementSessionHandler.cpp,627,(debug),[achievement-game], ping received, cluster-id:7801, count:98
2025/02/11-01:23:50.661,AchievementSessionHandler.cpp,627,(debug),[achievement-game], ping received, cluster-id:17801, count:75
2025/02/11-01:23:57.413,AchievementSessionHandler.cpp,627,(debug),[achievement-game], ping received, cluster-id:7801, count:99
2025/02/11-01:24:00.653,AchievementSessionHandler.cpp,627,(debug),[achievement-game], ping received, cluster-id:17801, count:76
2025/02/11-01:24:07.412,AchievementSessionHandler.cpp,627,(debug),[achievement-game], ping received, cluster-id:7801, count:100
2025/02/11-01:24:10.659,AchievementSessionHandler.cpp,627,(debug),[achievement-game], ping received, cluster-id:17801, count:77
2025/02/11-01:24:17.422,AchievementSessionHandler.cpp,627,(debug),[achievement-game], ping received, cluster-id:7801, count:101
2025/02/11-01:24:20.665,AchievementSessionHandler.cpp,627,(debug),[achievement-game], ping received, cluster-id:17801, count:78
2025/02/11-01:24:27.411,AchievementSessionHandler.cpp,627,(debug),[achievement-game], ping received, cluster-id:7801, count:102
2025/02/11-01:24:30.661,AchievementSessionHandler.cpp,627,(debug),[achievement-game], ping received, cluster-id:17801, count:79
2025/02/11-01:24:37.412,AchievementSessionHandler.cpp,627,(debug),[achievement-game], ping received, cluster-id:7801, count:103
2025/02/11-01:24:40.656,AchievementSessionHandler.cpp,627,(debug),[achievement-game], ping received, cluster-id:17801, count:80
2025/02/11-01:24:47.414,AchievementSessionHandler.cpp,627,(debug),[achievement-game], ping received, cluster-id:7801, count:104
2025/02/11-01:24:50.658,AchievementSessionHandler.cpp,627,(debug),[achievement-game], ping received, cluster-id:17801, count:81
2025/02/11-01:24:57.411,AchievementSessionHandler.cpp,627,(debug),[achievement-game], ping received, cluster-id:7801, count:105
2025/02/11-01:25:00.660,AchievementSessionHandler.cpp,627,(debug),[achievement-game], ping received, cluster-id:17801, count:82
2025/02/11-01:25:07.407,AchievementSessionHandler.cpp,627,(debug),[achievement-game], ping received, cluster-id:7801, count:106
2025/02/11-01:25:10.664,AchievementSessionHandler.cpp,627,(debug),[achievement-game], ping received, cluster-id:17801, count:83
2025/02/11-01:25:17.416,AchievementSessionHandler.cpp,627,(debug),[achievement-game], ping received, cluster-id:7801, count:107
2025/02/11-01:25:20.653,AchievementSessionHandler.cpp,627,(debug),[achievement-game], ping received, cluster-id:17801, count:84
2025/02/11-01:25:27.403,AchievementSessionHandler.cpp,627,(debug),[achievement-game], ping received, cluster-id:7801, count:108
2025/02/11-01:25:30.659,AchievementSessionHandler.cpp,627,(debug),[achievement-game], ping received, cluster-id:17801, count:85
2025/02/11-01:25:37.402,AchievementSessionHandler.cpp,627,(debug),[achievement-game], ping received, cluster-id:7801, count:109
2025/02/11-01:25:40.658,AchievementSessionHandler.cpp,627,(debug),[achievement-game], ping received, cluster-id:17801, count:86
2025/02/11-01:25:47.405,AchievementSessionHandler.cpp,627,(debug),[achievement-game], ping received, cluster-id:7801, count:110
2025/02/11-01:25:50.652,AchievementSessionHandler.cpp,627,(debug),[achievement-game], ping received, cluster-id:17801, count:87
2025/02/11-01:25:57.412,AchievementSessionHandler.cpp,627,(debug),[achievement-game], ping received, cluster-id:7801, count:111
2025/02/11-01:26:00.658,AchievementSessionHandler.cpp,627,(debug),[achievement-game], ping received, cluster-id:17801, count:88
2025/02/11-01:26:07.400,AchievementSessionHandler.cpp,627,(debug),[achievement-game], ping received, cluster-id:7801, count:112
2025/02/11-01:26:10.665,AchievementSessionHandler.cpp,627,(debug),[achievement-game], ping received, cluster-id:17801, count:89
2025/02/11-01:26:17.398,AchievementSessionHandler.cpp,627,(debug),[achievement-game], ping received, cluster-id:7801, count:113
2025/02/11-01:26:20.656,AchievementSessionHandler.cpp,627,(debug),[achievement-game], ping received, cluster-id:17801, count:90
2025/02/11-01:26:27.402,AchievementSessionHandler.cpp,627,(debug),[achievement-game], ping received, cluster-id:7801, count:114
2025/02/11-01:26:30.655,AchievementSessionHandler.cpp,627,(debug),[achievement-game], ping received, cluster-id:17801, count:91
2025/02/11-01:26:37.416,AchievementSessionHandler.cpp,627,(debug),[achievement-game], ping received, cluster-id:7801, count:115
2025/02/11-01:26:40.664,AchievementSessionHandler.cpp,627,(debug),[achievement-game], ping received, cluster-id:17801, count:92
2025/02/11-01:26:47.413,AchievementSessionHandler.cpp,627,(debug),[achievement-game], ping received, cluster-id:7801, count:116
2025/02/11-01:26:50.656,AchievementSessionHandler.cpp,627,(debug),[achievement-game], ping received, cluster-id:17801, count:93
2025/02/11-01:26:57.408,AchievementSessionHandler.cpp,627,(debug),[achievement-game], ping received, cluster-id:7801, count:117
2025/02/11-01:27:00.656,AchievementSessionHandler.cpp,627,(debug),[achievement-game], ping received, cluster-id:17801, count:94
2025/02/11-01:27:07.408,AchievementSessionHandler.cpp,627,(debug),[achievement-game], ping received, cluster-id:7801, count:118
2025/02/11-01:27:10.666,AchievementSessionHandler.cpp,627,(debug),[achievement-game], ping received, cluster-id:17801, count:95
2025/02/11-01:27:17.411,AchievementSessionHandler.cpp,627,(debug),[achievement-game], ping received, cluster-id:7801, count:119
2025/02/11-01:27:20.654,AchievementSessionHandler.cpp,627,(debug),[achievement-game], ping received, cluster-id:17801, count:96
2025/02/11-01:27:27.413,AchievementSessionHandler.cpp,627,(debug),[achievement-game], ping received, cluster-id:7801, count:120
2025/02/11-01:27:30.663,AchievementSessionHandler.cpp,627,(debug),[achievement-game], ping received, cluster-id:17801, count:97
2025/02/11-01:27:37.399,AchievementSessionHandler.cpp,627,(debug),[achievement-game], ping received, cluster-id:7801, count:121
2025/02/11-01:27:40.654,AchievementSessionHandler.cpp,627,(debug),[achievement-game], ping received, cluster-id:17801, count:98
2025/02/11-01:27:47.406,AchievementSessionHandler.cpp,627,(debug),[achievement-game], ping received, cluster-id:7801, count:122
2025/02/11-01:27:50.652,AchievementSessionHandler.cpp,627,(debug),[achievement-game], ping received, cluster-id:17801, count:99
2025/02/11-01:27:57.414,AchievementSessionHandler.cpp,627,(debug),[achievement-game], ping received, cluster-id:7801, count:123
2025/02/11-01:28:00.661,AchievementSessionHandler.cpp,627,(debug),[achievement-game], ping received, cluster-id:17801, count:100
2025/02/11-01:28:07.407,AchievementSessionHandler.cpp,627,(debug),[achievement-game], ping received, cluster-id:7801, count:124
2025/02/11-01:28:10.657,AchievementSessionHandler.cpp,627,(debug),[achievement-game], ping received, cluster-id:17801, count:101
2025/02/11-01:28:17.410,AchievementSessionHandler.cpp,627,(debug),[achievement-game], ping received, cluster-id:7801, count:125
2025/02/11-01:28:20.651,AchievementSessionHandler.cpp,627,(debug),[achievement-game], ping received, cluster-id:17801, count:102
2025/02/11-01:28:27.415,AchievementSessionHandler.cpp,627,(debug),[achievement-game], ping received, cluster-id:7801, count:126
2025/02/11-01:28:30.668,AchievementSessionHandler.cpp,627,(debug),[achievement-game], ping received, cluster-id:17801, count:103
2025/02/11-01:28:37.416,AchievementSessionHandler.cpp,627,(debug),[achievement-game], ping received, cluster-id:7801, count:127
2025/02/11-01:28:40.653,AchievementSessionHandler.cpp,627,(debug),[achievement-game], ping received, cluster-id:17801, count:104
2025/02/11-01:28:47.399,AchievementSessionHandler.cpp,627,(debug),[achievement-game], ping received, cluster-id:7801, count:128
2025/02/11-01:28:50.657,AchievementSessionHandler.cpp,627,(debug),[achievement-game], ping received, cluster-id:17801, count:105
2025/02/11-01:28:57.404,AchievementSessionHandler.cpp,627,(debug),[achievement-game], ping received, cluster-id:7801, count:129
2025/02/11-01:29:00.658,AchievementSessionHandler.cpp,627,(debug),[achievement-game], ping received, cluster-id:17801, count:106
2025/02/11-01:29:07.402,AchievementSessionHandler.cpp,627,(debug),[achievement-game], ping received, cluster-id:7801, count:130
2025/02/11-01:29:10.653,AchievementSessionHandler.cpp,627,(debug),[achievement-game], ping received, cluster-id:17801, count:107
2025/02/11-01:29:17.420,AchievementSessionHandler.cpp,627,(debug),[achievement-game], ping received, cluster-id:7801, count:131
2025/02/11-01:29:20.654,AchievementSessionHandler.cpp,627,(debug),[achievement-game], ping received, cluster-id:17801, count:108
2025/02/11-01:29:27.407,AchievementSessionHandler.cpp,627,(debug),[achievement-game], ping received, cluster-id:7801, count:132
2025/02/11-01:29:30.662,AchievementSessionHandler.cpp,627,(debug),[achievement-game], ping received, cluster-id:17801, count:109
2025/02/11-01:29:37.403,AchievementSessionHandler.cpp,627,(debug),[achievement-game], ping received, cluster-id:7801, count:133
2025/02/11-01:29:40.657,AchievementSessionHandler.cpp,627,(debug),[achievement-game], ping received, cluster-id:17801, count:110
2025/02/11-01:29:47.405,AchievementSessionHandler.cpp,627,(debug),[achievement-game], ping received, cluster-id:7801, count:134
2025/02/11-01:29:50.659,AchievementSessionHandler.cpp,627,(debug),[achievement-game], ping received, cluster-id:17801, count:111
2025/02/11-01:29:57.425,AchievementSessionHandler.cpp,627,(debug),[achievement-game], ping received, cluster-id:7801, count:135
2025/02/11-01:30:00.657,AchievementSessionHandler.cpp,627,(debug),[achievement-game], ping received, cluster-id:17801, count:112
2025/02/11-01:30:07.405,AchievementSessionHandler.cpp,627,(debug),[achievement-game], ping received, cluster-id:7801, count:136
2025/02/11-01:30:10.657,AchievementSessionHandler.cpp,627,(debug),[achievement-game], ping received, cluster-id:17801, count:113
2025/02/11-01:30:17.417,AchievementSessionHandler.cpp,627,(debug),[achievement-game], ping received, cluster-id:7801, count:137
2025/02/11-01:30:20.661,AchievementSessionHandler.cpp,627,(debug),[achievement-game], ping received, cluster-id:17801, count:114
2025/02/11-01:30:27.410,AchievementSessionHandler.cpp,627,(debug),[achievement-game], ping received, cluster-id:7801, count:138
2025/02/11-01:30:30.654,AchievementSessionHandler.cpp,627,(debug),[achievement-game], ping received, cluster-id:17801, count:115
2025/02/11-01:30:37.407,AchievementSessionHandler.cpp,627,(debug),[achievement-game], ping received, cluster-id:7801, count:139
2025/02/11-01:30:40.659,AchievementSessionHandler.cpp,627,(debug),[achievement-game], ping received, cluster-id:17801, count:116
2025/02/11-01:30:47.406,AchievementSessionHandler.cpp,627,(debug),[achievement-game], ping received, cluster-id:7801, count:140
2025/02/11-01:30:50.659,AchievementSessionHandler.cpp,627,(debug),[achievement-game], ping received, cluster-id:17801, count:117
2025/02/11-01:30:57.416,AchievementSessionHandler.cpp,627,(debug),[achievement-game], ping received, cluster-id:7801, count:141
2025/02/11-01:31:00.664,AchievementSessionHandler.cpp,627,(debug),[achievement-game], ping received, cluster-id:17801, count:118
2025/02/11-01:31:07.402,AchievementSessionHandler.cpp,627,(debug),[achievement-game], ping received, cluster-id:7801, count:142
2025/02/11-01:31:10.667,AchievementSessionHandler.cpp,627,(debug),[achievement-game], ping received, cluster-id:17801, count:119
2025/02/11-01:31:17.411,AchievementSessionHandler.cpp,627,(debug),[achievement-game], ping received, cluster-id:7801, count:143
2025/02/11-01:31:20.654,AchievementSessionHandler.cpp,627,(debug),[achievement-game], ping received, cluster-id:17801, count:120
2025/02/11-01:31:27.402,AchievementSessionHandler.cpp,627,(debug),[achievement-game], ping received, cluster-id:7801, count:144
2025/02/11-01:31:30.651,AchievementSessionHandler.cpp,627,(debug),[achievement-game], ping received, cluster-id:17801, count:121
2025/02/11-01:31:37.414,AchievementSessionHandler.cpp,627,(debug),[achievement-game], ping received, cluster-id:7801, count:145
2025/02/11-01:31:40.657,AchievementSessionHandler.cpp,627,(debug),[achievement-game], ping received, cluster-id:17801, count:122
2025/02/11-01:31:47.410,AchievementSessionHandler.cpp,627,(debug),[achievement-game], ping received, cluster-id:7801, count:146
2025/02/11-01:31:50.655,AchievementSessionHandler.cpp,627,(debug),[achievement-game], ping received, cluster-id:17801, count:123
2025/02/11-01:31:57.400,AchievementSessionHandler.cpp,627,(debug),[achievement-game], ping received, cluster-id:7801, count:147
2025/02/11-01:32:00.662,AchievementSessionHandler.cpp,627,(debug),[achievement-game], ping received, cluster-id:17801, count:124
2025/02/11-01:32:07.409,AchievementSessionHandler.cpp,627,(debug),[achievement-game], ping received, cluster-id:7801, count:148
2025/02/11-01:32:10.659,AchievementSessionHandler.cpp,627,(debug),[achievement-game], ping received, cluster-id:17801, count:125
2025/02/11-01:32:10.967,AchievementEventManager.cpp,206,(debug),[pc], pc load success, tid:2, pcdbid:0x281f, pcname:Warl0ck, cluster-id:7801, hint:0x10001
2025/02/11-01:32:17.402,AchievementSessionHandler.cpp,627,(debug),[achievement-game], ping received, cluster-id:7801, count:149
2025/02/11-01:32:20.661,AchievementSessionHandler.cpp,627,(debug),[achievement-game], ping received, cluster-id:17801, count:126
2025/02/11-01:32:27.408,AchievementSessionHandler.cpp,627,(debug),[achievement-game], ping received, cluster-id:7801, count:150
2025/02/11-01:32:30.664,AchievementSessionHandler.cpp,627,(debug),[achievement-game], ping received, cluster-id:17801, count:127
2025/02/11-01:32:37.402,AchievementSessionHandler.cpp,627,(debug),[achievement-game], ping received, cluster-id:7801, count:151
2025/02/11-01:32:40.655,AchievementSessionHandler.cpp,627,(debug),[achievement-game], ping received, cluster-id:17801, count:128
2025/02/11-01:32:47.415,AchievementSessionHandler.cpp,627,(debug),[achievement-game], ping received, cluster-id:7801, count:152
2025/02/11-01:32:50.658,AchievementSessionHandler.cpp,627,(debug),[achievement-game], ping received, cluster-id:17801, count:129
2025/02/11-01:32:57.414,AchievementSessionHandler.cpp,627,(debug),[achievement-game], ping received, cluster-id:7801, count:153
2025/02/11-01:33:00.658,AchievementSessionHandler.cpp,627,(debug),[achievement-game], ping received, cluster-id:17801, count:130
2025/02/11-01:33:07.411,AchievementSessionHandler.cpp,627,(debug),[achievement-game], ping received, cluster-id:7801, count:154
2025/02/11-01:33:10.657,AchievementSessionHandler.cpp,627,(debug),[achievement-game], ping received, cluster-id:17801, count:131
2025/02/11-01:33:17.418,AchievementSessionHandler.cpp,627,(debug),[achievement-game], ping received, cluster-id:7801, count:155
2025/02/11-01:33:20.653,AchievementSessionHandler.cpp,627,(debug),[achievement-game], ping received, cluster-id:17801, count:132
2025/02/11-01:33:27.412,AchievementSessionHandler.cpp,627,(debug),[achievement-game], ping received, cluster-id:7801, count:156
2025/02/11-01:33:30.663,AchievementSessionHandler.cpp,627,(debug),[achievement-game], ping received, cluster-id:17801, count:133
2025/02/11-01:33:37.412,AchievementSessionHandler.cpp,627,(debug),[achievement-game], ping received, cluster-id:7801, count:157
2025/02/11-01:33:40.659,AchievementSessionHandler.cpp,627,(debug),[achievement-game], ping received, cluster-id:17801, count:134
2025/02/11-01:33:47.402,AchievementSessionHandler.cpp,627,(debug),[achievement-game], ping received, cluster-id:7801, count:158
2025/02/11-01:33:50.655,AchievementSessionHandler.cpp,627,(debug),[achievement-game], ping received, cluster-id:17801, count:135
2025/02/11-01:33:57.414,AchievementSessionHandler.cpp,627,(debug),[achievement-game], ping received, cluster-id:7801, count:159
2025/02/11-01:34:00.659,AchievementSessionHandler.cpp,627,(debug),[achievement-game], ping received, cluster-id:17801, count:136
2025/02/11-01:34:07.406,AchievementSessionHandler.cpp,627,(debug),[achievement-game], ping received, cluster-id:7801, count:160
2025/02/11-01:34:10.656,AchievementSessionHandler.cpp,627,(debug),[achievement-game], ping received, cluster-id:17801, count:137
2025/02/11-01:34:17.404,AchievementSessionHandler.cpp,627,(debug),[achievement-game], ping received, cluster-id:7801, count:161
2025/02/11-01:34:20.653,AchievementSessionHandler.cpp,627,(debug),[achievement-game], ping received, cluster-id:17801, count:138
2025/02/11-01:34:27.409,AchievementSessionHandler.cpp,627,(debug),[achievement-game], ping received, cluster-id:7801, count:162
2025/02/11-01:34:30.662,AchievementSessionHandler.cpp,627,(debug),[achievement-game], ping received, cluster-id:17801, count:139
2025/02/11-01:34:37.405,AchievementSessionHandler.cpp,627,(debug),[achievement-game], ping received, cluster-id:7801, count:163
2025/02/11-01:34:40.653,AchievementSessionHandler.cpp,627,(debug),[achievement-game], ping received, cluster-id:17801, count:140
2025/02/11-01:34:47.409,AchievementSessionHandler.cpp,627,(debug),[achievement-game], ping received, cluster-id:7801, count:164
2025/02/11-01:34:50.659,AchievementSessionHandler.cpp,627,(debug),[achievement-game], ping received, cluster-id:17801, count:141
2025/02/11-01:34:57.413,AchievementSessionHandler.cpp,627,(debug),[achievement-game], ping received, cluster-id:7801, count:165
2025/02/11-01:35:00.655,AchievementSessionHandler.cpp,627,(debug),[achievement-game], ping received, cluster-id:17801, count:142
2025/02/11-01:35:07.401,AchievementSessionHandler.cpp,627,(debug),[achievement-game], ping received, cluster-id:7801, count:166
2025/02/11-01:35:10.665,AchievementSessionHandler.cpp,627,(debug),[achievement-game], ping received, cluster-id:17801, count:143
2025/02/11-01:35:17.416,AchievementSessionHandler.cpp,627,(debug),[achievement-game], ping received, cluster-id:7801, count:167
2025/02/11-01:35:20.655,AchievementSessionHandler.cpp,627,(debug),[achievement-game], ping received, cluster-id:17801, count:144
2025/02/11-01:35:27.415,AchievementSessionHandler.cpp,627,(debug),[achievement-game], ping received, cluster-id:7801, count:168
2025/02/11-01:35:30.656,AchievementSessionHandler.cpp,627,(debug),[achievement-game], ping received, cluster-id:17801, count:145
2025/02/11-01:35:37.403,AchievementSessionHandler.cpp,627,(debug),[achievement-game], ping received, cluster-id:7801, count:169
2025/02/11-01:35:40.662,AchievementSessionHandler.cpp,627,(debug),[achievement-game], ping received, cluster-id:17801, count:146
2025/02/11-01:35:47.409,AchievementSessionHandler.cpp,627,(debug),[achievement-game], ping received, cluster-id:7801, count:170
2025/02/11-01:35:50.652,AchievementSessionHandler.cpp,627,(debug),[achievement-game], ping received, cluster-id:17801, count:147
2025/02/11-01:35:57.412,AchievementSessionHandler.cpp,627,(debug),[achievement-game], ping received, cluster-id:7801, count:171
2025/02/11-01:36:00.656,AchievementSessionHandler.cpp,627,(debug),[achievement-game], ping received, cluster-id:17801, count:148
2025/02/11-01:36:07.413,AchievementSessionHandler.cpp,627,(debug),[achievement-game], ping received, cluster-id:7801, count:172
2025/02/11-01:36:10.660,AchievementSessionHandler.cpp,627,(debug),[achievement-game], ping received, cluster-id:17801, count:149
2025/02/11-01:36:17.412,AchievementSessionHandler.cpp,627,(debug),[achievement-game], ping received, cluster-id:7801, count:173
2025/02/11-01:36:20.665,AchievementSessionHandler.cpp,627,(debug),[achievement-game], ping received, cluster-id:17801, count:150
2025/02/11-01:36:27.402,AchievementSessionHandler.cpp,627,(debug),[achievement-game], ping received, cluster-id:7801, count:174
2025/02/11-01:36:30.667,AchievementSessionHandler.cpp,627,(debug),[achievement-game], ping received, cluster-id:17801, count:151
2025/02/11-01:36:35.740,Pc.cpp,622,(debug),[pc], completed add, pcdbid:0x281f, pcname:Warl0ck, achievement-id:4, achievement-step:1, alias:4_level-up_PC_Level_step1, score-old:0, score-new:10
2025/02/11-01:36:37.406,AchievementSessionHandler.cpp,627,(debug),[achievement-game], ping received, cluster-id:7801, count:175
2025/02/11-01:36:40.665,AchievementSessionHandler.cpp,627,(debug),[achievement-game], ping received, cluster-id:17801, count:152
2025/02/11-01:36:47.418,AchievementSessionHandler.cpp,627,(debug),[achievement-game], ping received, cluster-id:7801, count:176
2025/02/11-01:36:50.665,AchievementSessionHandler.cpp,627,(debug),[achievement-game], ping received, cluster-id:17801, count:153
2025/02/11-01:36:57.415,AchievementSessionHandler.cpp,627,(debug),[achievement-game], ping received, cluster-id:7801, count:177
2025/02/11-01:37:00.664,AchievementSessionHandler.cpp,627,(debug),[achievement-game], ping received, cluster-id:17801, count:154
2025/02/11-01:37:07.414,AchievementSessionHandler.cpp,627,(debug),[achievement-game], ping received, cluster-id:7801, count:178
2025/02/11-01:37:10.652,AchievementSessionHandler.cpp,627,(debug),[achievement-game], ping received, cluster-id:17801, count:155
2025/02/11-01:37:17.407,AchievementSessionHandler.cpp,627,(debug),[achievement-game], ping received, cluster-id:7801, count:179
2025/02/11-01:37:20.658,AchievementSessionHandler.cpp,627,(debug),[achievement-game], ping received, cluster-id:17801, count:156
2025/02/11-01:37:27.413,AchievementSessionHandler.cpp,627,(debug),[achievement-game], ping received, cluster-id:7801, count:180
2025/02/11-01:37:30.665,AchievementSessionHandler.cpp,627,(debug),[achievement-game], ping received, cluster-id:17801, count:157
2025/02/11-01:37:37.411,AchievementSessionHandler.cpp,627,(debug),[achievement-game], ping received, cluster-id:7801, count:181
2025/02/11-01:37:40.652,AchievementSessionHandler.cpp,627,(debug),[achievement-game], ping received, cluster-id:17801, count:158
2025/02/11-01:37:47.412,AchievementSessionHandler.cpp,627,(debug),[achievement-game], ping received, cluster-id:7801, count:182
2025/02/11-01:37:50.652,AchievementSessionHandler.cpp,627,(debug),[achievement-game], ping received, cluster-id:17801, count:159
2025/02/11-01:37:57.404,AchievementSessionHandler.cpp,627,(debug),[achievement-game], ping received, cluster-id:7801, count:183
2025/02/11-01:38:00.658,AchievementSessionHandler.cpp,627,(debug),[achievement-game], ping received, cluster-id:17801, count:160
2025/02/11-01:38:07.406,AchievementSessionHandler.cpp,627,(debug),[achievement-game], ping received, cluster-id:7801, count:184
2025/02/11-01:38:10.655,AchievementSessionHandler.cpp,627,(debug),[achievement-game], ping received, cluster-id:17801, count:161
2025/02/11-01:38:17.417,AchievementSessionHandler.cpp,627,(debug),[achievement-game], ping received, cluster-id:7801, count:185
2025/02/11-01:38:20.660,AchievementSessionHandler.cpp,627,(debug),[achievement-game], ping received, cluster-id:17801, count:162
2025/02/11-01:38:27.404,AchievementSessionHandler.cpp,627,(debug),[achievement-game], ping received, cluster-id:7801, count:186
2025/02/11-01:38:30.669,AchievementSessionHandler.cpp,627,(debug),[achievement-game], ping received, cluster-id:17801, count:163
2025/02/11-01:38:37.432,AchievementSessionHandler.cpp,627,(debug),[achievement-game], ping received, cluster-id:7801, count:187
2025/02/11-01:38:40.672,AchievementSessionHandler.cpp,627,(debug),[achievement-game], ping received, cluster-id:17801, count:164
2025/02/11-01:38:47.414,AchievementSessionHandler.cpp,627,(debug),[achievement-game], ping received, cluster-id:7801, count:188
2025/02/11-01:38:50.661,AchievementSessionHandler.cpp,627,(debug),[achievement-game], ping received, cluster-id:17801, count:165
2025/02/11-01:38:57.422,AchievementSessionHandler.cpp,627,(debug),[achievement-game], ping received, cluster-id:7801, count:189
2025/02/11-01:39:00.666,AchievementSessionHandler.cpp,627,(debug),[achievement-game], ping received, cluster-id:17801, count:166
2025/02/11-01:39:07.411,AchievementSessionHandler.cpp,627,(debug),[achievement-game], ping received, cluster-id:7801, count:190
2025/02/11-01:39:10.666,AchievementSessionHandler.cpp,627,(debug),[achievement-game], ping received, cluster-id:17801, count:167
2025/02/11-01:39:17.418,AchievementSessionHandler.cpp,627,(debug),[achievement-game], ping received, cluster-id:7801, count:191
2025/02/11-01:39:20.668,AchievementSessionHandler.cpp,627,(debug),[achievement-game], ping received, cluster-id:17801, count:168
2025/02/11-01:39:27.425,AchievementSessionHandler.cpp,627,(debug),[achievement-game], ping received, cluster-id:7801, count:192
2025/02/11-01:39:30.669,AchievementSessionHandler.cpp,627,(debug),[achievement-game], ping received, cluster-id:17801, count:169
2025/02/11-01:39:37.417,AchievementSessionHandler.cpp,627,(debug),[achievement-game], ping received, cluster-id:7801, count:193
2025/02/11-01:39:40.658,AchievementSessionHandler.cpp,627,(debug),[achievement-game], ping received, cluster-id:17801, count:170
2025/02/11-01:39:47.416,AchievementSessionHandler.cpp,627,(debug),[achievement-game], ping received, cluster-id:7801, count:194
2025/02/11-01:39:50.668,AchievementSessionHandler.cpp,627,(debug),[achievement-game], ping received, cluster-id:17801, count:171
2025/02/11-01:39:57.406,AchievementSessionHandler.cpp,627,(debug),[achievement-game], ping received, cluster-id:7801, count:195
2025/02/11-01:40:00.672,AchievementSessionHandler.cpp,627,(debug),[achievement-game], ping received, cluster-id:17801, count:172
2025/02/11-01:40:07.412,AchievementSessionHandler.cpp,627,(debug),[achievement-game], ping received, cluster-id:7801, count:196
2025/02/11-01:40:10.658,AchievementSessionHandler.cpp,627,(debug),[achievement-game], ping received, cluster-id:17801, count:173
2025/02/11-01:40:17.415,AchievementSessionHandler.cpp,627,(debug),[achievement-game], ping received, cluster-id:7801, count:197
2025/02/11-01:40:20.662,AchievementSessionHandler.cpp,627,(debug),[achievement-game], ping received, cluster-id:17801, count:174
2025/02/11-01:40:27.419,AchievementSessionHandler.cpp,627,(debug),[achievement-game], ping received, cluster-id:7801, count:198
2025/02/11-01:40:30.659,AchievementSessionHandler.cpp,627,(debug),[achievement-game], ping received, cluster-id:17801, count:175
2025/02/11-01:40:37.414,AchievementSessionHandler.cpp,627,(debug),[achievement-game], ping received, cluster-id:7801, count:199
2025/02/11-01:40:40.661,AchievementSessionHandler.cpp,627,(debug),[achievement-game], ping received, cluster-id:17801, count:176
2025/02/11-01:40:47.414,AchievementSessionHandler.cpp,627,(debug),[achievement-game], ping received, cluster-id:7801, count:200
2025/02/11-01:40:50.669,AchievementSessionHandler.cpp,627,(debug),[achievement-game], ping received, cluster-id:17801, count:177
2025/02/11-01:40:57.416,AchievementSessionHandler.cpp,627,(debug),[achievement-game], ping received, cluster-id:7801, count:201
2025/02/11-01:41:00.672,AchievementSessionHandler.cpp,627,(debug),[achievement-game], ping received, cluster-id:17801, count:178
2025/02/11-01:41:07.413,AchievementSessionHandler.cpp,627,(debug),[achievement-game], ping received, cluster-id:7801, count:202
2025/02/11-01:41:10.662,AchievementSessionHandler.cpp,627,(debug),[achievement-game], ping received, cluster-id:17801, count:179
2025/02/11-01:41:17.412,AchievementSessionHandler.cpp,627,(debug),[achievement-game], ping received, cluster-id:7801, count:203
2025/02/11-01:41:20.678,AchievementSessionHandler.cpp,627,(debug),[achievement-game], ping received, cluster-id:17801, count:180
2025/02/11-01:41:27.406,AchievementSessionHandler.cpp,627,(debug),[achievement-game], ping received, cluster-id:7801, count:204
2025/02/11-01:41:30.665,AchievementSessionHandler.cpp,627,(debug),[achievement-game], ping received, cluster-id:17801, count:181
2025/02/11-01:41:37.415,AchievementSessionHandler.cpp,627,(debug),[achievement-game], ping received, cluster-id:7801, count:205
2025/02/11-01:41:40.658,AchievementSessionHandler.cpp,627,(debug),[achievement-game], ping received, cluster-id:17801, count:182
2025/02/11-01:41:47.409,AchievementSessionHandler.cpp,627,(debug),[achievement-game], ping received, cluster-id:7801, count:206
2025/02/11-01:41:50.661,AchievementSessionHandler.cpp,627,(debug),[achievement-game], ping received, cluster-id:17801, count:183
2025/02/11-01:41:57.413,AchievementSessionHandler.cpp,627,(debug),[achievement-game], ping received, cluster-id:7801, count:207
2025/02/11-01:42:00.658,AchievementSessionHandler.cpp,627,(debug),[achievement-game], ping received, cluster-id:17801, count:184
2025/02/11-01:42:07.414,AchievementSessionHandler.cpp,627,(debug),[achievement-game], ping received, cluster-id:7801, count:208
2025/02/11-01:42:10.669,AchievementSessionHandler.cpp,627,(debug),[achievement-game], ping received, cluster-id:17801, count:185
2025/02/11-01:42:17.407,AchievementSessionHandler.cpp,627,(debug),[achievement-game], ping received, cluster-id:7801, count:209
2025/02/11-01:42:20.670,AchievementSessionHandler.cpp,627,(debug),[achievement-game], ping received, cluster-id:17801, count:186
2025/02/11-01:42:27.408,AchievementSessionHandler.cpp,627,(debug),[achievement-game], ping received, cluster-id:7801, count:210
2025/02/11-01:42:30.659,AchievementSessionHandler.cpp,627,(debug),[achievement-game], ping received, cluster-id:17801, count:187
2025/02/11-01:42:37.420,AchievementSessionHandler.cpp,627,(debug),[achievement-game], ping received, cluster-id:7801, count:211
2025/02/11-01:42:40.667,AchievementSessionHandler.cpp,627,(debug),[achievement-game], ping received, cluster-id:17801, count:188
2025/02/11-01:42:47.418,AchievementSessionHandler.cpp,627,(debug),[achievement-game], ping received, cluster-id:7801, count:212
2025/02/11-01:42:50.675,AchievementSessionHandler.cpp,627,(debug),[achievement-game], ping received, cluster-id:17801, count:189
2025/02/11-01:42:57.414,AchievementSessionHandler.cpp,627,(debug),[achievement-game], ping received, cluster-id:7801, count:213
2025/02/11-01:43:00.661,AchievementSessionHandler.cpp,627,(debug),[achievement-game], ping received, cluster-id:17801, count:190
2025/02/11-01:43:07.423,AchievementSessionHandler.cpp,627,(debug),[achievement-game], ping received, cluster-id:7801, count:214
2025/02/11-01:43:10.670,AchievementSessionHandler.cpp,627,(debug),[achievement-game], ping received, cluster-id:17801, count:191
2025/02/11-01:43:17.419,AchievementSessionHandler.cpp,627,(debug),[achievement-game], ping received, cluster-id:7801, count:215
2025/02/11-01:43:20.671,AchievementSessionHandler.cpp,627,(debug),[achievement-game], ping received, cluster-id:17801, count:192
2025/02/11-01:43:27.399,AchievementSessionHandler.cpp,627,(debug),[achievement-game], ping received, cluster-id:7801, count:216
2025/02/11-01:43:30.663,AchievementSessionHandler.cpp,627,(debug),[achievement-game], ping received, cluster-id:17801, count:193
2025/02/11-01:43:37.402,AchievementSessionHandler.cpp,627,(debug),[achievement-game], ping received, cluster-id:7801, count:217
2025/02/11-01:43:40.666,AchievementSessionHandler.cpp,627,(debug),[achievement-game], ping received, cluster-id:17801, count:194
2025/02/11-01:43:47.417,AchievementSessionHandler.cpp,627,(debug),[achievement-game], ping received, cluster-id:7801, count:218
2025/02/11-01:43:50.665,AchievementSessionHandler.cpp,627,(debug),[achievement-game], ping received, cluster-id:17801, count:195
2025/02/11-01:43:57.416,AchievementSessionHandler.cpp,627,(debug),[achievement-game], ping received, cluster-id:7801, count:219
2025/02/11-01:44:00.666,AchievementSessionHandler.cpp,627,(debug),[achievement-game], ping received, cluster-id:17801, count:196
2025/02/11-01:44:07.420,AchievementSessionHandler.cpp,627,(debug),[achievement-game], ping received, cluster-id:7801, count:220
2025/02/11-01:44:10.674,AchievementSessionHandler.cpp,627,(debug),[achievement-game], ping received, cluster-id:17801, count:197
2025/02/11-01:44:17.415,AchievementSessionHandler.cpp,627,(debug),[achievement-game], ping received, cluster-id:7801, count:221
2025/02/11-01:44:20.661,AchievementSessionHandler.cpp,627,(debug),[achievement-game], ping received, cluster-id:17801, count:198
2025/02/11-01:44:27.426,AchievementSessionHandler.cpp,627,(debug),[achievement-game], ping received, cluster-id:7801, count:222
2025/02/11-01:44:30.676,AchievementSessionHandler.cpp,627,(debug),[achievement-game], ping received, cluster-id:17801, count:199
2025/02/11-01:44:37.416,AchievementSessionHandler.cpp,627,(debug),[achievement-game], ping received, cluster-id:7801, count:223
2025/02/11-01:44:40.675,AchievementSessionHandler.cpp,627,(debug),[achievement-game], ping received, cluster-id:17801, count:200
2025/02/11-01:44:47.419,AchievementSessionHandler.cpp,627,(debug),[achievement-game], ping received, cluster-id:7801, count:224
2025/02/11-01:44:50.666,AchievementSessionHandler.cpp,627,(debug),[achievement-game], ping received, cluster-id:17801, count:201
2025/02/11-01:44:57.419,AchievementSessionHandler.cpp,627,(debug),[achievement-game], ping received, cluster-id:7801, count:225
2025/02/11-01:45:00.664,AchievementSessionHandler.cpp,627,(debug),[achievement-game], ping received, cluster-id:17801, count:202
2025/02/11-01:45:07.413,AchievementSessionHandler.cpp,627,(debug),[achievement-game], ping received, cluster-id:7801, count:226
2025/02/11-01:45:10.663,AchievementSessionHandler.cpp,627,(debug),[achievement-game], ping received, cluster-id:17801, count:203
2025/02/11-01:45:17.409,AchievementSessionHandler.cpp,627,(debug),[achievement-game], ping received, cluster-id:7801, count:227
2025/02/11-01:45:20.664,AchievementSessionHandler.cpp,627,(debug),[achievement-game], ping received, cluster-id:17801, count:204
2025/02/11-01:45:27.413,AchievementSessionHandler.cpp,627,(debug),[achievement-game], ping received, cluster-id:7801, count:228
2025/02/11-01:45:30.671,AchievementSessionHandler.cpp,627,(debug),[achievement-game], ping received, cluster-id:17801, count:205
2025/02/11-01:45:37.420,AchievementSessionHandler.cpp,627,(debug),[achievement-game], ping received, cluster-id:7801, count:229
2025/02/11-01:45:40.672,AchievementSessionHandler.cpp,627,(debug),[achievement-game], ping received, cluster-id:17801, count:206
2025/02/11-01:45:47.423,AchievementSessionHandler.cpp,627,(debug),[achievement-game], ping received, cluster-id:7801, count:230
2025/02/11-01:45:50.668,AchievementSessionHandler.cpp,627,(debug),[achievement-game], ping received, cluster-id:17801, count:207
2025/02/11-01:45:57.408,AchievementSessionHandler.cpp,627,(debug),[achievement-game], ping received, cluster-id:7801, count:231
2025/02/11-01:46:00.671,AchievementSessionHandler.cpp,627,(debug),[achievement-game], ping received, cluster-id:17801, count:208
2025/02/11-01:46:07.419,AchievementSessionHandler.cpp,627,(debug),[achievement-game], ping received, cluster-id:7801, count:232
2025/02/11-01:46:10.663,AchievementSessionHandler.cpp,627,(debug),[achievement-game], ping received, cluster-id:17801, count:209
2025/02/11-01:46:17.419,AchievementSessionHandler.cpp,627,(debug),[achievement-game], ping received, cluster-id:7801, count:233
2025/02/11-01:46:20.660,AchievementSessionHandler.cpp,627,(debug),[achievement-game], ping received, cluster-id:17801, count:210
2025/02/11-01:46:27.416,AchievementSessionHandler.cpp,627,(debug),[achievement-game], ping received, cluster-id:7801, count:234
2025/02/11-01:46:30.657,AchievementSessionHandler.cpp,627,(debug),[achievement-game], ping received, cluster-id:17801, count:211
2025/02/11-01:46:37.407,AchievementSessionHandler.cpp,627,(debug),[achievement-game], ping received, cluster-id:7801, count:235
2025/02/11-01:46:40.661,AchievementSessionHandler.cpp,627,(debug),[achievement-game], ping received, cluster-id:17801, count:212
2025/02/11-01:46:47.409,AchievementSessionHandler.cpp,627,(debug),[achievement-game], ping received, cluster-id:7801, count:236
2025/02/11-01:46:50.663,AchievementSessionHandler.cpp,627,(debug),[achievement-game], ping received, cluster-id:17801, count:213
2025/02/11-01:46:57.417,AchievementSessionHandler.cpp,627,(debug),[achievement-game], ping received, cluster-id:7801, count:237
2025/02/11-01:47:00.665,AchievementSessionHandler.cpp,627,(debug),[achievement-game], ping received, cluster-id:17801, count:214
2025/02/11-01:47:07.400,AchievementSessionHandler.cpp,627,(debug),[achievement-game], ping received, cluster-id:7801, count:238
2025/02/11-01:47:10.670,AchievementSessionHandler.cpp,627,(debug),[achievement-game], ping received, cluster-id:17801, count:215
2025/02/11-01:47:17.430,AchievementSessionHandler.cpp,627,(debug),[achievement-game], ping received, cluster-id:7801, count:239
2025/02/11-01:47:20.664,AchievementSessionHandler.cpp,627,(debug),[achievement-game], ping received, cluster-id:17801, count:216
2025/02/11-01:47:27.409,AchievementSessionHandler.cpp,627,(debug),[achievement-game], ping received, cluster-id:7801, count:240
2025/02/11-01:47:30.668,AchievementSessionHandler.cpp,627,(debug),[achievement-game], ping received, cluster-id:17801, count:217
2025/02/11-01:47:37.418,AchievementSessionHandler.cpp,627,(debug),[achievement-game], ping received, cluster-id:7801, count:241
2025/02/11-01:47:40.672,AchievementSessionHandler.cpp,627,(debug),[achievement-game], ping received, cluster-id:17801, count:218
2025/02/11-01:47:47.423,AchievementSessionHandler.cpp,627,(debug),[achievement-game], ping received, cluster-id:7801, count:242
2025/02/11-01:47:50.670,AchievementSessionHandler.cpp,627,(debug),[achievement-game], ping received, cluster-id:17801, count:219
2025/02/11-01:47:57.417,AchievementSessionHandler.cpp,627,(debug),[achievement-game], ping received, cluster-id:7801, count:243
2025/02/11-01:48:00.665,AchievementSessionHandler.cpp,627,(debug),[achievement-game], ping received, cluster-id:17801, count:220
2025/02/11-01:48:07.415,AchievementSessionHandler.cpp,627,(debug),[achievement-game], ping received, cluster-id:7801, count:244
2025/02/11-01:48:10.658,AchievementSessionHandler.cpp,627,(debug),[achievement-game], ping received, cluster-id:17801, count:221
2025/02/11-01:48:17.406,AchievementSessionHandler.cpp,627,(debug),[achievement-game], ping received, cluster-id:7801, count:245
2025/02/11-01:48:20.661,AchievementSessionHandler.cpp,627,(debug),[achievement-game], ping received, cluster-id:17801, count:222
2025/02/11-01:48:27.417,AchievementSessionHandler.cpp,627,(debug),[achievement-game], ping received, cluster-id:7801, count:246
2025/02/11-01:48:30.669,AchievementSessionHandler.cpp,627,(debug),[achievement-game], ping received, cluster-id:17801, count:223
2025/02/11-01:48:37.417,AchievementSessionHandler.cpp,627,(debug),[achievement-game], ping received, cluster-id:7801, count:247
2025/02/11-01:48:40.658,AchievementSessionHandler.cpp,627,(debug),[achievement-game], ping received, cluster-id:17801, count:224
2025/02/11-01:48:47.422,AchievementSessionHandler.cpp,627,(debug),[achievement-game], ping received, cluster-id:7801, count:248
2025/02/11-01:48:50.670,AchievementSessionHandler.cpp,627,(debug),[achievement-game], ping received, cluster-id:17801, count:225
2025/02/11-01:48:57.415,AchievementSessionHandler.cpp,627,(debug),[achievement-game], ping received, cluster-id:7801, count:249
2025/02/11-01:49:00.667,AchievementSessionHandler.cpp,627,(debug),[achievement-game], ping received, cluster-id:17801, count:226
2025/02/11-01:49:07.410,AchievementSessionHandler.cpp,627,(debug),[achievement-game], ping received, cluster-id:7801, count:250
2025/02/11-01:49:10.659,AchievementSessionHandler.cpp,627,(debug),[achievement-game], ping received, cluster-id:17801, count:227
2025/02/11-01:49:17.411,AchievementSessionHandler.cpp,627,(debug),[achievement-game], ping received, cluster-id:7801, count:251
2025/02/11-01:49:20.671,AchievementSessionHandler.cpp,627,(debug),[achievement-game], ping received, cluster-id:17801, count:228
2025/02/11-01:49:27.416,AchievementSessionHandler.cpp,627,(debug),[achievement-game], ping received, cluster-id:7801, count:252
2025/02/11-01:49:30.662,AchievementSessionHandler.cpp,627,(debug),[achievement-game], ping received, cluster-id:17801, count:229
2025/02/11-01:49:37.419,AchievementSessionHandler.cpp,627,(debug),[achievement-game], ping received, cluster-id:7801, count:253
2025/02/11-01:49:40.668,AchievementSessionHandler.cpp,627,(debug),[achievement-game], ping received, cluster-id:17801, count:230
2025/02/11-01:49:47.412,AchievementSessionHandler.cpp,627,(debug),[achievement-game], ping received, cluster-id:7801, count:254
2025/02/11-01:49:50.665,AchievementSessionHandler.cpp,627,(debug),[achievement-game], ping received, cluster-id:17801, count:231
2025/02/11-01:49:57.418,AchievementSessionHandler.cpp,627,(debug),[achievement-game], ping received, cluster-id:7801, count:255
2025/02/11-01:50:00.672,AchievementSessionHandler.cpp,627,(debug),[achievement-game], ping received, cluster-id:17801, count:232
2025/02/11-01:50:04.132,AchievementEventManager.cpp,266,(debug),[pc], pc unload success, tid:2, pcdbid:0x281f, pcname:Warl0ck, cluster-id:7801, hint:0x10001
2025/02/11-01:50:07.424,AchievementSessionHandler.cpp,627,(debug),[achievement-game], ping received, cluster-id:7801, count:256
2025/02/11-01:50:10.658,AchievementSessionHandler.cpp,627,(debug),[achievement-game], ping received, cluster-id:17801, count:233
2025/02/11-01:50:17.422,AchievementSessionHandler.cpp,627,(debug),[achievement-game], ping received, cluster-id:7801, count:257
2025/02/11-01:50:20.656,AchievementSessionHandler.cpp,627,(debug),[achievement-game], ping received, cluster-id:17801, count:234
2025/02/11-01:50:27.420,AchievementSessionHandler.cpp,627,(debug),[achievement-game], ping received, cluster-id:7801, count:258
2025/02/11-01:50:30.665,AchievementSessionHandler.cpp,627,(debug),[achievement-game], ping received, cluster-id:17801, count:235
2025/02/11-01:50:37.418,AchievementSessionHandler.cpp,627,(debug),[achievement-game], ping received, cluster-id:7801, count:259
2025/02/11-01:50:40.670,AchievementSessionHandler.cpp,627,(debug),[achievement-game], ping received, cluster-id:17801, count:236
2025/02/11-01:50:47.404,AchievementSessionHandler.cpp,627,(debug),[achievement-game], ping received, cluster-id:7801, count:260
2025/02/11-01:50:50.666,AchievementSessionHandler.cpp,627,(debug),[achievement-game], ping received, cluster-id:17801, count:237
2025/02/11-01:50:57.411,AchievementSessionHandler.cpp,627,(debug),[achievement-game], ping received, cluster-id:7801, count:261
2025/02/11-01:51:00.673,AchievementSessionHandler.cpp,627,(debug),[achievement-game], ping received, cluster-id:17801, count:238
2025/02/11-01:51:07.419,AchievementSessionHandler.cpp,627,(debug),[achievement-game], ping received, cluster-id:7801, count:262
2025/02/11-01:51:10.669,AchievementSessionHandler.cpp,627,(debug),[achievement-game], ping received, cluster-id:17801, count:239
2025/02/11-01:51:17.414,AchievementSessionHandler.cpp,627,(debug),[achievement-game], ping received, cluster-id:7801, count:263
2025/02/11-01:51:20.664,AchievementSessionHandler.cpp,627,(debug),[achievement-game], ping received, cluster-id:17801, count:240
2025/02/11-01:51:27.407,AchievementSessionHandler.cpp,627,(debug),[achievement-game], ping received, cluster-id:7801, count:264
2025/02/11-01:51:30.665,AchievementSessionHandler.cpp,627,(debug),[achievement-game], ping received, cluster-id:17801, count:241
2025/02/11-01:51:37.413,AchievementSessionHandler.cpp,627,(debug),[achievement-game], ping received, cluster-id:7801, count:265
2025/02/11-01:51:40.657,AchievementSessionHandler.cpp,627,(debug),[achievement-game], ping received, cluster-id:17801, count:242
2025/02/11-01:51:47.413,AchievementSessionHandler.cpp,627,(debug),[achievement-game], ping received, cluster-id:7801, count:266
2025/02/11-01:51:50.658,AchievementSessionHandler.cpp,627,(debug),[achievement-game], ping received, cluster-id:17801, count:243
2025/02/11-01:51:57.418,AchievementSessionHandler.cpp,627,(debug),[achievement-game], ping received, cluster-id:7801, count:267
2025/02/11-01:52:00.668,AchievementSessionHandler.cpp,627,(debug),[achievement-game], ping received, cluster-id:17801, count:244
2025/02/11-01:52:07.400,AchievementSessionHandler.cpp,627,(debug),[achievement-game], ping received, cluster-id:7801, count:268
2025/02/11-01:52:10.657,AchievementSessionHandler.cpp,627,(debug),[achievement-game], ping received, cluster-id:17801, count:245
2025/02/11-01:52:17.425,AchievementSessionHandler.cpp,627,(debug),[achievement-game], ping received, cluster-id:7801, count:269
2025/02/11-01:52:20.665,AchievementSessionHandler.cpp,627,(debug),[achievement-game], ping received, cluster-id:17801, count:246
2025/02/11-01:52:27.411,AchievementSessionHandler.cpp,627,(debug),[achievement-game], ping received, cluster-id:7801, count:270
2025/02/11-01:52:30.662,AchievementSessionHandler.cpp,627,(debug),[achievement-game], ping received, cluster-id:17801, count:247
2025/02/11-01:52:37.405,AchievementSessionHandler.cpp,627,(debug),[achievement-game], ping received, cluster-id:7801, count:271
2025/02/11-01:52:40.663,AchievementSessionHandler.cpp,627,(debug),[achievement-game], ping received, cluster-id:17801, count:248
2025/02/11-01:52:47.417,AchievementSessionHandler.cpp,627,(debug),[achievement-game], ping received, cluster-id:7801, count:272
2025/02/11-01:52:50.675,AchievementSessionHandler.cpp,627,(debug),[achievement-game], ping received, cluster-id:17801, count:249
2025/02/11-01:52:57.424,AchievementSessionHandler.cpp,627,(debug),[achievement-game], ping received, cluster-id:7801, count:273
2025/02/11-01:53:00.669,AchievementSessionHandler.cpp,627,(debug),[achievement-game], ping received, cluster-id:17801, count:250
2025/02/11-01:53:07.424,AchievementSessionHandler.cpp,627,(debug),[achievement-game], ping received, cluster-id:7801, count:274
2025/02/11-01:53:10.659,AchievementSessionHandler.cpp,627,(debug),[achievement-game], ping received, cluster-id:17801, count:251
2025/02/11-01:53:17.417,AchievementSessionHandler.cpp,627,(debug),[achievement-game], ping received, cluster-id:7801, count:275
2025/02/11-01:53:20.670,AchievementSessionHandler.cpp,627,(debug),[achievement-game], ping received, cluster-id:17801, count:252
2025/02/11-01:53:27.417,AchievementSessionHandler.cpp,627,(debug),[achievement-game], ping received, cluster-id:7801, count:276
2025/02/11-01:53:30.661,AchievementSessionHandler.cpp,627,(debug),[achievement-game], ping received, cluster-id:17801, count:253
2025/02/11-01:53:37.429,AchievementSessionHandler.cpp,627,(debug),[achievement-game], ping received, cluster-id:7801, count:277
2025/02/11-01:53:40.669,AchievementSessionHandler.cpp,627,(debug),[achievement-game], ping received, cluster-id:17801, count:254
2025/02/11-01:53:47.409,AchievementSessionHandler.cpp,627,(debug),[achievement-game], ping received, cluster-id:7801, count:278
2025/02/11-01:53:50.670,AchievementSessionHandler.cpp,627,(debug),[achievement-game], ping received, cluster-id:17801, count:255
2025/02/11-01:53:57.419,AchievementSessionHandler.cpp,627,(debug),[achievement-game], ping received, cluster-id:7801, count:279
2025/02/11-01:54:00.670,AchievementSessionHandler.cpp,627,(debug),[achievement-game], ping received, cluster-id:17801, count:256
2025/02/11-01:54:07.414,AchievementSessionHandler.cpp,627,(debug),[achievement-game], ping received, cluster-id:7801, count:280
2025/02/11-01:54:10.664,AchievementSessionHandler.cpp,627,(debug),[achievement-game], ping received, cluster-id:17801, count:257
2025/02/11-01:54:17.415,AchievementSessionHandler.cpp,627,(debug),[achievement-game], ping received, cluster-id:7801, count:281
2025/02/11-01:54:20.671,AchievementSessionHandler.cpp,627,(debug),[achievement-game], ping received, cluster-id:17801, count:258
2025/02/11-01:54:27.416,AchievementSessionHandler.cpp,627,(debug),[achievement-game], ping received, cluster-id:7801, count:282
2025/02/11-01:54:30.657,AchievementSessionHandler.cpp,627,(debug),[achievement-game], ping received, cluster-id:17801, count:259
2025/02/11-01:54:37.416,AchievementSessionHandler.cpp,627,(debug),[achievement-game], ping received, cluster-id:7801, count:283
2025/02/11-01:54:40.657,AchievementSessionHandler.cpp,627,(debug),[achievement-game], ping received, cluster-id:17801, count:260
2025/02/11-01:54:47.419,AchievementSessionHandler.cpp,627,(debug),[achievement-game], ping received, cluster-id:7801, count:284
2025/02/11-01:54:50.667,AchievementSessionHandler.cpp,627,(debug),[achievement-game], ping received, cluster-id:17801, count:261
2025/02/11-01:54:57.411,AchievementSessionHandler.cpp,627,(debug),[achievement-game], ping received, cluster-id:7801, count:285
2025/02/11-01:55:00.670,AchievementSessionHandler.cpp,627,(debug),[achievement-game], ping received, cluster-id:17801, count:262
2025/02/11-01:55:07.421,AchievementSessionHandler.cpp,627,(debug),[achievement-game], ping received, cluster-id:7801, count:286
2025/02/11-01:55:10.660,AchievementSessionHandler.cpp,627,(debug),[achievement-game], ping received, cluster-id:17801, count:263
2025/02/11-01:55:17.411,AchievementSessionHandler.cpp,627,(debug),[achievement-game], ping received, cluster-id:7801, count:287
2025/02/11-01:55:20.667,AchievementSessionHandler.cpp,627,(debug),[achievement-game], ping received, cluster-id:17801, count:264
2025/02/11-01:55:27.411,AchievementSessionHandler.cpp,627,(debug),[achievement-game], ping received, cluster-id:7801, count:288
2025/02/11-01:55:30.657,AchievementSessionHandler.cpp,627,(debug),[achievement-game], ping received, cluster-id:17801, count:265
2025/02/11-01:55:37.416,AchievementSessionHandler.cpp,627,(debug),[achievement-game], ping received, cluster-id:7801, count:289
2025/02/11-01:55:40.664,AchievementSessionHandler.cpp,627,(debug),[achievement-game], ping received, cluster-id:17801, count:266
2025/02/11-01:55:47.417,AchievementSessionHandler.cpp,627,(debug),[achievement-game], ping received, cluster-id:7801, count:290
2025/02/11-01:55:50.659,AchievementSessionHandler.cpp,627,(debug),[achievement-game], ping received, cluster-id:17801, count:267
2025/02/11-01:55:57.416,AchievementSessionHandler.cpp,627,(debug),[achievement-game], ping received, cluster-id:7801, count:291
2025/02/11-01:56:00.662,AchievementSessionHandler.cpp,627,(debug),[achievement-game], ping received, cluster-id:17801, count:268
2025/02/11-01:56:07.416,AchievementSessionHandler.cpp,627,(debug),[achievement-game], ping received, cluster-id:7801, count:292
2025/02/11-01:56:10.660,AchievementSessionHandler.cpp,627,(debug),[achievement-game], ping received, cluster-id:17801, count:269
2025/02/11-01:56:17.418,AchievementSessionHandler.cpp,627,(debug),[achievement-game], ping received, cluster-id:7801, count:293
2025/02/11-01:56:20.667,AchievementSessionHandler.cpp,627,(debug),[achievement-game], ping received, cluster-id:17801, count:270
2025/02/11-01:56:27.415,AchievementSessionHandler.cpp,627,(debug),[achievement-game], ping received, cluster-id:7801, count:294
2025/02/11-01:56:30.672,AchievementSessionHandler.cpp,627,(debug),[achievement-game], ping received, cluster-id:17801, count:271
2025/02/11-01:56:37.414,AchievementSessionHandler.cpp,627,(debug),[achievement-game], ping received, cluster-id:7801, count:295
2025/02/11-01:56:40.651,AchievementSessionHandler.cpp,627,(debug),[achievement-game], ping received, cluster-id:17801, count:272
2025/02/11-01:56:47.404,AchievementSessionHandler.cpp,627,(debug),[achievement-game], ping received, cluster-id:7801, count:296
2025/02/11-01:56:50.665,AchievementSessionHandler.cpp,627,(debug),[achievement-game], ping received, cluster-id:17801, count:273
2025/02/11-01:56:51.974,AchievementEventManager.cpp,206,(debug),[pc], pc load success, tid:3, pcdbid:0x2820, pcname:War1ock, cluster-id:7801, hint:0x20001
2025/02/11-01:56:51.975,Pc.cpp,622,(debug),[pc], completed add, pcdbid:0x2820, pcname:War1ock, achievement-id:4, achievement-step:1, alias:4_level-up_PC_Level_step1, score-old:0, score-new:10
2025/02/11-01:56:51.975,Pc.cpp,638,(debug),[pc], completed step update, pcdbid:0x2820, pcname:War1ock, achievement-id:4, achievement-step-old:1, achievement-step-new:2, old-alias:4_level-up_PC_Level_step1, new-alias:4_level-up_PC_Level_step2, score-old:10, score-new:20
2025/02/11-01:56:51.975,Pc.cpp,638,(debug),[pc], completed step update, pcdbid:0x2820, pcname:War1ock, achievement-id:4, achievement-step-old:2, achievement-step-new:3, old-alias:4_level-up_PC_Level_step2, new-alias:4_level-up_PC_Level_step3, score-old:20, score-new:30
2025/02/11-01:56:51.975,Pc.cpp,638,(debug),[pc], completed step update, pcdbid:0x2820, pcname:War1ock, achievement-id:4, achievement-step-old:3, achievement-step-new:4, old-alias:4_level-up_PC_Level_step3, new-alias:4_level-up_PC_Level_step4, score-old:30, score-new:40
2025/02/11-01:56:51.975,Pc.cpp,638,(debug),[pc], completed step update, pcdbid:0x2820, pcname:War1ock, achievement-id:4, achievement-step-old:4, achievement-step-new:5, old-alias:4_level-up_PC_Level_step4, new-alias:4_level-up_PC_Level_step5, score-old:40, score-new:55
2025/02/11-01:56:57.409,AchievementSessionHandler.cpp,627,(debug),[achievement-game], ping received, cluster-id:7801, count:297
2025/02/11-01:57:00.661,AchievementSessionHandler.cpp,627,(debug),[achievement-game], ping received, cluster-id:17801, count:274
2025/02/11-01:57:07.410,AchievementSessionHandler.cpp,627,(debug),[achievement-game], ping received, cluster-id:7801, count:298
2025/02/11-01:57:10.658,AchievementSessionHandler.cpp,627,(debug),[achievement-game], ping received, cluster-id:17801, count:275
2025/02/11-01:57:17.423,AchievementSessionHandler.cpp,627,(debug),[achievement-game], ping received, cluster-id:7801, count:299
2025/02/11-01:57:20.665,AchievementSessionHandler.cpp,627,(debug),[achievement-game], ping received, cluster-id:17801, count:276
2025/02/11-01:57:21.765,Pc.cpp,622,(debug),[pc], completed add, pcdbid:0x2820, pcname:War1ock, achievement-id:101, achievement-step:4, alias:101_quest_Epic_step4, score-old:55, score-new:100
2025/02/11-01:57:27.417,AchievementSessionHandler.cpp,627,(debug),[achievement-game], ping received, cluster-id:7801, count:300
2025/02/11-01:57:30.669,AchievementSessionHandler.cpp,627,(debug),[achievement-game], ping received, cluster-id:17801, count:277
2025/02/11-01:57:37.417,AchievementSessionHandler.cpp,627,(debug),[achievement-game], ping received, cluster-id:7801, count:301
2025/02/11-01:57:40.659,AchievementSessionHandler.cpp,627,(debug),[achievement-game], ping received, cluster-id:17801, count:278
2025/02/11-01:57:47.408,AchievementSessionHandler.cpp,627,(debug),[achievement-game], ping received, cluster-id:7801, count:302
2025/02/11-01:57:50.669,AchievementSessionHandler.cpp,627,(debug),[achievement-game], ping received, cluster-id:17801, count:279
2025/02/11-01:57:57.416,AchievementSessionHandler.cpp,627,(debug),[achievement-game], ping received, cluster-id:7801, count:303
2025/02/11-01:58:00.670,AchievementSessionHandler.cpp,627,(debug),[achievement-game], ping received, cluster-id:17801, count:280
2025/02/11-01:58:07.408,AchievementSessionHandler.cpp,627,(debug),[achievement-game], ping received, cluster-id:7801, count:304
2025/02/11-01:58:10.676,AchievementSessionHandler.cpp,627,(debug),[achievement-game], ping received, cluster-id:17801, count:281
2025/02/11-01:58:17.417,AchievementSessionHandler.cpp,627,(debug),[achievement-game], ping received, cluster-id:7801, count:305
2025/02/11-01:58:20.660,AchievementSessionHandler.cpp,627,(debug),[achievement-game], ping received, cluster-id:17801, count:282
2025/02/11-01:58:27.419,AchievementSessionHandler.cpp,627,(debug),[achievement-game], ping received, cluster-id:7801, count:306
2025/02/11-01:58:30.664,AchievementSessionHandler.cpp,627,(debug),[achievement-game], ping received, cluster-id:17801, count:283
2025/02/11-01:58:37.411,AchievementSessionHandler.cpp,627,(debug),[achievement-game], ping received, cluster-id:7801, count:307
2025/02/11-01:58:40.663,AchievementSessionHandler.cpp,627,(debug),[achievement-game], ping received, cluster-id:17801, count:284
2025/02/11-01:58:47.412,AchievementSessionHandler.cpp,627,(debug),[achievement-game], ping received, cluster-id:7801, count:308
2025/02/11-01:58:50.669,AchievementSessionHandler.cpp,627,(debug),[achievement-game], ping received, cluster-id:17801, count:285
2025/02/11-01:58:57.409,AchievementSessionHandler.cpp,627,(debug),[achievement-game], ping received, cluster-id:7801, count:309
2025/02/11-01:59:00.668,AchievementSessionHandler.cpp,627,(debug),[achievement-game], ping received, cluster-id:17801, count:286
2025/02/11-01:59:07.409,AchievementSessionHandler.cpp,627,(debug),[achievement-game], ping received, cluster-id:7801, count:310
2025/02/11-01:59:10.660,AchievementSessionHandler.cpp,627,(debug),[achievement-game], ping received, cluster-id:17801, count:287
2025/02/11-01:59:17.413,AchievementSessionHandler.cpp,627,(debug),[achievement-game], ping received, cluster-id:7801, count:311
2025/02/11-01:59:20.660,AchievementSessionHandler.cpp,627,(debug),[achievement-game], ping received, cluster-id:17801, count:288
2025/02/11-01:59:27.413,AchievementSessionHandler.cpp,627,(debug),[achievement-game], ping received, cluster-id:7801, count:312
2025/02/11-01:59:30.669,AchievementSessionHandler.cpp,627,(debug),[achievement-game], ping received, cluster-id:17801, count:289
2025/02/11-01:59:37.409,AchievementSessionHandler.cpp,627,(debug),[achievement-game], ping received, cluster-id:7801, count:313
2025/02/11-01:59:37.623,AchievementEventManager.cpp,266,(debug),[pc], pc unload success, tid:3, pcdbid:0x2820, pcname:War1ock, cluster-id:7801, hint:0x20001
2025/02/11-01:59:40.674,AchievementSessionHandler.cpp,627,(debug),[achievement-game], ping received, cluster-id:17801, count:290
2025/02/11-01:59:47.407,AchievementSessionHandler.cpp,627,(debug),[achievement-game], ping received, cluster-id:7801, count:314
2025/02/11-01:59:50.658,AchievementSessionHandler.cpp,627,(debug),[achievement-game], ping received, cluster-id:17801, count:291
2025/02/11-01:59:57.410,AchievementSessionHandler.cpp,627,(debug),[achievement-game], ping received, cluster-id:7801, count:315
2025/02/11-02:00:00.657,AchievementSessionHandler.cpp,627,(debug),[achievement-game], ping received, cluster-id:17801, count:292
