2025/02/11-01:01:25.801,Daemon.cpp,483,(debug),[market_dealerd], Starting, daemon: Blade&Soul Market Dealer Daemon, version: 0.0.210.358, desc: Blade&Soul Market Dealer Daemon
2025/02/11-01:01:25.802,Daemon.cpp,484,(debug),[market_dealerd], Network Configuration, daemon: Blade&Soul Market Dealer Daemon, hostname: DESKTOP-K8DLTUB, public: 0.0.0.0, internal: 192.168.1.8
2025/02/11-01:01:25.805,MarketDealerDaemon.cpp,225,(notice),[market dealerd], MarketDealerDaemon::initialize; daemon initialization success
2025/02/11-01:01:26.821,MarketDealerDaemon.cpp,263,(notice),[market dealerd], MarketDealerDaemon::initNetwork; network initialization success
2025/02/11-01:01:26.824,TaxRateDataManager.cpp,184,(debug),[tax rate data manager], TaxRateDataManager::setSaleIncomeTaxRateTable; loaded sale income tax rate data, interval:0, taxRate:5, dataCount:1
2025/02/11-01:01:26.824,TaxRateDataManager.cpp,184,(debug),[tax rate data manager], TaxRateDataManager::setSaleIncomeTaxRateTable; loaded sale income tax rate data, interval:1000000, taxRate:6, dataCount:2
2025/02/11-01:01:26.824,TaxRateDataManager.cpp,184,(debug),[tax rate data manager], TaxRateDataManager::setSaleIncomeTaxRateTable; loaded sale income tax rate data, interval:10000000, taxRate:7, dataCount:3
2025/02/11-01:01:26.824,TaxRateDataManager.cpp,184,(debug),[tax rate data manager], TaxRateDataManager::setSaleIncomeTaxRateTable; loaded sale income tax rate data, interval:100000000, taxRate:8, dataCount:4
2025/02/11-01:01:26.983,TaxRateDataManager.cpp,195,(debug),[tax rate data manager], TaxRateDataManager::setSaleIncomeTaxRateTable; succeeded to set sale income tax rate table
2025/02/11-01:01:26.983,TaxRateDataManager.cpp,100,(notice),[tax rate data manager], TaxRateDataManager::SetTaxRateTable; succeeded to set sale income tax rate table, filePath:C:\Service\MarketDealerDaemon\data\MarketSaleIncomeTaxRateData.xml
2025/02/11-01:01:26.985,TaxRateDataManager.cpp,253,(debug),[tax rate data manager], TaxRateDataManager::setGrossIncomeTaxRateTable; loaded gross income tax rate data, interval:0, taxRate:0, dataCount:1
2025/02/11-01:01:26.985,TaxRateDataManager.cpp,253,(debug),[tax rate data manager], TaxRateDataManager::setGrossIncomeTaxRateTable; loaded gross income tax rate data, interval:10000000, taxRate:1, dataCount:2
2025/02/11-01:01:26.985,TaxRateDataManager.cpp,253,(debug),[tax rate data manager], TaxRateDataManager::setGrossIncomeTaxRateTable; loaded gross income tax rate data, interval:100000000, taxRate:2, dataCount:3
2025/02/11-01:01:26.985,TaxRateDataManager.cpp,253,(debug),[tax rate data manager], TaxRateDataManager::setGrossIncomeTaxRateTable; loaded gross income tax rate data, interval:500000000, taxRate:3, dataCount:4
2025/02/11-01:01:27.004,TaxRateDataManager.cpp,264,(debug),[tax rate data manager], TaxRateDataManager::setGrossIncomeTaxRateTable; succeeded to set gross income tax rate table
2025/02/11-01:01:27.004,TaxRateDataManager.cpp,113,(notice),[tax rate data manager], TaxRateDataManager::SetTaxRateTable; succeeded to set gross income tax rate table, filePath:C:\Service\MarketDealerDaemon\data\MarketGrossIncomeTaxRateData.xml
2025/02/11-01:01:27.010,MarketDealerDaemon.cpp,369,(debug),[market dealerd], MarketDealerDaemon::loadAllDataFromDB; finished to reset uncompleted delivery status, resetCount:0
2025/02/11-01:01:27.023,MarketDealerDaemon.cpp,380,(debug),[market dealerd], MarketDealerDaemon::loadAllDataFromDB; finished to load sale list, sale-count:0
2025/02/11-01:01:27.034,MarketDealerDaemon.cpp,391,(debug),[market dealerd], MarketDealerDaemon::loadAllDataFromDB; finished to load bid list
2025/02/11-01:01:27.040,MarketDealerDaemon.cpp,402,(debug),[market dealerd], MarketDealerDaemon::loadAllDataFromDB; finished to load purchase list
2025/02/11-01:01:27.052,MarketDealerDaemon.cpp,413,(debug),[market dealerd], MarketDealerDaemon::loadAllDataFromDB; finished to load delivery list, delivery-count:0
2025/02/11-01:01:27.052,MarketDealerDaemon.cpp,418,(notice),[market dealerd], MarketDealerDaemon::loadAllDataFromDB; database loading time:0sec
2025/02/11-01:01:27.052,MarketDealerDaemon.cpp,429,(notice),[market dealerd], MarketDealerDaemon::openListenPort; opened agent port successfully, portId:1, portNumber:20300
2025/02/11-01:01:27.052,MarketDealerDaemon.cpp,435,(notice),[market dealerd], MarketDealerDaemon::openListenPort; opened manager port successfully, portId:2, portNumber:30300
2025/02/11-01:01:27.052,MarketDealerDaemon.cpp,286,(notice),[market dealerd], MarketDealerDaemon::onStart; service ready
2025/02/11-01:01:27.053,Daemon.cpp,530,(debug),[market_dealerd], start, daemon: Blade&Soul Market Dealer Daemon, version: 0.0.210.358, loading time: 1281
2025/02/11-01:01:28.055,TimeoutTimer.cpp,27,(debug),[timeout timer], TimeoutTimer::HandleEvent; <BEGIN TIMER HANDLER>
2025/02/11-01:01:28.055,TimeoutTimer.cpp,31,(debug),[timeout timer], TimeoutTimer::HandleEvent; <END TIMER HANDLER>
2025/02/11-01:01:28.055,DeliveryTimer.cpp,25,(debug),[delivery timer], DeliveryTimer::HandleEvent; <BEGIN TIMER HANDLER>
2025/02/11-01:01:28.055,DeliveryTimer.cpp,48,(debug),[delivery timer], DeliveryTimer::checkDelivery; market agent is not connecting; cannot send packet; timer will try to send at next time again
2025/02/11-01:01:28.055,DeliveryTimer.cpp,29,(debug),[delivery timer], DeliveryTimer::HandleEvent; <END TIMER HANDLER>
2025/02/11-01:01:28.985,Port.cpp,648,(debug),[session], created, port-id:1, session-id:100000001, session:0000000002F60000
2025/02/11-01:01:28.985,AgentChannel.cpp,112,(notice),[agent channel], AgentSessionHandler::OnAccept; accepted agent session, sessionId:0x100000001, portId:1, sessionIndex:1
2025/02/11-01:01:28.985,Session.cpp,471,(debug),[session], accepted from, port id: 1, session id:100000001, this:0000000002F60000, ip:192.168.1.8, port:55481, socket:000000000000058C
2025/02/11-01:01:28.985,AgentPacketHandler.cpp,39,(debug),[agent packet handler], HandleMarketDealerHelloReq; <BEGIN PACKET HANDLER>
2025/02/11-01:01:28.985,AgentPacketHandler.cpp,62,(debug),[agent packet handler], HandleMarketDealerHelloReq; decomposed packet, marketdealer-packet-version:14, marketagent-packet-version:8, economy-common-packet-version:10, agentWid:11030, connectionType:1
2025/02/11-01:01:28.985,AgentPacketHandler.cpp,116,(notice),[agent packet handler], HandleMarketDealerHelloReq; sent hello success ack, agentWid:11030
2025/02/11-01:01:28.985,AgentPacketHandler.cpp,118,(debug),[agent packet handler], HandleMarketDealerHelloReq; <END PACKET HANDLER>
2025/02/11-01:01:48.065,TimeoutTimer.cpp,27,(debug),[timeout timer], TimeoutTimer::HandleEvent; <BEGIN TIMER HANDLER>
2025/02/11-01:01:48.065,TimeoutTimer.cpp,31,(debug),[timeout timer], TimeoutTimer::HandleEvent; <END TIMER HANDLER>
2025/02/11-01:02:08.059,TimeoutTimer.cpp,27,(debug),[timeout timer], TimeoutTimer::HandleEvent; <BEGIN TIMER HANDLER>
2025/02/11-01:02:08.059,TimeoutTimer.cpp,31,(debug),[timeout timer], TimeoutTimer::HandleEvent; <END TIMER HANDLER>
2025/02/11-01:02:28.052,DeliveryTimer.cpp,25,(debug),[delivery timer], DeliveryTimer::HandleEvent; <BEGIN TIMER HANDLER>
2025/02/11-01:02:28.052,DeliveryTimer.cpp,29,(debug),[delivery timer], DeliveryTimer::HandleEvent; <END TIMER HANDLER>
2025/02/11-01:02:28.052,TimeoutTimer.cpp,27,(debug),[timeout timer], TimeoutTimer::HandleEvent; <BEGIN TIMER HANDLER>
2025/02/11-01:02:28.052,TimeoutTimer.cpp,31,(debug),[timeout timer], TimeoutTimer::HandleEvent; <END TIMER HANDLER>
2025/02/11-01:02:48.064,TimeoutTimer.cpp,27,(debug),[timeout timer], TimeoutTimer::HandleEvent; <BEGIN TIMER HANDLER>
2025/02/11-01:02:48.064,TimeoutTimer.cpp,31,(debug),[timeout timer], TimeoutTimer::HandleEvent; <END TIMER HANDLER>
2025/02/11-01:03:08.061,TimeoutTimer.cpp,27,(debug),[timeout timer], TimeoutTimer::HandleEvent; <BEGIN TIMER HANDLER>
2025/02/11-01:03:08.061,TimeoutTimer.cpp,31,(debug),[timeout timer], TimeoutTimer::HandleEvent; <END TIMER HANDLER>
2025/02/11-01:03:28.066,TimeoutTimer.cpp,27,(debug),[timeout timer], TimeoutTimer::HandleEvent; <BEGIN TIMER HANDLER>
2025/02/11-01:03:28.066,TimeoutTimer.cpp,31,(debug),[timeout timer], TimeoutTimer::HandleEvent; <END TIMER HANDLER>
2025/02/11-01:03:28.066,DeliveryTimer.cpp,25,(debug),[delivery timer], DeliveryTimer::HandleEvent; <BEGIN TIMER HANDLER>
2025/02/11-01:03:28.066,DeliveryTimer.cpp,29,(debug),[delivery timer], DeliveryTimer::HandleEvent; <END TIMER HANDLER>
2025/02/11-01:03:48.049,TimeoutTimer.cpp,27,(debug),[timeout timer], TimeoutTimer::HandleEvent; <BEGIN TIMER HANDLER>
2025/02/11-01:03:48.049,TimeoutTimer.cpp,31,(debug),[timeout timer], TimeoutTimer::HandleEvent; <END TIMER HANDLER>
2025/02/11-01:04:08.059,TimeoutTimer.cpp,27,(debug),[timeout timer], TimeoutTimer::HandleEvent; <BEGIN TIMER HANDLER>
2025/02/11-01:04:08.059,TimeoutTimer.cpp,31,(debug),[timeout timer], TimeoutTimer::HandleEvent; <END TIMER HANDLER>
2025/02/11-01:04:28.050,DeliveryTimer.cpp,25,(debug),[delivery timer], DeliveryTimer::HandleEvent; <BEGIN TIMER HANDLER>
2025/02/11-01:04:28.050,TimeoutTimer.cpp,27,(debug),[timeout timer], TimeoutTimer::HandleEvent; <BEGIN TIMER HANDLER>
2025/02/11-01:04:28.050,DeliveryTimer.cpp,29,(debug),[delivery timer], DeliveryTimer::HandleEvent; <END TIMER HANDLER>
2025/02/11-01:04:28.050,TimeoutTimer.cpp,31,(debug),[timeout timer], TimeoutTimer::HandleEvent; <END TIMER HANDLER>
2025/02/11-01:04:48.060,TimeoutTimer.cpp,27,(debug),[timeout timer], TimeoutTimer::HandleEvent; <BEGIN TIMER HANDLER>
2025/02/11-01:04:48.060,TimeoutTimer.cpp,31,(debug),[timeout timer], TimeoutTimer::HandleEvent; <END TIMER HANDLER>
2025/02/11-01:05:08.117,TimeoutTimer.cpp,27,(debug),[timeout timer], TimeoutTimer::HandleEvent; <BEGIN TIMER HANDLER>
2025/02/11-01:05:08.117,TimeoutTimer.cpp,31,(debug),[timeout timer], TimeoutTimer::HandleEvent; <END TIMER HANDLER>
2025/02/11-01:05:28.056,DeliveryTimer.cpp,25,(debug),[delivery timer], DeliveryTimer::HandleEvent; <BEGIN TIMER HANDLER>
2025/02/11-01:05:28.056,TimeoutTimer.cpp,27,(debug),[timeout timer], TimeoutTimer::HandleEvent; <BEGIN TIMER HANDLER>
2025/02/11-01:05:28.056,DeliveryTimer.cpp,29,(debug),[delivery timer], DeliveryTimer::HandleEvent; <END TIMER HANDLER>
2025/02/11-01:05:28.056,TimeoutTimer.cpp,31,(debug),[timeout timer], TimeoutTimer::HandleEvent; <END TIMER HANDLER>
2025/02/11-01:05:48.065,TimeoutTimer.cpp,27,(debug),[timeout timer], TimeoutTimer::HandleEvent; <BEGIN TIMER HANDLER>
2025/02/11-01:05:48.065,TimeoutTimer.cpp,31,(debug),[timeout timer], TimeoutTimer::HandleEvent; <END TIMER HANDLER>
2025/02/11-01:06:08.062,TimeoutTimer.cpp,27,(debug),[timeout timer], TimeoutTimer::HandleEvent; <BEGIN TIMER HANDLER>
2025/02/11-01:06:08.062,TimeoutTimer.cpp,31,(debug),[timeout timer], TimeoutTimer::HandleEvent; <END TIMER HANDLER>
2025/02/11-01:06:28.049,DeliveryTimer.cpp,25,(debug),[delivery timer], DeliveryTimer::HandleEvent; <BEGIN TIMER HANDLER>
2025/02/11-01:06:28.049,DeliveryTimer.cpp,29,(debug),[delivery timer], DeliveryTimer::HandleEvent; <END TIMER HANDLER>
2025/02/11-01:06:28.049,TimeoutTimer.cpp,27,(debug),[timeout timer], TimeoutTimer::HandleEvent; <BEGIN TIMER HANDLER>
2025/02/11-01:06:28.049,TimeoutTimer.cpp,31,(debug),[timeout timer], TimeoutTimer::HandleEvent; <END TIMER HANDLER>
2025/02/11-01:06:48.052,TimeoutTimer.cpp,27,(debug),[timeout timer], TimeoutTimer::HandleEvent; <BEGIN TIMER HANDLER>
2025/02/11-01:06:48.052,TimeoutTimer.cpp,31,(debug),[timeout timer], TimeoutTimer::HandleEvent; <END TIMER HANDLER>
2025/02/11-01:07:08.060,TimeoutTimer.cpp,27,(debug),[timeout timer], TimeoutTimer::HandleEvent; <BEGIN TIMER HANDLER>
2025/02/11-01:07:08.060,TimeoutTimer.cpp,31,(debug),[timeout timer], TimeoutTimer::HandleEvent; <END TIMER HANDLER>
2025/02/11-01:07:28.059,DeliveryTimer.cpp,25,(debug),[delivery timer], DeliveryTimer::HandleEvent; <BEGIN TIMER HANDLER>
2025/02/11-01:07:28.059,DeliveryTimer.cpp,29,(debug),[delivery timer], DeliveryTimer::HandleEvent; <END TIMER HANDLER>
2025/02/11-01:07:28.060,TimeoutTimer.cpp,27,(debug),[timeout timer], TimeoutTimer::HandleEvent; <BEGIN TIMER HANDLER>
2025/02/11-01:07:28.060,TimeoutTimer.cpp,31,(debug),[timeout timer], TimeoutTimer::HandleEvent; <END TIMER HANDLER>
2025/02/11-01:07:48.046,TimeoutTimer.cpp,27,(debug),[timeout timer], TimeoutTimer::HandleEvent; <BEGIN TIMER HANDLER>
2025/02/11-01:07:48.046,TimeoutTimer.cpp,31,(debug),[timeout timer], TimeoutTimer::HandleEvent; <END TIMER HANDLER>
2025/02/11-01:08:08.056,TimeoutTimer.cpp,27,(debug),[timeout timer], TimeoutTimer::HandleEvent; <BEGIN TIMER HANDLER>
2025/02/11-01:08:08.056,TimeoutTimer.cpp,31,(debug),[timeout timer], TimeoutTimer::HandleEvent; <END TIMER HANDLER>
2025/02/11-01:08:28.093,TimeoutTimer.cpp,27,(debug),[timeout timer], TimeoutTimer::HandleEvent; <BEGIN TIMER HANDLER>
2025/02/11-01:08:28.175,DeliveryTimer.cpp,25,(debug),[delivery timer], DeliveryTimer::HandleEvent; <BEGIN TIMER HANDLER>
2025/02/11-01:08:28.231,DeliveryTimer.cpp,29,(debug),[delivery timer], DeliveryTimer::HandleEvent; <END TIMER HANDLER>
2025/02/11-01:08:28.300,TimeoutTimer.cpp,31,(debug),[timeout timer], TimeoutTimer::HandleEvent; <END TIMER HANDLER>
2025/02/11-01:08:48.050,TimeoutTimer.cpp,27,(debug),[timeout timer], TimeoutTimer::HandleEvent; <BEGIN TIMER HANDLER>
2025/02/11-01:08:48.050,TimeoutTimer.cpp,31,(debug),[timeout timer], TimeoutTimer::HandleEvent; <END TIMER HANDLER>
2025/02/11-01:09:08.058,TimeoutTimer.cpp,27,(debug),[timeout timer], TimeoutTimer::HandleEvent; <BEGIN TIMER HANDLER>
2025/02/11-01:09:08.058,TimeoutTimer.cpp,31,(debug),[timeout timer], TimeoutTimer::HandleEvent; <END TIMER HANDLER>
2025/02/11-01:09:28.067,TimeoutTimer.cpp,27,(debug),[timeout timer], TimeoutTimer::HandleEvent; <BEGIN TIMER HANDLER>
2025/02/11-01:09:28.067,TimeoutTimer.cpp,31,(debug),[timeout timer], TimeoutTimer::HandleEvent; <END TIMER HANDLER>
2025/02/11-01:09:28.067,DeliveryTimer.cpp,25,(debug),[delivery timer], DeliveryTimer::HandleEvent; <BEGIN TIMER HANDLER>
2025/02/11-01:09:28.067,DeliveryTimer.cpp,29,(debug),[delivery timer], DeliveryTimer::HandleEvent; <END TIMER HANDLER>
2025/02/11-01:09:48.063,TimeoutTimer.cpp,27,(debug),[timeout timer], TimeoutTimer::HandleEvent; <BEGIN TIMER HANDLER>
2025/02/11-01:09:48.063,TimeoutTimer.cpp,31,(debug),[timeout timer], TimeoutTimer::HandleEvent; <END TIMER HANDLER>
2025/02/11-01:10:08.051,TimeoutTimer.cpp,27,(debug),[timeout timer], TimeoutTimer::HandleEvent; <BEGIN TIMER HANDLER>
2025/02/11-01:10:08.051,TimeoutTimer.cpp,31,(debug),[timeout timer], TimeoutTimer::HandleEvent; <END TIMER HANDLER>
2025/02/11-01:10:28.066,DeliveryTimer.cpp,25,(debug),[delivery timer], DeliveryTimer::HandleEvent; <BEGIN TIMER HANDLER>
2025/02/11-01:10:28.066,DeliveryTimer.cpp,29,(debug),[delivery timer], DeliveryTimer::HandleEvent; <END TIMER HANDLER>
2025/02/11-01:10:28.066,TimeoutTimer.cpp,27,(debug),[timeout timer], TimeoutTimer::HandleEvent; <BEGIN TIMER HANDLER>
2025/02/11-01:10:28.066,TimeoutTimer.cpp,31,(debug),[timeout timer], TimeoutTimer::HandleEvent; <END TIMER HANDLER>
2025/02/11-01:10:48.058,TimeoutTimer.cpp,27,(debug),[timeout timer], TimeoutTimer::HandleEvent; <BEGIN TIMER HANDLER>
2025/02/11-01:10:48.058,TimeoutTimer.cpp,31,(debug),[timeout timer], TimeoutTimer::HandleEvent; <END TIMER HANDLER>
2025/02/11-01:11:08.069,TimeoutTimer.cpp,27,(debug),[timeout timer], TimeoutTimer::HandleEvent; <BEGIN TIMER HANDLER>
2025/02/11-01:11:08.069,TimeoutTimer.cpp,31,(debug),[timeout timer], TimeoutTimer::HandleEvent; <END TIMER HANDLER>
2025/02/11-01:11:28.064,TimeoutTimer.cpp,27,(debug),[timeout timer], TimeoutTimer::HandleEvent; <BEGIN TIMER HANDLER>
2025/02/11-01:11:28.064,DeliveryTimer.cpp,25,(debug),[delivery timer], DeliveryTimer::HandleEvent; <BEGIN TIMER HANDLER>
2025/02/11-01:11:28.064,TimeoutTimer.cpp,31,(debug),[timeout timer], TimeoutTimer::HandleEvent; <END TIMER HANDLER>
2025/02/11-01:11:28.064,DeliveryTimer.cpp,29,(debug),[delivery timer], DeliveryTimer::HandleEvent; <END TIMER HANDLER>
2025/02/11-01:11:48.066,TimeoutTimer.cpp,27,(debug),[timeout timer], TimeoutTimer::HandleEvent; <BEGIN TIMER HANDLER>
2025/02/11-01:11:48.066,TimeoutTimer.cpp,31,(debug),[timeout timer], TimeoutTimer::HandleEvent; <END TIMER HANDLER>
2025/02/11-01:12:08.065,TimeoutTimer.cpp,27,(debug),[timeout timer], TimeoutTimer::HandleEvent; <BEGIN TIMER HANDLER>
2025/02/11-01:12:08.065,TimeoutTimer.cpp,31,(debug),[timeout timer], TimeoutTimer::HandleEvent; <END TIMER HANDLER>
2025/02/11-01:12:28.064,TimeoutTimer.cpp,27,(debug),[timeout timer], TimeoutTimer::HandleEvent; <BEGIN TIMER HANDLER>
2025/02/11-01:12:28.064,TimeoutTimer.cpp,31,(debug),[timeout timer], TimeoutTimer::HandleEvent; <END TIMER HANDLER>
2025/02/11-01:12:28.064,DeliveryTimer.cpp,25,(debug),[delivery timer], DeliveryTimer::HandleEvent; <BEGIN TIMER HANDLER>
2025/02/11-01:12:28.065,DeliveryTimer.cpp,29,(debug),[delivery timer], DeliveryTimer::HandleEvent; <END TIMER HANDLER>
2025/02/11-01:12:48.061,TimeoutTimer.cpp,27,(debug),[timeout timer], TimeoutTimer::HandleEvent; <BEGIN TIMER HANDLER>
2025/02/11-01:12:48.061,TimeoutTimer.cpp,31,(debug),[timeout timer], TimeoutTimer::HandleEvent; <END TIMER HANDLER>
2025/02/11-01:13:08.055,TimeoutTimer.cpp,27,(debug),[timeout timer], TimeoutTimer::HandleEvent; <BEGIN TIMER HANDLER>
2025/02/11-01:13:08.055,TimeoutTimer.cpp,31,(debug),[timeout timer], TimeoutTimer::HandleEvent; <END TIMER HANDLER>
2025/02/11-01:13:28.053,TimeoutTimer.cpp,27,(debug),[timeout timer], TimeoutTimer::HandleEvent; <BEGIN TIMER HANDLER>
2025/02/11-01:13:28.053,DeliveryTimer.cpp,25,(debug),[delivery timer], DeliveryTimer::HandleEvent; <BEGIN TIMER HANDLER>
2025/02/11-01:13:28.053,TimeoutTimer.cpp,31,(debug),[timeout timer], TimeoutTimer::HandleEvent; <END TIMER HANDLER>
2025/02/11-01:13:28.053,DeliveryTimer.cpp,29,(debug),[delivery timer], DeliveryTimer::HandleEvent; <END TIMER HANDLER>
2025/02/11-01:13:48.058,TimeoutTimer.cpp,27,(debug),[timeout timer], TimeoutTimer::HandleEvent; <BEGIN TIMER HANDLER>
2025/02/11-01:13:48.058,TimeoutTimer.cpp,31,(debug),[timeout timer], TimeoutTimer::HandleEvent; <END TIMER HANDLER>
2025/02/11-01:14:08.062,TimeoutTimer.cpp,27,(debug),[timeout timer], TimeoutTimer::HandleEvent; <BEGIN TIMER HANDLER>
2025/02/11-01:14:08.062,TimeoutTimer.cpp,31,(debug),[timeout timer], TimeoutTimer::HandleEvent; <END TIMER HANDLER>
2025/02/11-01:14:28.069,DeliveryTimer.cpp,25,(debug),[delivery timer], DeliveryTimer::HandleEvent; <BEGIN TIMER HANDLER>
2025/02/11-01:14:28.069,TimeoutTimer.cpp,27,(debug),[timeout timer], TimeoutTimer::HandleEvent; <BEGIN TIMER HANDLER>
2025/02/11-01:14:28.069,DeliveryTimer.cpp,29,(debug),[delivery timer], DeliveryTimer::HandleEvent; <END TIMER HANDLER>
2025/02/11-01:14:28.069,TimeoutTimer.cpp,31,(debug),[timeout timer], TimeoutTimer::HandleEvent; <END TIMER HANDLER>
2025/02/11-01:14:48.051,TimeoutTimer.cpp,27,(debug),[timeout timer], TimeoutTimer::HandleEvent; <BEGIN TIMER HANDLER>
2025/02/11-01:14:48.051,TimeoutTimer.cpp,31,(debug),[timeout timer], TimeoutTimer::HandleEvent; <END TIMER HANDLER>
2025/02/11-01:14:53.364,ThreadFreePacketPump.cpp,187,(debug),[packet-pump], post, 1
2025/02/11-01:14:53.365,ThreadFreePacketPump.cpp,87,(debug),[packet-pump], handle start, 1, session:0x0000000100000001, command:70
2025/02/11-01:14:53.365,AgentPacketHandler.cpp,654,(debug),[agent packet handler], HandleMarketDealerRetrieveReservationListReq; <BEGIN PACKET HANDLER>
2025/02/11-01:14:53.366,JobContext.cpp,3375,(debug),[job context], RetrieveReservationListJob::Initialize; decomposed packet, tid:0x1, wid:7801, pcId:0xA4
2025/02/11-01:14:53.694,JobContext.cpp,3405,(notice),[job context], RetrieveReservationListJob::ReplySuccess; sent retrieve reservation list success ack, tid:0x1, wid:7801, pcId:0xA4, contextCount:0
2025/02/11-01:14:53.694,AgentPacketHandler.cpp,671,(debug),[agent packet handler], HandleMarketDealerRetrieveReservationListReq; <END PACKET HANDLER>
2025/02/11-01:14:53.694,ThreadFreePacketPump.cpp,93,(debug),[packet-pump], handle end, 1, session:0x0000000100000001, command:70
2025/02/11-01:15:08.055,TimeoutTimer.cpp,27,(debug),[timeout timer], TimeoutTimer::HandleEvent; <BEGIN TIMER HANDLER>
2025/02/11-01:15:08.055,TimeoutTimer.cpp,31,(debug),[timeout timer], TimeoutTimer::HandleEvent; <END TIMER HANDLER>
2025/02/11-01:15:28.057,TimeoutTimer.cpp,27,(debug),[timeout timer], TimeoutTimer::HandleEvent; <BEGIN TIMER HANDLER>
2025/02/11-01:15:28.057,TimeoutTimer.cpp,31,(debug),[timeout timer], TimeoutTimer::HandleEvent; <END TIMER HANDLER>
2025/02/11-01:15:28.057,DeliveryTimer.cpp,25,(debug),[delivery timer], DeliveryTimer::HandleEvent; <BEGIN TIMER HANDLER>
2025/02/11-01:15:28.057,DeliveryTimer.cpp,29,(debug),[delivery timer], DeliveryTimer::HandleEvent; <END TIMER HANDLER>
2025/02/11-01:15:48.062,TimeoutTimer.cpp,27,(debug),[timeout timer], TimeoutTimer::HandleEvent; <BEGIN TIMER HANDLER>
2025/02/11-01:15:48.062,TimeoutTimer.cpp,31,(debug),[timeout timer], TimeoutTimer::HandleEvent; <END TIMER HANDLER>
2025/02/11-01:15:49.866,ThreadFreePacketPump.cpp,187,(debug),[packet-pump], post, 2
2025/02/11-01:15:49.866,ThreadFreePacketPump.cpp,87,(debug),[packet-pump], handle start, 2, session:0x0000000100000001, command:7
2025/02/11-01:15:49.866,AgentPacketHandler.cpp,157,(debug),[agent packet handler], HandleMarketDealerRetrieveBidListReq; <BEGIN PACKET HANDLER>
2025/02/11-01:15:49.866,JobContext.cpp,342,(debug),[job context], RetrieveBidListJob::Initialize; decomposed packet, tid:0x1000000000001, wid:7801, bidderPcId:0xA4
2025/02/11-01:15:49.890,JobContext.cpp,370,(notice),[job context], RetrieveBidListJob::ReplySuccess; sent retrieve bid list success ack, tid:0x1000000000001, wid:7801, bidderPcId:0xA4
2025/02/11-01:15:49.890,AgentPacketHandler.cpp,174,(debug),[agent packet handler], HandleMarketDealerRetrieveBidListReq; <END PACKET HANDLER>
2025/02/11-01:15:49.890,ThreadFreePacketPump.cpp,93,(debug),[packet-pump], handle end, 2, session:0x0000000100000001, command:7
2025/02/11-01:16:08.056,TimeoutTimer.cpp,27,(debug),[timeout timer], TimeoutTimer::HandleEvent; <BEGIN TIMER HANDLER>
2025/02/11-01:16:08.056,TimeoutTimer.cpp,31,(debug),[timeout timer], TimeoutTimer::HandleEvent; <END TIMER HANDLER>
2025/02/11-01:16:28.066,DeliveryTimer.cpp,25,(debug),[delivery timer], DeliveryTimer::HandleEvent; <BEGIN TIMER HANDLER>
2025/02/11-01:16:28.066,DeliveryTimer.cpp,29,(debug),[delivery timer], DeliveryTimer::HandleEvent; <END TIMER HANDLER>
2025/02/11-01:16:28.066,TimeoutTimer.cpp,27,(debug),[timeout timer], TimeoutTimer::HandleEvent; <BEGIN TIMER HANDLER>
2025/02/11-01:16:28.066,TimeoutTimer.cpp,31,(debug),[timeout timer], TimeoutTimer::HandleEvent; <END TIMER HANDLER>
2025/02/11-01:16:48.049,TimeoutTimer.cpp,27,(debug),[timeout timer], TimeoutTimer::HandleEvent; <BEGIN TIMER HANDLER>
2025/02/11-01:16:48.049,TimeoutTimer.cpp,31,(debug),[timeout timer], TimeoutTimer::HandleEvent; <END TIMER HANDLER>
2025/02/11-01:17:08.060,TimeoutTimer.cpp,27,(debug),[timeout timer], TimeoutTimer::HandleEvent; <BEGIN TIMER HANDLER>
2025/02/11-01:17:08.060,TimeoutTimer.cpp,31,(debug),[timeout timer], TimeoutTimer::HandleEvent; <END TIMER HANDLER>
2025/02/11-01:17:28.057,DeliveryTimer.cpp,25,(debug),[delivery timer], DeliveryTimer::HandleEvent; <BEGIN TIMER HANDLER>
2025/02/11-01:17:28.057,TimeoutTimer.cpp,27,(debug),[timeout timer], TimeoutTimer::HandleEvent; <BEGIN TIMER HANDLER>
2025/02/11-01:17:28.057,DeliveryTimer.cpp,29,(debug),[delivery timer], DeliveryTimer::HandleEvent; <END TIMER HANDLER>
2025/02/11-01:17:28.057,TimeoutTimer.cpp,31,(debug),[timeout timer], TimeoutTimer::HandleEvent; <END TIMER HANDLER>
2025/02/11-01:17:48.056,TimeoutTimer.cpp,27,(debug),[timeout timer], TimeoutTimer::HandleEvent; <BEGIN TIMER HANDLER>
2025/02/11-01:17:48.056,TimeoutTimer.cpp,31,(debug),[timeout timer], TimeoutTimer::HandleEvent; <END TIMER HANDLER>
2025/02/11-01:18:08.069,TimeoutTimer.cpp,27,(debug),[timeout timer], TimeoutTimer::HandleEvent; <BEGIN TIMER HANDLER>
2025/02/11-01:18:08.069,TimeoutTimer.cpp,31,(debug),[timeout timer], TimeoutTimer::HandleEvent; <END TIMER HANDLER>
2025/02/11-01:18:28.052,DeliveryTimer.cpp,25,(debug),[delivery timer], DeliveryTimer::HandleEvent; <BEGIN TIMER HANDLER>
2025/02/11-01:18:28.052,DeliveryTimer.cpp,29,(debug),[delivery timer], DeliveryTimer::HandleEvent; <END TIMER HANDLER>
2025/02/11-01:18:28.052,TimeoutTimer.cpp,27,(debug),[timeout timer], TimeoutTimer::HandleEvent; <BEGIN TIMER HANDLER>
2025/02/11-01:18:28.052,TimeoutTimer.cpp,31,(debug),[timeout timer], TimeoutTimer::HandleEvent; <END TIMER HANDLER>
2025/02/11-01:18:48.061,TimeoutTimer.cpp,27,(debug),[timeout timer], TimeoutTimer::HandleEvent; <BEGIN TIMER HANDLER>
2025/02/11-01:18:48.061,TimeoutTimer.cpp,31,(debug),[timeout timer], TimeoutTimer::HandleEvent; <END TIMER HANDLER>
2025/02/11-01:19:08.050,TimeoutTimer.cpp,27,(debug),[timeout timer], TimeoutTimer::HandleEvent; <BEGIN TIMER HANDLER>
2025/02/11-01:19:08.050,TimeoutTimer.cpp,31,(debug),[timeout timer], TimeoutTimer::HandleEvent; <END TIMER HANDLER>
2025/02/11-01:19:28.056,DeliveryTimer.cpp,25,(debug),[delivery timer], DeliveryTimer::HandleEvent; <BEGIN TIMER HANDLER>
2025/02/11-01:19:28.056,DeliveryTimer.cpp,29,(debug),[delivery timer], DeliveryTimer::HandleEvent; <END TIMER HANDLER>
2025/02/11-01:19:28.056,TimeoutTimer.cpp,27,(debug),[timeout timer], TimeoutTimer::HandleEvent; <BEGIN TIMER HANDLER>
2025/02/11-01:19:28.056,TimeoutTimer.cpp,31,(debug),[timeout timer], TimeoutTimer::HandleEvent; <END TIMER HANDLER>
2025/02/11-01:19:48.056,TimeoutTimer.cpp,27,(debug),[timeout timer], TimeoutTimer::HandleEvent; <BEGIN TIMER HANDLER>
2025/02/11-01:19:48.056,TimeoutTimer.cpp,31,(debug),[timeout timer], TimeoutTimer::HandleEvent; <END TIMER HANDLER>
2025/02/11-01:20:08.065,TimeoutTimer.cpp,27,(debug),[timeout timer], TimeoutTimer::HandleEvent; <BEGIN TIMER HANDLER>
2025/02/11-01:20:08.065,TimeoutTimer.cpp,31,(debug),[timeout timer], TimeoutTimer::HandleEvent; <END TIMER HANDLER>
2025/02/11-01:20:28.059,DeliveryTimer.cpp,25,(debug),[delivery timer], DeliveryTimer::HandleEvent; <BEGIN TIMER HANDLER>
2025/02/11-01:20:28.059,TimeoutTimer.cpp,27,(debug),[timeout timer], TimeoutTimer::HandleEvent; <BEGIN TIMER HANDLER>
2025/02/11-01:20:28.059,DeliveryTimer.cpp,29,(debug),[delivery timer], DeliveryTimer::HandleEvent; <END TIMER HANDLER>
2025/02/11-01:20:28.059,TimeoutTimer.cpp,31,(debug),[timeout timer], TimeoutTimer::HandleEvent; <END TIMER HANDLER>
2025/02/11-01:20:48.057,TimeoutTimer.cpp,27,(debug),[timeout timer], TimeoutTimer::HandleEvent; <BEGIN TIMER HANDLER>
2025/02/11-01:20:48.057,TimeoutTimer.cpp,31,(debug),[timeout timer], TimeoutTimer::HandleEvent; <END TIMER HANDLER>
2025/02/11-01:21:08.056,TimeoutTimer.cpp,27,(debug),[timeout timer], TimeoutTimer::HandleEvent; <BEGIN TIMER HANDLER>
2025/02/11-01:21:08.056,TimeoutTimer.cpp,31,(debug),[timeout timer], TimeoutTimer::HandleEvent; <END TIMER HANDLER>
2025/02/11-01:21:28.057,DeliveryTimer.cpp,25,(debug),[delivery timer], DeliveryTimer::HandleEvent; <BEGIN TIMER HANDLER>
2025/02/11-01:21:28.057,TimeoutTimer.cpp,27,(debug),[timeout timer], TimeoutTimer::HandleEvent; <BEGIN TIMER HANDLER>
2025/02/11-01:21:28.057,DeliveryTimer.cpp,29,(debug),[delivery timer], DeliveryTimer::HandleEvent; <END TIMER HANDLER>
2025/02/11-01:21:28.057,TimeoutTimer.cpp,31,(debug),[timeout timer], TimeoutTimer::HandleEvent; <END TIMER HANDLER>
2025/02/11-01:21:48.049,TimeoutTimer.cpp,27,(debug),[timeout timer], TimeoutTimer::HandleEvent; <BEGIN TIMER HANDLER>
2025/02/11-01:21:48.049,TimeoutTimer.cpp,31,(debug),[timeout timer], TimeoutTimer::HandleEvent; <END TIMER HANDLER>
2025/02/11-01:22:08.056,TimeoutTimer.cpp,27,(debug),[timeout timer], TimeoutTimer::HandleEvent; <BEGIN TIMER HANDLER>
2025/02/11-01:22:08.056,TimeoutTimer.cpp,31,(debug),[timeout timer], TimeoutTimer::HandleEvent; <END TIMER HANDLER>
2025/02/11-01:22:28.064,DeliveryTimer.cpp,25,(debug),[delivery timer], DeliveryTimer::HandleEvent; <BEGIN TIMER HANDLER>
2025/02/11-01:22:28.064,TimeoutTimer.cpp,27,(debug),[timeout timer], TimeoutTimer::HandleEvent; <BEGIN TIMER HANDLER>
2025/02/11-01:22:28.064,TimeoutTimer.cpp,31,(debug),[timeout timer], TimeoutTimer::HandleEvent; <END TIMER HANDLER>
2025/02/11-01:22:28.064,DeliveryTimer.cpp,29,(debug),[delivery timer], DeliveryTimer::HandleEvent; <END TIMER HANDLER>
2025/02/11-01:22:48.047,TimeoutTimer.cpp,27,(debug),[timeout timer], TimeoutTimer::HandleEvent; <BEGIN TIMER HANDLER>
2025/02/11-01:22:48.047,TimeoutTimer.cpp,31,(debug),[timeout timer], TimeoutTimer::HandleEvent; <END TIMER HANDLER>
2025/02/11-01:23:08.056,TimeoutTimer.cpp,27,(debug),[timeout timer], TimeoutTimer::HandleEvent; <BEGIN TIMER HANDLER>
2025/02/11-01:23:08.056,TimeoutTimer.cpp,31,(debug),[timeout timer], TimeoutTimer::HandleEvent; <END TIMER HANDLER>
2025/02/11-01:23:28.055,DeliveryTimer.cpp,25,(debug),[delivery timer], DeliveryTimer::HandleEvent; <BEGIN TIMER HANDLER>
2025/02/11-01:23:28.055,DeliveryTimer.cpp,29,(debug),[delivery timer], DeliveryTimer::HandleEvent; <END TIMER HANDLER>
2025/02/11-01:23:28.055,TimeoutTimer.cpp,27,(debug),[timeout timer], TimeoutTimer::HandleEvent; <BEGIN TIMER HANDLER>
2025/02/11-01:23:28.055,TimeoutTimer.cpp,31,(debug),[timeout timer], TimeoutTimer::HandleEvent; <END TIMER HANDLER>
2025/02/11-01:23:48.045,TimeoutTimer.cpp,27,(debug),[timeout timer], TimeoutTimer::HandleEvent; <BEGIN TIMER HANDLER>
2025/02/11-01:23:48.045,TimeoutTimer.cpp,31,(debug),[timeout timer], TimeoutTimer::HandleEvent; <END TIMER HANDLER>
2025/02/11-01:24:08.058,TimeoutTimer.cpp,27,(debug),[timeout timer], TimeoutTimer::HandleEvent; <BEGIN TIMER HANDLER>
2025/02/11-01:24:08.058,TimeoutTimer.cpp,31,(debug),[timeout timer], TimeoutTimer::HandleEvent; <END TIMER HANDLER>
2025/02/11-01:24:28.058,DeliveryTimer.cpp,25,(debug),[delivery timer], DeliveryTimer::HandleEvent; <BEGIN TIMER HANDLER>
2025/02/11-01:24:28.058,TimeoutTimer.cpp,27,(debug),[timeout timer], TimeoutTimer::HandleEvent; <BEGIN TIMER HANDLER>
2025/02/11-01:24:28.058,DeliveryTimer.cpp,29,(debug),[delivery timer], DeliveryTimer::HandleEvent; <END TIMER HANDLER>
2025/02/11-01:24:28.058,TimeoutTimer.cpp,31,(debug),[timeout timer], TimeoutTimer::HandleEvent; <END TIMER HANDLER>
2025/02/11-01:24:48.056,TimeoutTimer.cpp,27,(debug),[timeout timer], TimeoutTimer::HandleEvent; <BEGIN TIMER HANDLER>
2025/02/11-01:24:48.056,TimeoutTimer.cpp,31,(debug),[timeout timer], TimeoutTimer::HandleEvent; <END TIMER HANDLER>
2025/02/11-01:25:08.062,TimeoutTimer.cpp,27,(debug),[timeout timer], TimeoutTimer::HandleEvent; <BEGIN TIMER HANDLER>
2025/02/11-01:25:08.062,TimeoutTimer.cpp,31,(debug),[timeout timer], TimeoutTimer::HandleEvent; <END TIMER HANDLER>
2025/02/11-01:25:28.057,DeliveryTimer.cpp,25,(debug),[delivery timer], DeliveryTimer::HandleEvent; <BEGIN TIMER HANDLER>
2025/02/11-01:25:28.057,TimeoutTimer.cpp,27,(debug),[timeout timer], TimeoutTimer::HandleEvent; <BEGIN TIMER HANDLER>
2025/02/11-01:25:28.057,TimeoutTimer.cpp,31,(debug),[timeout timer], TimeoutTimer::HandleEvent; <END TIMER HANDLER>
2025/02/11-01:25:28.057,DeliveryTimer.cpp,29,(debug),[delivery timer], DeliveryTimer::HandleEvent; <END TIMER HANDLER>
2025/02/11-01:25:48.049,TimeoutTimer.cpp,27,(debug),[timeout timer], TimeoutTimer::HandleEvent; <BEGIN TIMER HANDLER>
2025/02/11-01:25:48.049,TimeoutTimer.cpp,31,(debug),[timeout timer], TimeoutTimer::HandleEvent; <END TIMER HANDLER>
2025/02/11-01:26:08.069,TimeoutTimer.cpp,27,(debug),[timeout timer], TimeoutTimer::HandleEvent; <BEGIN TIMER HANDLER>
2025/02/11-01:26:08.069,TimeoutTimer.cpp,31,(debug),[timeout timer], TimeoutTimer::HandleEvent; <END TIMER HANDLER>
2025/02/11-01:26:28.062,TimeoutTimer.cpp,27,(debug),[timeout timer], TimeoutTimer::HandleEvent; <BEGIN TIMER HANDLER>
2025/02/11-01:26:28.062,TimeoutTimer.cpp,31,(debug),[timeout timer], TimeoutTimer::HandleEvent; <END TIMER HANDLER>
2025/02/11-01:26:28.062,DeliveryTimer.cpp,25,(debug),[delivery timer], DeliveryTimer::HandleEvent; <BEGIN TIMER HANDLER>
2025/02/11-01:26:28.062,DeliveryTimer.cpp,29,(debug),[delivery timer], DeliveryTimer::HandleEvent; <END TIMER HANDLER>
2025/02/11-01:26:48.067,TimeoutTimer.cpp,27,(debug),[timeout timer], TimeoutTimer::HandleEvent; <BEGIN TIMER HANDLER>
2025/02/11-01:26:48.067,TimeoutTimer.cpp,31,(debug),[timeout timer], TimeoutTimer::HandleEvent; <END TIMER HANDLER>
2025/02/11-01:27:08.062,TimeoutTimer.cpp,27,(debug),[timeout timer], TimeoutTimer::HandleEvent; <BEGIN TIMER HANDLER>
2025/02/11-01:27:08.062,TimeoutTimer.cpp,31,(debug),[timeout timer], TimeoutTimer::HandleEvent; <END TIMER HANDLER>
2025/02/11-01:27:28.056,DeliveryTimer.cpp,25,(debug),[delivery timer], DeliveryTimer::HandleEvent; <BEGIN TIMER HANDLER>
2025/02/11-01:27:28.056,DeliveryTimer.cpp,29,(debug),[delivery timer], DeliveryTimer::HandleEvent; <END TIMER HANDLER>
2025/02/11-01:27:28.056,TimeoutTimer.cpp,27,(debug),[timeout timer], TimeoutTimer::HandleEvent; <BEGIN TIMER HANDLER>
2025/02/11-01:27:28.056,TimeoutTimer.cpp,31,(debug),[timeout timer], TimeoutTimer::HandleEvent; <END TIMER HANDLER>
2025/02/11-01:27:48.052,TimeoutTimer.cpp,27,(debug),[timeout timer], TimeoutTimer::HandleEvent; <BEGIN TIMER HANDLER>
2025/02/11-01:27:48.052,TimeoutTimer.cpp,31,(debug),[timeout timer], TimeoutTimer::HandleEvent; <END TIMER HANDLER>
2025/02/11-01:28:08.050,TimeoutTimer.cpp,27,(debug),[timeout timer], TimeoutTimer::HandleEvent; <BEGIN TIMER HANDLER>
2025/02/11-01:28:08.050,TimeoutTimer.cpp,31,(debug),[timeout timer], TimeoutTimer::HandleEvent; <END TIMER HANDLER>
2025/02/11-01:28:28.066,DeliveryTimer.cpp,25,(debug),[delivery timer], DeliveryTimer::HandleEvent; <BEGIN TIMER HANDLER>
2025/02/11-01:28:28.066,TimeoutTimer.cpp,27,(debug),[timeout timer], TimeoutTimer::HandleEvent; <BEGIN TIMER HANDLER>
2025/02/11-01:28:28.066,DeliveryTimer.cpp,29,(debug),[delivery timer], DeliveryTimer::HandleEvent; <END TIMER HANDLER>
2025/02/11-01:28:28.066,TimeoutTimer.cpp,31,(debug),[timeout timer], TimeoutTimer::HandleEvent; <END TIMER HANDLER>
2025/02/11-01:28:48.062,TimeoutTimer.cpp,27,(debug),[timeout timer], TimeoutTimer::HandleEvent; <BEGIN TIMER HANDLER>
2025/02/11-01:28:48.062,TimeoutTimer.cpp,31,(debug),[timeout timer], TimeoutTimer::HandleEvent; <END TIMER HANDLER>
2025/02/11-01:29:08.060,TimeoutTimer.cpp,27,(debug),[timeout timer], TimeoutTimer::HandleEvent; <BEGIN TIMER HANDLER>
2025/02/11-01:29:08.060,TimeoutTimer.cpp,31,(debug),[timeout timer], TimeoutTimer::HandleEvent; <END TIMER HANDLER>
2025/02/11-01:29:28.050,TimeoutTimer.cpp,27,(debug),[timeout timer], TimeoutTimer::HandleEvent; <BEGIN TIMER HANDLER>
2025/02/11-01:29:28.050,DeliveryTimer.cpp,25,(debug),[delivery timer], DeliveryTimer::HandleEvent; <BEGIN TIMER HANDLER>
2025/02/11-01:29:28.050,TimeoutTimer.cpp,31,(debug),[timeout timer], TimeoutTimer::HandleEvent; <END TIMER HANDLER>
2025/02/11-01:29:28.050,DeliveryTimer.cpp,29,(debug),[delivery timer], DeliveryTimer::HandleEvent; <END TIMER HANDLER>
2025/02/11-01:29:48.051,TimeoutTimer.cpp,27,(debug),[timeout timer], TimeoutTimer::HandleEvent; <BEGIN TIMER HANDLER>
2025/02/11-01:29:48.051,TimeoutTimer.cpp,31,(debug),[timeout timer], TimeoutTimer::HandleEvent; <END TIMER HANDLER>
2025/02/11-01:30:08.063,TimeoutTimer.cpp,27,(debug),[timeout timer], TimeoutTimer::HandleEvent; <BEGIN TIMER HANDLER>
2025/02/11-01:30:08.063,TimeoutTimer.cpp,31,(debug),[timeout timer], TimeoutTimer::HandleEvent; <END TIMER HANDLER>
2025/02/11-01:30:28.065,TimeoutTimer.cpp,27,(debug),[timeout timer], TimeoutTimer::HandleEvent; <BEGIN TIMER HANDLER>
2025/02/11-01:30:28.065,DeliveryTimer.cpp,25,(debug),[delivery timer], DeliveryTimer::HandleEvent; <BEGIN TIMER HANDLER>
2025/02/11-01:30:28.065,TimeoutTimer.cpp,31,(debug),[timeout timer], TimeoutTimer::HandleEvent; <END TIMER HANDLER>
2025/02/11-01:30:28.065,DeliveryTimer.cpp,29,(debug),[delivery timer], DeliveryTimer::HandleEvent; <END TIMER HANDLER>
2025/02/11-01:30:48.049,TimeoutTimer.cpp,27,(debug),[timeout timer], TimeoutTimer::HandleEvent; <BEGIN TIMER HANDLER>
2025/02/11-01:30:48.049,TimeoutTimer.cpp,31,(debug),[timeout timer], TimeoutTimer::HandleEvent; <END TIMER HANDLER>
2025/02/11-01:31:08.059,TimeoutTimer.cpp,27,(debug),[timeout timer], TimeoutTimer::HandleEvent; <BEGIN TIMER HANDLER>
2025/02/11-01:31:08.059,TimeoutTimer.cpp,31,(debug),[timeout timer], TimeoutTimer::HandleEvent; <END TIMER HANDLER>
2025/02/11-01:31:28.046,DeliveryTimer.cpp,25,(debug),[delivery timer], DeliveryTimer::HandleEvent; <BEGIN TIMER HANDLER>
2025/02/11-01:31:28.046,TimeoutTimer.cpp,27,(debug),[timeout timer], TimeoutTimer::HandleEvent; <BEGIN TIMER HANDLER>
2025/02/11-01:31:28.046,DeliveryTimer.cpp,29,(debug),[delivery timer], DeliveryTimer::HandleEvent; <END TIMER HANDLER>
2025/02/11-01:31:28.046,TimeoutTimer.cpp,31,(debug),[timeout timer], TimeoutTimer::HandleEvent; <END TIMER HANDLER>
2025/02/11-01:31:41.353,ThreadFreePacketPump.cpp,187,(debug),[packet-pump], post, 3
2025/02/11-01:31:41.354,ThreadFreePacketPump.cpp,87,(debug),[packet-pump], handle start, 3, session:0x0000000100000001, command:70
2025/02/11-01:31:41.354,AgentPacketHandler.cpp,654,(debug),[agent packet handler], HandleMarketDealerRetrieveReservationListReq; <BEGIN PACKET HANDLER>
2025/02/11-01:31:41.354,JobContext.cpp,3375,(debug),[job context], RetrieveReservationListJob::Initialize; decomposed packet, tid:0x6, wid:7801, pcId:0x281F
2025/02/11-01:31:41.390,JobContext.cpp,3405,(notice),[job context], RetrieveReservationListJob::ReplySuccess; sent retrieve reservation list success ack, tid:0x6, wid:7801, pcId:0x281F, contextCount:0
2025/02/11-01:31:41.390,AgentPacketHandler.cpp,671,(debug),[agent packet handler], HandleMarketDealerRetrieveReservationListReq; <END PACKET HANDLER>
2025/02/11-01:31:41.390,ThreadFreePacketPump.cpp,93,(debug),[packet-pump], handle end, 3, session:0x0000000100000001, command:70
2025/02/11-01:31:48.052,TimeoutTimer.cpp,27,(debug),[timeout timer], TimeoutTimer::HandleEvent; <BEGIN TIMER HANDLER>
2025/02/11-01:31:48.052,TimeoutTimer.cpp,31,(debug),[timeout timer], TimeoutTimer::HandleEvent; <END TIMER HANDLER>
2025/02/11-01:32:08.061,TimeoutTimer.cpp,27,(debug),[timeout timer], TimeoutTimer::HandleEvent; <BEGIN TIMER HANDLER>
2025/02/11-01:32:08.061,TimeoutTimer.cpp,31,(debug),[timeout timer], TimeoutTimer::HandleEvent; <END TIMER HANDLER>
2025/02/11-01:32:15.136,ThreadFreePacketPump.cpp,187,(debug),[packet-pump], post, 4
2025/02/11-01:32:15.136,ThreadFreePacketPump.cpp,87,(debug),[packet-pump], handle start, 4, session:0x0000000100000001, command:7
2025/02/11-01:32:15.136,AgentPacketHandler.cpp,157,(debug),[agent packet handler], HandleMarketDealerRetrieveBidListReq; <BEGIN PACKET HANDLER>
2025/02/11-01:32:15.136,JobContext.cpp,342,(debug),[job context], RetrieveBidListJob::Initialize; decomposed packet, tid:0x1000000000002, wid:7801, bidderPcId:0x281F
2025/02/11-01:32:15.145,JobContext.cpp,370,(notice),[job context], RetrieveBidListJob::ReplySuccess; sent retrieve bid list success ack, tid:0x1000000000002, wid:7801, bidderPcId:0x281F
2025/02/11-01:32:15.145,AgentPacketHandler.cpp,174,(debug),[agent packet handler], HandleMarketDealerRetrieveBidListReq; <END PACKET HANDLER>
2025/02/11-01:32:15.145,ThreadFreePacketPump.cpp,93,(debug),[packet-pump], handle end, 4, session:0x0000000100000001, command:7
2025/02/11-01:32:28.056,TimeoutTimer.cpp,27,(debug),[timeout timer], TimeoutTimer::HandleEvent; <BEGIN TIMER HANDLER>
2025/02/11-01:32:28.056,DeliveryTimer.cpp,25,(debug),[delivery timer], DeliveryTimer::HandleEvent; <BEGIN TIMER HANDLER>
2025/02/11-01:32:28.056,TimeoutTimer.cpp,31,(debug),[timeout timer], TimeoutTimer::HandleEvent; <END TIMER HANDLER>
2025/02/11-01:32:28.056,DeliveryTimer.cpp,29,(debug),[delivery timer], DeliveryTimer::HandleEvent; <END TIMER HANDLER>
2025/02/11-01:32:48.058,TimeoutTimer.cpp,27,(debug),[timeout timer], TimeoutTimer::HandleEvent; <BEGIN TIMER HANDLER>
2025/02/11-01:32:48.058,TimeoutTimer.cpp,31,(debug),[timeout timer], TimeoutTimer::HandleEvent; <END TIMER HANDLER>
2025/02/11-01:33:08.069,TimeoutTimer.cpp,27,(debug),[timeout timer], TimeoutTimer::HandleEvent; <BEGIN TIMER HANDLER>
2025/02/11-01:33:08.069,TimeoutTimer.cpp,31,(debug),[timeout timer], TimeoutTimer::HandleEvent; <END TIMER HANDLER>
2025/02/11-01:33:28.060,TimeoutTimer.cpp,27,(debug),[timeout timer], TimeoutTimer::HandleEvent; <BEGIN TIMER HANDLER>
2025/02/11-01:33:28.060,TimeoutTimer.cpp,31,(debug),[timeout timer], TimeoutTimer::HandleEvent; <END TIMER HANDLER>
2025/02/11-01:33:28.060,DeliveryTimer.cpp,25,(debug),[delivery timer], DeliveryTimer::HandleEvent; <BEGIN TIMER HANDLER>
2025/02/11-01:33:28.060,DeliveryTimer.cpp,29,(debug),[delivery timer], DeliveryTimer::HandleEvent; <END TIMER HANDLER>
2025/02/11-01:33:48.055,TimeoutTimer.cpp,27,(debug),[timeout timer], TimeoutTimer::HandleEvent; <BEGIN TIMER HANDLER>
2025/02/11-01:33:48.055,TimeoutTimer.cpp,31,(debug),[timeout timer], TimeoutTimer::HandleEvent; <END TIMER HANDLER>
2025/02/11-01:34:08.062,TimeoutTimer.cpp,27,(debug),[timeout timer], TimeoutTimer::HandleEvent; <BEGIN TIMER HANDLER>
2025/02/11-01:34:08.062,TimeoutTimer.cpp,31,(debug),[timeout timer], TimeoutTimer::HandleEvent; <END TIMER HANDLER>
2025/02/11-01:34:28.049,DeliveryTimer.cpp,25,(debug),[delivery timer], DeliveryTimer::HandleEvent; <BEGIN TIMER HANDLER>
2025/02/11-01:34:28.049,DeliveryTimer.cpp,29,(debug),[delivery timer], DeliveryTimer::HandleEvent; <END TIMER HANDLER>
2025/02/11-01:34:28.049,TimeoutTimer.cpp,27,(debug),[timeout timer], TimeoutTimer::HandleEvent; <BEGIN TIMER HANDLER>
2025/02/11-01:34:28.049,TimeoutTimer.cpp,31,(debug),[timeout timer], TimeoutTimer::HandleEvent; <END TIMER HANDLER>
2025/02/11-01:34:48.052,TimeoutTimer.cpp,27,(debug),[timeout timer], TimeoutTimer::HandleEvent; <BEGIN TIMER HANDLER>
2025/02/11-01:34:48.052,TimeoutTimer.cpp,31,(debug),[timeout timer], TimeoutTimer::HandleEvent; <END TIMER HANDLER>
2025/02/11-01:35:08.059,TimeoutTimer.cpp,27,(debug),[timeout timer], TimeoutTimer::HandleEvent; <BEGIN TIMER HANDLER>
2025/02/11-01:35:08.059,TimeoutTimer.cpp,31,(debug),[timeout timer], TimeoutTimer::HandleEvent; <END TIMER HANDLER>
2025/02/11-01:35:28.057,TimeoutTimer.cpp,27,(debug),[timeout timer], TimeoutTimer::HandleEvent; <BEGIN TIMER HANDLER>
2025/02/11-01:35:28.057,DeliveryTimer.cpp,25,(debug),[delivery timer], DeliveryTimer::HandleEvent; <BEGIN TIMER HANDLER>
2025/02/11-01:35:28.057,DeliveryTimer.cpp,29,(debug),[delivery timer], DeliveryTimer::HandleEvent; <END TIMER HANDLER>
2025/02/11-01:35:28.057,TimeoutTimer.cpp,31,(debug),[timeout timer], TimeoutTimer::HandleEvent; <END TIMER HANDLER>
2025/02/11-01:35:48.049,TimeoutTimer.cpp,27,(debug),[timeout timer], TimeoutTimer::HandleEvent; <BEGIN TIMER HANDLER>
2025/02/11-01:35:48.049,TimeoutTimer.cpp,31,(debug),[timeout timer], TimeoutTimer::HandleEvent; <END TIMER HANDLER>
2025/02/11-01:36:08.070,TimeoutTimer.cpp,27,(debug),[timeout timer], TimeoutTimer::HandleEvent; <BEGIN TIMER HANDLER>
2025/02/11-01:36:08.070,TimeoutTimer.cpp,31,(debug),[timeout timer], TimeoutTimer::HandleEvent; <END TIMER HANDLER>
2025/02/11-01:36:28.058,DeliveryTimer.cpp,25,(debug),[delivery timer], DeliveryTimer::HandleEvent; <BEGIN TIMER HANDLER>
2025/02/11-01:36:28.058,TimeoutTimer.cpp,27,(debug),[timeout timer], TimeoutTimer::HandleEvent; <BEGIN TIMER HANDLER>
2025/02/11-01:36:28.058,DeliveryTimer.cpp,29,(debug),[delivery timer], DeliveryTimer::HandleEvent; <END TIMER HANDLER>
2025/02/11-01:36:28.058,TimeoutTimer.cpp,31,(debug),[timeout timer], TimeoutTimer::HandleEvent; <END TIMER HANDLER>
2025/02/11-01:36:48.059,TimeoutTimer.cpp,27,(debug),[timeout timer], TimeoutTimer::HandleEvent; <BEGIN TIMER HANDLER>
2025/02/11-01:36:48.059,TimeoutTimer.cpp,31,(debug),[timeout timer], TimeoutTimer::HandleEvent; <END TIMER HANDLER>
2025/02/11-01:37:08.057,TimeoutTimer.cpp,27,(debug),[timeout timer], TimeoutTimer::HandleEvent; <BEGIN TIMER HANDLER>
2025/02/11-01:37:08.057,TimeoutTimer.cpp,31,(debug),[timeout timer], TimeoutTimer::HandleEvent; <END TIMER HANDLER>
2025/02/11-01:37:28.057,TimeoutTimer.cpp,27,(debug),[timeout timer], TimeoutTimer::HandleEvent; <BEGIN TIMER HANDLER>
2025/02/11-01:37:28.057,TimeoutTimer.cpp,31,(debug),[timeout timer], TimeoutTimer::HandleEvent; <END TIMER HANDLER>
2025/02/11-01:37:28.057,DeliveryTimer.cpp,25,(debug),[delivery timer], DeliveryTimer::HandleEvent; <BEGIN TIMER HANDLER>
2025/02/11-01:37:28.057,DeliveryTimer.cpp,29,(debug),[delivery timer], DeliveryTimer::HandleEvent; <END TIMER HANDLER>
2025/02/11-01:37:48.056,TimeoutTimer.cpp,27,(debug),[timeout timer], TimeoutTimer::HandleEvent; <BEGIN TIMER HANDLER>
2025/02/11-01:37:48.056,TimeoutTimer.cpp,31,(debug),[timeout timer], TimeoutTimer::HandleEvent; <END TIMER HANDLER>
2025/02/11-01:38:08.063,TimeoutTimer.cpp,27,(debug),[timeout timer], TimeoutTimer::HandleEvent; <BEGIN TIMER HANDLER>
2025/02/11-01:38:08.063,TimeoutTimer.cpp,31,(debug),[timeout timer], TimeoutTimer::HandleEvent; <END TIMER HANDLER>
2025/02/11-01:38:28.053,DeliveryTimer.cpp,25,(debug),[delivery timer], DeliveryTimer::HandleEvent; <BEGIN TIMER HANDLER>
2025/02/11-01:38:28.053,TimeoutTimer.cpp,27,(debug),[timeout timer], TimeoutTimer::HandleEvent; <BEGIN TIMER HANDLER>
2025/02/11-01:38:28.053,TimeoutTimer.cpp,31,(debug),[timeout timer], TimeoutTimer::HandleEvent; <END TIMER HANDLER>
2025/02/11-01:38:28.053,DeliveryTimer.cpp,29,(debug),[delivery timer], DeliveryTimer::HandleEvent; <END TIMER HANDLER>
2025/02/11-01:38:48.051,TimeoutTimer.cpp,27,(debug),[timeout timer], TimeoutTimer::HandleEvent; <BEGIN TIMER HANDLER>
2025/02/11-01:38:48.051,TimeoutTimer.cpp,31,(debug),[timeout timer], TimeoutTimer::HandleEvent; <END TIMER HANDLER>
2025/02/11-01:39:08.055,TimeoutTimer.cpp,27,(debug),[timeout timer], TimeoutTimer::HandleEvent; <BEGIN TIMER HANDLER>
2025/02/11-01:39:08.055,TimeoutTimer.cpp,31,(debug),[timeout timer], TimeoutTimer::HandleEvent; <END TIMER HANDLER>
2025/02/11-01:39:28.069,DeliveryTimer.cpp,25,(debug),[delivery timer], DeliveryTimer::HandleEvent; <BEGIN TIMER HANDLER>
2025/02/11-01:39:28.069,TimeoutTimer.cpp,27,(debug),[timeout timer], TimeoutTimer::HandleEvent; <BEGIN TIMER HANDLER>
2025/02/11-01:39:28.069,TimeoutTimer.cpp,31,(debug),[timeout timer], TimeoutTimer::HandleEvent; <END TIMER HANDLER>
2025/02/11-01:39:28.069,DeliveryTimer.cpp,29,(debug),[delivery timer], DeliveryTimer::HandleEvent; <END TIMER HANDLER>
2025/02/11-01:39:48.067,TimeoutTimer.cpp,27,(debug),[timeout timer], TimeoutTimer::HandleEvent; <BEGIN TIMER HANDLER>
2025/02/11-01:39:48.067,TimeoutTimer.cpp,31,(debug),[timeout timer], TimeoutTimer::HandleEvent; <END TIMER HANDLER>
2025/02/11-01:40:08.066,TimeoutTimer.cpp,27,(debug),[timeout timer], TimeoutTimer::HandleEvent; <BEGIN TIMER HANDLER>
2025/02/11-01:40:08.066,TimeoutTimer.cpp,31,(debug),[timeout timer], TimeoutTimer::HandleEvent; <END TIMER HANDLER>
2025/02/11-01:40:28.054,DeliveryTimer.cpp,25,(debug),[delivery timer], DeliveryTimer::HandleEvent; <BEGIN TIMER HANDLER>
2025/02/11-01:40:28.054,DeliveryTimer.cpp,29,(debug),[delivery timer], DeliveryTimer::HandleEvent; <END TIMER HANDLER>
2025/02/11-01:40:28.054,TimeoutTimer.cpp,27,(debug),[timeout timer], TimeoutTimer::HandleEvent; <BEGIN TIMER HANDLER>
2025/02/11-01:40:28.054,TimeoutTimer.cpp,31,(debug),[timeout timer], TimeoutTimer::HandleEvent; <END TIMER HANDLER>
2025/02/11-01:40:48.052,TimeoutTimer.cpp,27,(debug),[timeout timer], TimeoutTimer::HandleEvent; <BEGIN TIMER HANDLER>
2025/02/11-01:40:48.052,TimeoutTimer.cpp,31,(debug),[timeout timer], TimeoutTimer::HandleEvent; <END TIMER HANDLER>
2025/02/11-01:41:08.062,TimeoutTimer.cpp,27,(debug),[timeout timer], TimeoutTimer::HandleEvent; <BEGIN TIMER HANDLER>
2025/02/11-01:41:08.062,TimeoutTimer.cpp,31,(debug),[timeout timer], TimeoutTimer::HandleEvent; <END TIMER HANDLER>
2025/02/11-01:41:28.059,TimeoutTimer.cpp,27,(debug),[timeout timer], TimeoutTimer::HandleEvent; <BEGIN TIMER HANDLER>
2025/02/11-01:41:28.059,TimeoutTimer.cpp,31,(debug),[timeout timer], TimeoutTimer::HandleEvent; <END TIMER HANDLER>
2025/02/11-01:41:28.059,DeliveryTimer.cpp,25,(debug),[delivery timer], DeliveryTimer::HandleEvent; <BEGIN TIMER HANDLER>
2025/02/11-01:41:28.059,DeliveryTimer.cpp,29,(debug),[delivery timer], DeliveryTimer::HandleEvent; <END TIMER HANDLER>
2025/02/11-01:41:48.051,TimeoutTimer.cpp,27,(debug),[timeout timer], TimeoutTimer::HandleEvent; <BEGIN TIMER HANDLER>
2025/02/11-01:41:48.051,TimeoutTimer.cpp,31,(debug),[timeout timer], TimeoutTimer::HandleEvent; <END TIMER HANDLER>
2025/02/11-01:42:08.059,TimeoutTimer.cpp,27,(debug),[timeout timer], TimeoutTimer::HandleEvent; <BEGIN TIMER HANDLER>
2025/02/11-01:42:08.059,TimeoutTimer.cpp,31,(debug),[timeout timer], TimeoutTimer::HandleEvent; <END TIMER HANDLER>
2025/02/11-01:42:28.069,DeliveryTimer.cpp,25,(debug),[delivery timer], DeliveryTimer::HandleEvent; <BEGIN TIMER HANDLER>
2025/02/11-01:42:28.069,DeliveryTimer.cpp,29,(debug),[delivery timer], DeliveryTimer::HandleEvent; <END TIMER HANDLER>
2025/02/11-01:42:28.069,TimeoutTimer.cpp,27,(debug),[timeout timer], TimeoutTimer::HandleEvent; <BEGIN TIMER HANDLER>
2025/02/11-01:42:28.069,TimeoutTimer.cpp,31,(debug),[timeout timer], TimeoutTimer::HandleEvent; <END TIMER HANDLER>
2025/02/11-01:42:48.066,TimeoutTimer.cpp,27,(debug),[timeout timer], TimeoutTimer::HandleEvent; <BEGIN TIMER HANDLER>
2025/02/11-01:42:48.066,TimeoutTimer.cpp,31,(debug),[timeout timer], TimeoutTimer::HandleEvent; <END TIMER HANDLER>
2025/02/11-01:43:08.045,TimeoutTimer.cpp,27,(debug),[timeout timer], TimeoutTimer::HandleEvent; <BEGIN TIMER HANDLER>
2025/02/11-01:43:08.045,TimeoutTimer.cpp,31,(debug),[timeout timer], TimeoutTimer::HandleEvent; <END TIMER HANDLER>
2025/02/11-01:43:28.051,TimeoutTimer.cpp,27,(debug),[timeout timer], TimeoutTimer::HandleEvent; <BEGIN TIMER HANDLER>
2025/02/11-01:43:28.051,TimeoutTimer.cpp,31,(debug),[timeout timer], TimeoutTimer::HandleEvent; <END TIMER HANDLER>
2025/02/11-01:43:28.051,DeliveryTimer.cpp,25,(debug),[delivery timer], DeliveryTimer::HandleEvent; <BEGIN TIMER HANDLER>
2025/02/11-01:43:28.051,DeliveryTimer.cpp,29,(debug),[delivery timer], DeliveryTimer::HandleEvent; <END TIMER HANDLER>
2025/02/11-01:43:48.058,TimeoutTimer.cpp,27,(debug),[timeout timer], TimeoutTimer::HandleEvent; <BEGIN TIMER HANDLER>
2025/02/11-01:43:48.058,TimeoutTimer.cpp,31,(debug),[timeout timer], TimeoutTimer::HandleEvent; <END TIMER HANDLER>
2025/02/11-01:44:08.057,TimeoutTimer.cpp,27,(debug),[timeout timer], TimeoutTimer::HandleEvent; <BEGIN TIMER HANDLER>
2025/02/11-01:44:08.057,TimeoutTimer.cpp,31,(debug),[timeout timer], TimeoutTimer::HandleEvent; <END TIMER HANDLER>
2025/02/11-01:44:28.062,TimeoutTimer.cpp,27,(debug),[timeout timer], TimeoutTimer::HandleEvent; <BEGIN TIMER HANDLER>
2025/02/11-01:44:28.062,DeliveryTimer.cpp,25,(debug),[delivery timer], DeliveryTimer::HandleEvent; <BEGIN TIMER HANDLER>
2025/02/11-01:44:28.062,TimeoutTimer.cpp,31,(debug),[timeout timer], TimeoutTimer::HandleEvent; <END TIMER HANDLER>
2025/02/11-01:44:28.062,DeliveryTimer.cpp,29,(debug),[delivery timer], DeliveryTimer::HandleEvent; <END TIMER HANDLER>
2025/02/11-01:44:48.057,TimeoutTimer.cpp,27,(debug),[timeout timer], TimeoutTimer::HandleEvent; <BEGIN TIMER HANDLER>
2025/02/11-01:44:48.057,TimeoutTimer.cpp,31,(debug),[timeout timer], TimeoutTimer::HandleEvent; <END TIMER HANDLER>
2025/02/11-01:45:08.051,TimeoutTimer.cpp,27,(debug),[timeout timer], TimeoutTimer::HandleEvent; <BEGIN TIMER HANDLER>
2025/02/11-01:45:08.051,TimeoutTimer.cpp,31,(debug),[timeout timer], TimeoutTimer::HandleEvent; <END TIMER HANDLER>
2025/02/11-01:45:28.046,DeliveryTimer.cpp,25,(debug),[delivery timer], DeliveryTimer::HandleEvent; <BEGIN TIMER HANDLER>
2025/02/11-01:45:28.046,TimeoutTimer.cpp,27,(debug),[timeout timer], TimeoutTimer::HandleEvent; <BEGIN TIMER HANDLER>
2025/02/11-01:45:28.046,TimeoutTimer.cpp,31,(debug),[timeout timer], TimeoutTimer::HandleEvent; <END TIMER HANDLER>
2025/02/11-01:45:28.046,DeliveryTimer.cpp,29,(debug),[delivery timer], DeliveryTimer::HandleEvent; <END TIMER HANDLER>
2025/02/11-01:45:48.053,TimeoutTimer.cpp,27,(debug),[timeout timer], TimeoutTimer::HandleEvent; <BEGIN TIMER HANDLER>
2025/02/11-01:45:48.053,TimeoutTimer.cpp,31,(debug),[timeout timer], TimeoutTimer::HandleEvent; <END TIMER HANDLER>
2025/02/11-01:46:08.056,TimeoutTimer.cpp,27,(debug),[timeout timer], TimeoutTimer::HandleEvent; <BEGIN TIMER HANDLER>
2025/02/11-01:46:08.056,TimeoutTimer.cpp,31,(debug),[timeout timer], TimeoutTimer::HandleEvent; <END TIMER HANDLER>
2025/02/11-01:46:28.066,DeliveryTimer.cpp,25,(debug),[delivery timer], DeliveryTimer::HandleEvent; <BEGIN TIMER HANDLER>
2025/02/11-01:46:28.066,TimeoutTimer.cpp,27,(debug),[timeout timer], TimeoutTimer::HandleEvent; <BEGIN TIMER HANDLER>
2025/02/11-01:46:28.066,DeliveryTimer.cpp,29,(debug),[delivery timer], DeliveryTimer::HandleEvent; <END TIMER HANDLER>
2025/02/11-01:46:28.066,TimeoutTimer.cpp,31,(debug),[timeout timer], TimeoutTimer::HandleEvent; <END TIMER HANDLER>
2025/02/11-01:46:48.067,TimeoutTimer.cpp,27,(debug),[timeout timer], TimeoutTimer::HandleEvent; <BEGIN TIMER HANDLER>
2025/02/11-01:46:48.067,TimeoutTimer.cpp,31,(debug),[timeout timer], TimeoutTimer::HandleEvent; <END TIMER HANDLER>
2025/02/11-01:47:08.051,TimeoutTimer.cpp,27,(debug),[timeout timer], TimeoutTimer::HandleEvent; <BEGIN TIMER HANDLER>
2025/02/11-01:47:08.051,TimeoutTimer.cpp,31,(debug),[timeout timer], TimeoutTimer::HandleEvent; <END TIMER HANDLER>
2025/02/11-01:47:28.064,TimeoutTimer.cpp,27,(debug),[timeout timer], TimeoutTimer::HandleEvent; <BEGIN TIMER HANDLER>
2025/02/11-01:47:28.064,TimeoutTimer.cpp,31,(debug),[timeout timer], TimeoutTimer::HandleEvent; <END TIMER HANDLER>
2025/02/11-01:47:28.064,DeliveryTimer.cpp,25,(debug),[delivery timer], DeliveryTimer::HandleEvent; <BEGIN TIMER HANDLER>
2025/02/11-01:47:28.064,DeliveryTimer.cpp,29,(debug),[delivery timer], DeliveryTimer::HandleEvent; <END TIMER HANDLER>
2025/02/11-01:47:48.058,TimeoutTimer.cpp,27,(debug),[timeout timer], TimeoutTimer::HandleEvent; <BEGIN TIMER HANDLER>
2025/02/11-01:47:48.058,TimeoutTimer.cpp,31,(debug),[timeout timer], TimeoutTimer::HandleEvent; <END TIMER HANDLER>
2025/02/11-01:48:08.066,TimeoutTimer.cpp,27,(debug),[timeout timer], TimeoutTimer::HandleEvent; <BEGIN TIMER HANDLER>
2025/02/11-01:48:08.066,TimeoutTimer.cpp,31,(debug),[timeout timer], TimeoutTimer::HandleEvent; <END TIMER HANDLER>
2025/02/11-01:48:28.065,TimeoutTimer.cpp,27,(debug),[timeout timer], TimeoutTimer::HandleEvent; <BEGIN TIMER HANDLER>
2025/02/11-01:48:28.065,TimeoutTimer.cpp,31,(debug),[timeout timer], TimeoutTimer::HandleEvent; <END TIMER HANDLER>
2025/02/11-01:48:28.065,DeliveryTimer.cpp,25,(debug),[delivery timer], DeliveryTimer::HandleEvent; <BEGIN TIMER HANDLER>
2025/02/11-01:48:28.065,DeliveryTimer.cpp,29,(debug),[delivery timer], DeliveryTimer::HandleEvent; <END TIMER HANDLER>
2025/02/11-01:48:48.069,TimeoutTimer.cpp,27,(debug),[timeout timer], TimeoutTimer::HandleEvent; <BEGIN TIMER HANDLER>
2025/02/11-01:48:48.069,TimeoutTimer.cpp,31,(debug),[timeout timer], TimeoutTimer::HandleEvent; <END TIMER HANDLER>
2025/02/11-01:49:08.054,TimeoutTimer.cpp,27,(debug),[timeout timer], TimeoutTimer::HandleEvent; <BEGIN TIMER HANDLER>
2025/02/11-01:49:08.054,TimeoutTimer.cpp,31,(debug),[timeout timer], TimeoutTimer::HandleEvent; <END TIMER HANDLER>
2025/02/11-01:49:28.049,TimeoutTimer.cpp,27,(debug),[timeout timer], TimeoutTimer::HandleEvent; <BEGIN TIMER HANDLER>
2025/02/11-01:49:28.049,TimeoutTimer.cpp,31,(debug),[timeout timer], TimeoutTimer::HandleEvent; <END TIMER HANDLER>
2025/02/11-01:49:28.049,DeliveryTimer.cpp,25,(debug),[delivery timer], DeliveryTimer::HandleEvent; <BEGIN TIMER HANDLER>
2025/02/11-01:49:28.049,DeliveryTimer.cpp,29,(debug),[delivery timer], DeliveryTimer::HandleEvent; <END TIMER HANDLER>
2025/02/11-01:49:48.072,TimeoutTimer.cpp,27,(debug),[timeout timer], TimeoutTimer::HandleEvent; <BEGIN TIMER HANDLER>
2025/02/11-01:49:48.072,TimeoutTimer.cpp,31,(debug),[timeout timer], TimeoutTimer::HandleEvent; <END TIMER HANDLER>
2025/02/11-01:50:08.057,TimeoutTimer.cpp,27,(debug),[timeout timer], TimeoutTimer::HandleEvent; <BEGIN TIMER HANDLER>
2025/02/11-01:50:08.057,TimeoutTimer.cpp,31,(debug),[timeout timer], TimeoutTimer::HandleEvent; <END TIMER HANDLER>
2025/02/11-01:50:28.054,DeliveryTimer.cpp,25,(debug),[delivery timer], DeliveryTimer::HandleEvent; <BEGIN TIMER HANDLER>
2025/02/11-01:50:28.054,DeliveryTimer.cpp,29,(debug),[delivery timer], DeliveryTimer::HandleEvent; <END TIMER HANDLER>
2025/02/11-01:50:28.054,TimeoutTimer.cpp,27,(debug),[timeout timer], TimeoutTimer::HandleEvent; <BEGIN TIMER HANDLER>
2025/02/11-01:50:28.054,TimeoutTimer.cpp,31,(debug),[timeout timer], TimeoutTimer::HandleEvent; <END TIMER HANDLER>
2025/02/11-01:50:48.055,TimeoutTimer.cpp,27,(debug),[timeout timer], TimeoutTimer::HandleEvent; <BEGIN TIMER HANDLER>
2025/02/11-01:50:48.055,TimeoutTimer.cpp,31,(debug),[timeout timer], TimeoutTimer::HandleEvent; <END TIMER HANDLER>
2025/02/11-01:51:08.051,TimeoutTimer.cpp,27,(debug),[timeout timer], TimeoutTimer::HandleEvent; <BEGIN TIMER HANDLER>
2025/02/11-01:51:08.051,TimeoutTimer.cpp,31,(debug),[timeout timer], TimeoutTimer::HandleEvent; <END TIMER HANDLER>
2025/02/11-01:51:28.061,DeliveryTimer.cpp,25,(debug),[delivery timer], DeliveryTimer::HandleEvent; <BEGIN TIMER HANDLER>
2025/02/11-01:51:28.061,TimeoutTimer.cpp,27,(debug),[timeout timer], TimeoutTimer::HandleEvent; <BEGIN TIMER HANDLER>
2025/02/11-01:51:28.061,DeliveryTimer.cpp,29,(debug),[delivery timer], DeliveryTimer::HandleEvent; <END TIMER HANDLER>
2025/02/11-01:51:28.061,TimeoutTimer.cpp,31,(debug),[timeout timer], TimeoutTimer::HandleEvent; <END TIMER HANDLER>
2025/02/11-01:51:48.060,TimeoutTimer.cpp,27,(debug),[timeout timer], TimeoutTimer::HandleEvent; <BEGIN TIMER HANDLER>
2025/02/11-01:51:48.060,TimeoutTimer.cpp,31,(debug),[timeout timer], TimeoutTimer::HandleEvent; <END TIMER HANDLER>
2025/02/11-01:52:08.059,TimeoutTimer.cpp,27,(debug),[timeout timer], TimeoutTimer::HandleEvent; <BEGIN TIMER HANDLER>
2025/02/11-01:52:08.059,TimeoutTimer.cpp,31,(debug),[timeout timer], TimeoutTimer::HandleEvent; <END TIMER HANDLER>
2025/02/11-01:52:28.053,DeliveryTimer.cpp,25,(debug),[delivery timer], DeliveryTimer::HandleEvent; <BEGIN TIMER HANDLER>
2025/02/11-01:52:28.053,DeliveryTimer.cpp,29,(debug),[delivery timer], DeliveryTimer::HandleEvent; <END TIMER HANDLER>
2025/02/11-01:52:28.053,TimeoutTimer.cpp,27,(debug),[timeout timer], TimeoutTimer::HandleEvent; <BEGIN TIMER HANDLER>
2025/02/11-01:52:28.053,TimeoutTimer.cpp,31,(debug),[timeout timer], TimeoutTimer::HandleEvent; <END TIMER HANDLER>
2025/02/11-01:52:48.059,TimeoutTimer.cpp,27,(debug),[timeout timer], TimeoutTimer::HandleEvent; <BEGIN TIMER HANDLER>
2025/02/11-01:52:48.059,TimeoutTimer.cpp,31,(debug),[timeout timer], TimeoutTimer::HandleEvent; <END TIMER HANDLER>
2025/02/11-01:53:08.060,TimeoutTimer.cpp,27,(debug),[timeout timer], TimeoutTimer::HandleEvent; <BEGIN TIMER HANDLER>
2025/02/11-01:53:08.060,TimeoutTimer.cpp,31,(debug),[timeout timer], TimeoutTimer::HandleEvent; <END TIMER HANDLER>
2025/02/11-01:53:28.064,DeliveryTimer.cpp,25,(debug),[delivery timer], DeliveryTimer::HandleEvent; <BEGIN TIMER HANDLER>
2025/02/11-01:53:28.064,TimeoutTimer.cpp,27,(debug),[timeout timer], TimeoutTimer::HandleEvent; <BEGIN TIMER HANDLER>
2025/02/11-01:53:28.064,DeliveryTimer.cpp,29,(debug),[delivery timer], DeliveryTimer::HandleEvent; <END TIMER HANDLER>
2025/02/11-01:53:28.064,TimeoutTimer.cpp,31,(debug),[timeout timer], TimeoutTimer::HandleEvent; <END TIMER HANDLER>
2025/02/11-01:53:48.050,TimeoutTimer.cpp,27,(debug),[timeout timer], TimeoutTimer::HandleEvent; <BEGIN TIMER HANDLER>
2025/02/11-01:53:48.050,TimeoutTimer.cpp,31,(debug),[timeout timer], TimeoutTimer::HandleEvent; <END TIMER HANDLER>
2025/02/11-01:54:08.066,TimeoutTimer.cpp,27,(debug),[timeout timer], TimeoutTimer::HandleEvent; <BEGIN TIMER HANDLER>
2025/02/11-01:54:08.066,TimeoutTimer.cpp,31,(debug),[timeout timer], TimeoutTimer::HandleEvent; <END TIMER HANDLER>
2025/02/11-01:54:28.055,DeliveryTimer.cpp,25,(debug),[delivery timer], DeliveryTimer::HandleEvent; <BEGIN TIMER HANDLER>
2025/02/11-01:54:28.055,TimeoutTimer.cpp,27,(debug),[timeout timer], TimeoutTimer::HandleEvent; <BEGIN TIMER HANDLER>
2025/02/11-01:54:28.055,DeliveryTimer.cpp,29,(debug),[delivery timer], DeliveryTimer::HandleEvent; <END TIMER HANDLER>
2025/02/11-01:54:28.055,TimeoutTimer.cpp,31,(debug),[timeout timer], TimeoutTimer::HandleEvent; <END TIMER HANDLER>
2025/02/11-01:54:48.060,TimeoutTimer.cpp,27,(debug),[timeout timer], TimeoutTimer::HandleEvent; <BEGIN TIMER HANDLER>
2025/02/11-01:54:48.060,TimeoutTimer.cpp,31,(debug),[timeout timer], TimeoutTimer::HandleEvent; <END TIMER HANDLER>
2025/02/11-01:55:08.052,TimeoutTimer.cpp,27,(debug),[timeout timer], TimeoutTimer::HandleEvent; <BEGIN TIMER HANDLER>
2025/02/11-01:55:08.052,TimeoutTimer.cpp,31,(debug),[timeout timer], TimeoutTimer::HandleEvent; <END TIMER HANDLER>
2025/02/11-01:55:28.062,TimeoutTimer.cpp,27,(debug),[timeout timer], TimeoutTimer::HandleEvent; <BEGIN TIMER HANDLER>
2025/02/11-01:55:28.062,TimeoutTimer.cpp,31,(debug),[timeout timer], TimeoutTimer::HandleEvent; <END TIMER HANDLER>
2025/02/11-01:55:28.062,DeliveryTimer.cpp,25,(debug),[delivery timer], DeliveryTimer::HandleEvent; <BEGIN TIMER HANDLER>
2025/02/11-01:55:28.062,DeliveryTimer.cpp,29,(debug),[delivery timer], DeliveryTimer::HandleEvent; <END TIMER HANDLER>
2025/02/11-01:55:48.058,TimeoutTimer.cpp,27,(debug),[timeout timer], TimeoutTimer::HandleEvent; <BEGIN TIMER HANDLER>
2025/02/11-01:55:48.058,TimeoutTimer.cpp,31,(debug),[timeout timer], TimeoutTimer::HandleEvent; <END TIMER HANDLER>
2025/02/11-01:56:08.061,TimeoutTimer.cpp,27,(debug),[timeout timer], TimeoutTimer::HandleEvent; <BEGIN TIMER HANDLER>
2025/02/11-01:56:08.061,TimeoutTimer.cpp,31,(debug),[timeout timer], TimeoutTimer::HandleEvent; <END TIMER HANDLER>
2025/02/11-01:56:28.061,DeliveryTimer.cpp,25,(debug),[delivery timer], DeliveryTimer::HandleEvent; <BEGIN TIMER HANDLER>
2025/02/11-01:56:28.061,DeliveryTimer.cpp,29,(debug),[delivery timer], DeliveryTimer::HandleEvent; <END TIMER HANDLER>
2025/02/11-01:56:28.061,TimeoutTimer.cpp,27,(debug),[timeout timer], TimeoutTimer::HandleEvent; <BEGIN TIMER HANDLER>
2025/02/11-01:56:28.061,TimeoutTimer.cpp,31,(debug),[timeout timer], TimeoutTimer::HandleEvent; <END TIMER HANDLER>
2025/02/11-01:56:33.462,ThreadFreePacketPump.cpp,187,(debug),[packet-pump], post, 5
2025/02/11-01:56:33.462,ThreadFreePacketPump.cpp,87,(debug),[packet-pump], handle start, 5, session:0x0000000100000001, command:70
2025/02/11-01:56:33.462,AgentPacketHandler.cpp,654,(debug),[agent packet handler], HandleMarketDealerRetrieveReservationListReq; <BEGIN PACKET HANDLER>
2025/02/11-01:56:33.462,JobContext.cpp,3375,(debug),[job context], RetrieveReservationListJob::Initialize; decomposed packet, tid:0x16, wid:7801, pcId:0x2820
2025/02/11-01:56:33.787,JobContext.cpp,3405,(notice),[job context], RetrieveReservationListJob::ReplySuccess; sent retrieve reservation list success ack, tid:0x16, wid:7801, pcId:0x2820, contextCount:0
2025/02/11-01:56:33.787,AgentPacketHandler.cpp,671,(debug),[agent packet handler], HandleMarketDealerRetrieveReservationListReq; <END PACKET HANDLER>
2025/02/11-01:56:33.787,ThreadFreePacketPump.cpp,93,(debug),[packet-pump], handle end, 5, session:0x0000000100000001, command:70
2025/02/11-01:56:48.070,TimeoutTimer.cpp,27,(debug),[timeout timer], TimeoutTimer::HandleEvent; <BEGIN TIMER HANDLER>
2025/02/11-01:56:48.070,TimeoutTimer.cpp,31,(debug),[timeout timer], TimeoutTimer::HandleEvent; <END TIMER HANDLER>
2025/02/11-01:56:54.685,ThreadFreePacketPump.cpp,187,(debug),[packet-pump], post, 6
2025/02/11-01:56:54.685,ThreadFreePacketPump.cpp,87,(debug),[packet-pump], handle start, 6, session:0x0000000100000001, command:7
2025/02/11-01:56:54.685,AgentPacketHandler.cpp,157,(debug),[agent packet handler], HandleMarketDealerRetrieveBidListReq; <BEGIN PACKET HANDLER>
2025/02/11-01:56:54.685,JobContext.cpp,342,(debug),[job context], RetrieveBidListJob::Initialize; decomposed packet, tid:0x1000000000003, wid:7801, bidderPcId:0x2820
2025/02/11-01:56:54.732,JobContext.cpp,370,(notice),[job context], RetrieveBidListJob::ReplySuccess; sent retrieve bid list success ack, tid:0x1000000000003, wid:7801, bidderPcId:0x2820
2025/02/11-01:56:54.732,AgentPacketHandler.cpp,174,(debug),[agent packet handler], HandleMarketDealerRetrieveBidListReq; <END PACKET HANDLER>
2025/02/11-01:56:54.732,ThreadFreePacketPump.cpp,93,(debug),[packet-pump], handle end, 6, session:0x0000000100000001, command:7
2025/02/11-01:57:08.060,TimeoutTimer.cpp,27,(debug),[timeout timer], TimeoutTimer::HandleEvent; <BEGIN TIMER HANDLER>
2025/02/11-01:57:08.060,TimeoutTimer.cpp,31,(debug),[timeout timer], TimeoutTimer::HandleEvent; <END TIMER HANDLER>
2025/02/11-01:57:28.054,DeliveryTimer.cpp,25,(debug),[delivery timer], DeliveryTimer::HandleEvent; <BEGIN TIMER HANDLER>
2025/02/11-01:57:28.054,DeliveryTimer.cpp,29,(debug),[delivery timer], DeliveryTimer::HandleEvent; <END TIMER HANDLER>
2025/02/11-01:57:28.054,TimeoutTimer.cpp,27,(debug),[timeout timer], TimeoutTimer::HandleEvent; <BEGIN TIMER HANDLER>
2025/02/11-01:57:28.054,TimeoutTimer.cpp,31,(debug),[timeout timer], TimeoutTimer::HandleEvent; <END TIMER HANDLER>
2025/02/11-01:57:48.055,TimeoutTimer.cpp,27,(debug),[timeout timer], TimeoutTimer::HandleEvent; <BEGIN TIMER HANDLER>
2025/02/11-01:57:48.055,TimeoutTimer.cpp,31,(debug),[timeout timer], TimeoutTimer::HandleEvent; <END TIMER HANDLER>
2025/02/11-01:58:08.060,TimeoutTimer.cpp,27,(debug),[timeout timer], TimeoutTimer::HandleEvent; <BEGIN TIMER HANDLER>
2025/02/11-01:58:08.060,TimeoutTimer.cpp,31,(debug),[timeout timer], TimeoutTimer::HandleEvent; <END TIMER HANDLER>
2025/02/11-01:58:28.066,DeliveryTimer.cpp,25,(debug),[delivery timer], DeliveryTimer::HandleEvent; <BEGIN TIMER HANDLER>
2025/02/11-01:58:28.066,TimeoutTimer.cpp,27,(debug),[timeout timer], TimeoutTimer::HandleEvent; <BEGIN TIMER HANDLER>
2025/02/11-01:58:28.066,DeliveryTimer.cpp,29,(debug),[delivery timer], DeliveryTimer::HandleEvent; <END TIMER HANDLER>
2025/02/11-01:58:28.066,TimeoutTimer.cpp,31,(debug),[timeout timer], TimeoutTimer::HandleEvent; <END TIMER HANDLER>
2025/02/11-01:58:48.061,TimeoutTimer.cpp,27,(debug),[timeout timer], TimeoutTimer::HandleEvent; <BEGIN TIMER HANDLER>
2025/02/11-01:58:48.061,TimeoutTimer.cpp,31,(debug),[timeout timer], TimeoutTimer::HandleEvent; <END TIMER HANDLER>
2025/02/11-01:59:08.063,TimeoutTimer.cpp,27,(debug),[timeout timer], TimeoutTimer::HandleEvent; <BEGIN TIMER HANDLER>
2025/02/11-01:59:08.063,TimeoutTimer.cpp,31,(debug),[timeout timer], TimeoutTimer::HandleEvent; <END TIMER HANDLER>
2025/02/11-01:59:28.056,DeliveryTimer.cpp,25,(debug),[delivery timer], DeliveryTimer::HandleEvent; <BEGIN TIMER HANDLER>
2025/02/11-01:59:28.056,TimeoutTimer.cpp,27,(debug),[timeout timer], TimeoutTimer::HandleEvent; <BEGIN TIMER HANDLER>
2025/02/11-01:59:28.056,DeliveryTimer.cpp,29,(debug),[delivery timer], DeliveryTimer::HandleEvent; <END TIMER HANDLER>
2025/02/11-01:59:28.056,TimeoutTimer.cpp,31,(debug),[timeout timer], TimeoutTimer::HandleEvent; <END TIMER HANDLER>
2025/02/11-01:59:48.053,TimeoutTimer.cpp,27,(debug),[timeout timer], TimeoutTimer::HandleEvent; <BEGIN TIMER HANDLER>
2025/02/11-01:59:48.053,TimeoutTimer.cpp,31,(debug),[timeout timer], TimeoutTimer::HandleEvent; <END TIMER HANDLER>
