2025/02/11-01:01:07.272,Daemon.cpp,483,(debug),[rankingd], Starting, daemon: Blade&Soul Ranking Daemon, version: 0.0.210.92, desc: Blade&Soul Ranking Daemon
2025/02/11-01:01:07.272,Daemon.cpp,484,(debug),[rankingd], Network Configuration, daemon: Blade&Soul Ranking Daemon, hostname: DESKTOP-K8DLTUB, public: 0.0.0.0, internal: 192.168.1.8
2025/02/11-01:01:07.273,DaemonConfig.cpp,132,(debug),[config], ==== path ====
2025/02/11-01:01:07.273,DaemonConfig.cpp,156,(debug),[config], root-path : C:\Service\RankingDaemon\
2025/02/11-01:01:07.273,DaemonConfig.cpp,156,(debug),[config], data-path : C:\Service\RankingDaemon\data\
2025/02/11-01:01:07.273,DaemonConfig.cpp,156,(debug),[config], log-path : C:\log\RankingDaemon\
2025/02/11-01:01:07.273,DaemonConfig.cpp,156,(debug),[config], config-path : C:\Service\RankingDaemon\config\
2025/02/11-01:01:07.273,DaemonConfig.cpp,156,(debug),[config], transaction-log-path : C:\log\RankingDaemon\transaction\
2025/02/11-01:01:07.273,DaemonConfig.cpp,132,(debug),[config], ==== certification ====
2025/02/11-01:01:07.273,DaemonConfig.cpp,164,(debug),[config], cert-file : C:\service\DBConfig\RankingDaemon.cfg
2025/02/11-01:01:07.273,DaemonConfig.cpp,132,(debug),[config], ==== system configuration ====
2025/02/11-01:01:07.273,DaemonConfig.cpp,141,(debug),[config], worker-thread : 0
2025/02/11-01:01:07.273,DaemonConfig.cpp,141,(debug),[config], max-world : 3000
2025/02/11-01:01:07.273,DaemonConfig.cpp,141,(debug),[config], dump-type : 2
2025/02/11-01:01:07.273,DaemonConfig.cpp,141,(debug),[config], timer-interval : 1000
2025/02/11-01:01:07.273,DaemonConfig.cpp,141,(debug),[config], timer-max-time : 30
2025/02/11-01:01:07.274,DaemonConfig.cpp,132,(debug),[config], ==== network configuration ====
2025/02/11-01:01:07.274,DaemonConfig.cpp,141,(debug),[config], world-listen-port : 22501
2025/02/11-01:01:07.275,DaemonConfig.cpp,141,(debug),[config], infogate-listen-port : 22502
2025/02/11-01:01:07.275,DaemonConfig.cpp,141,(debug),[config], manage-listen-port : 32500
2025/02/11-01:01:07.275,DaemonConfig.cpp,132,(debug),[config], ==== ranking service configuration ====
2025/02/11-01:01:07.275,DaemonConfig.cpp,141,(debug),[config], service-world-id : 10090
2025/02/11-01:01:07.275,DaemonConfig.cpp,141,(debug),[config], max-ranking-list-count-per-contents : 10
2025/02/11-01:01:07.275,DaemonConfig.cpp,141,(debug),[config], max-ranking-count : 100000
2025/02/11-01:01:07.275,DaemonConfig.cpp,141,(debug),[config], max-search-count-one-time : 1000
2025/02/11-01:01:07.275,DaemonConfig.cpp,141,(debug),[config], pc-list-hash-count : 10
2025/02/11-01:01:07.275,DaemonConfig.cpp,141,(debug),[config], ranking-list-update-period : 600000
2025/02/11-01:01:07.275,DaemonConfig.cpp,141,(debug),[config], accumulate-season-interim-score-period : 600
2025/02/11-01:01:07.275,DaemonConfig.cpp,132,(debug),[config], ==== skiplistex configuration ====
2025/02/11-01:01:07.275,DaemonConfig.cpp,141,(debug),[config], skip-list-ex-max-level : 11
2025/02/11-01:01:07.275,DaemonConfig.cpp,141,(debug),[config], skip-list-ex-prob : 36
2025/02/11-01:01:07.275,DaemonConfig.cpp,141,(debug),[config], skip-list-ex-max-node-count : 100000
2025/02/11-01:01:07.282,RankingDaemon.cpp,457,(debug),[rankingd], RankingDaemon::initialize; succeeded to check database world id, worldId:10090
2025/02/11-01:01:08.298,RankingDaemon.cpp,529,(notice),[rankingd], RankingDaemon::initNetwork; setup manage port ok, port:32500
2025/02/11-01:01:08.298,InfoGateChannel.cpp,107,(debug),[infogatemgr], infogate session manager initialized, packet-handler-list:00007FF64333F230, cmd-offset:0
2025/02/11-01:01:08.301,InfoGateChannel.cpp,239,(notice),[infogatemgr], setup infogate list with xml complete, xml:C:\Service\RankingDaemon\config\infogate-list.config.xml
2025/02/11-01:01:08.301,InfoGateChannel.cpp,493,(debug),[infogatemgr], infogate registered, wid:10080, ip:192.168.1.8, port:22100
2025/02/11-01:01:08.301,InfoGateChannel.cpp,288,(notice),[infogatemgr], infogate #10080 added, ip:192.168.1.8, port:22100
2025/02/11-01:01:08.301,InfoGateChannel.cpp,294,(notice),[infogatemgr], setup infogate list complete, infogate-count:1
2025/02/11-01:01:08.301,InfoGateChannel.cpp,322,(notice),[infogatemgr], infogate load ok, final-count:1, xml:C:\Service\RankingDaemon\config\infogate-list.config.xml
2025/02/11-01:01:08.304,RankingDaemon.cpp,572,(notice),[rankingd], RankingDaemon::initNetwork; open infogate port ok, port:22502
2025/02/11-01:01:08.304,GameChannel.cpp,118,(debug),[gamemgr], game session manager initialized, packet-handler-list:00007FF64333F290, cmd-offset:0
2025/02/11-01:01:08.305,GameChannel.cpp,253,(notice),[gamemgr], setup game list with xml complete, xml:C:\Service\RankingDaemon\config\game-list.config.xml
2025/02/11-01:01:08.305,GameChannel.cpp,480,(debug),[gamemgr], game registered, serviceType:1, id:7801, ip:192.168.1.8, port:20100
2025/02/11-01:01:08.306,GameChannel.cpp,296,(notice),[gamemgr], game serviceType:1, id:7801 added, ip:192.168.1.8, port:20100
2025/02/11-01:01:08.306,GameChannel.cpp,480,(debug),[gamemgr], game registered, serviceType:2, id:17801, ip:192.168.1.8, port:21900
2025/02/11-01:01:08.306,GameChannel.cpp,296,(notice),[gamemgr], game serviceType:2, id:17801 added, ip:192.168.1.8, port:21900
2025/02/11-01:01:08.306,GameChannel.cpp,480,(debug),[gamemgr], game registered, serviceType:2, id:17802, ip:192.168.1.8, port:22900
2025/02/11-01:01:08.306,GameChannel.cpp,296,(notice),[gamemgr], game serviceType:2, id:17802 added, ip:192.168.1.8, port:22900
2025/02/11-01:01:08.306,GameChannel.cpp,302,(notice),[gamemgr], setup game list complete, game-list-count:3
2025/02/11-01:01:08.306,GameChannel.cpp,330,(notice),[gamemgr], game load ok, final-count:3, xml:C:\Service\RankingDaemon\config\game-list.config.xml
2025/02/11-01:01:08.310,RankingDaemon.cpp,615,(notice),[rankingd], RankingDaemon::initNetwork; open world port ok, port:22501
2025/02/11-01:01:08.310,RankingDaemon.cpp,618,(debug),[rankingd], RankingDaemon::initNetwork; success
2025/02/11-01:01:08.457,RankingDaemon.cpp,675,(debug),[rankingd], RankingDaemon::loadAllDataFromDB; accumulate season interim score job timer started, currentTime:0x67AA3EE4, interval:600, remainTime:532
2025/02/11-01:01:08.457,RankingDaemon.cpp,687,(debug),[rankingd], RankingDaemon::loadAllDataFromDB; activate season count is zero
2025/02/11-01:01:08.457,RankingDaemon.cpp,758,(notice),[rankingd], RankingDaemon::openListenPort; opened manage port successfully, portId:1, portNumber:32500
2025/02/11-01:01:08.457,RankingDaemon.cpp,765,(notice),[rankingd], RankingDaemon::openListenPort; opened infogate port successfully, portId:3, portNumber:22502
2025/02/11-01:01:08.457,RankingDaemon.cpp,772,(notice),[rankingd], RankingDaemon::openListenPort; opened game port successfully, portId:2, portNumber:22501
2025/02/11-01:01:08.457,RankingDaemon.cpp,781,(debug),[rankingd], RankingDaemon::startTimer; start timer successfully, 
2025/02/11-01:01:08.457,RankingDaemon.cpp,640,(debug),[rankingd], RankingDaemon::onStart; Ready
2025/02/11-01:01:08.457,Daemon.cpp,530,(debug),[rankingd], start, daemon: Blade&Soul Ranking Daemon, version: 0.0.210.92, loading time: 1250
2025/02/11-01:07:35.017,Port.cpp,648,(debug),[session], created, port-id:2, session-id:200000001, session:00000000017F0000
2025/02/11-01:07:35.017,GameChannel.cpp,575,(notice),[game], 0x0000000200000001, 0, accept
2025/02/11-01:07:35.017,Session.cpp,471,(debug),[session], accepted from, port id: 2, session id:200000001, this:00000000017F0000, ip:192.168.1.8, port:57032, socket:00000000000009A4
2025/02/11-01:07:35.018,GameChannel.cpp,629,(debug),[game], 0x0000000200000001, 0, handle start, cmd:1
2025/02/11-01:07:35.018,GamePacketHandler.cpp,70,(debug),[game], HandleRankingGame_HelloReq; decomposed packet, ranking-game-packet-version:6, cluster-id:7801
2025/02/11-01:07:35.019,GamePacketHandler.cpp,128,(notice),[game], HandleRankingGame_HelloReq; hello success, cluster-Id:7801, ip:192.168.1.8
2025/02/11-01:07:35.019,GameChannel.cpp,631,(debug),[game], 0x0000000200000001, 0, handle end, cmd:1
2025/02/11-01:07:35.019,ThreadFreePacketPump.cpp,187,(debug),[packet-pump], post, 1
2025/02/11-01:07:35.019,ThreadFreePacketPump.cpp,87,(debug),[packet-pump], handle start, 1, session:0x0000000200000001, command:12
2025/02/11-01:07:35.019,JobContext.cpp,1121,(debug),[job context], LoadGuildRankingResultListJob::Initialize; initialize ok, clusterId:7801, startSearchKey:0
2025/02/11-01:07:35.157,JobContext.cpp,1198,(debug),[job context], LoadGuildRankingResultListJob::ReplySuccess; reply success, clusterId:7801, startSearchKey:0
2025/02/11-01:07:35.157,ThreadFreePacketPump.cpp,93,(debug),[packet-pump], handle end, 1, session:0x0000000200000001, command:12
2025/02/11-01:08:23.007,Port.cpp,648,(debug),[session], created, port-id:3, session-id:300000001, session:00000000015F0000
2025/02/11-01:08:23.009,InfoGateChannel.cpp,582,(notice),[infogate], 0x0000000300000001, 0, accept
2025/02/11-01:08:23.009,Session.cpp,471,(debug),[session], accepted from, port id: 3, session id:300000001, this:00000000015F0000, ip:192.168.1.8, port:57178, socket:00000000000007A0
2025/02/11-01:08:23.047,InfoGateChannel.cpp,638,(debug),[infogate], 0x0000000300000001, 0, handle start, cmd:1
2025/02/11-01:08:23.048,InfoGatePacketHandler.cpp,70,(debug),[infogate], HandleRankingInfoGate_HelloReq; decomposed packet, infogate-packet-version:4, infogate-id:10080, internal-port:22100
2025/02/11-01:08:23.050,InfoGatePacketHandler.cpp,134,(notice),[infogate], HandleRankingInfoGate_HelloReq; hello success, infogateId:10080, ip:192.168.1.8
2025/02/11-01:08:23.050,InfoGateChannel.cpp,640,(debug),[infogate], 0x0000000300000001, 0, handle end, cmd:1
2025/02/11-01:10:00.559,AccumulateSeasonInterimScoreJobTimer.cpp,40,(debug),[accumulate season interim score job timer], AccumulateSeasonInterimScoreJobTimer::HandleEvent; currentTaskBaseTime:2025-02-11 01:10:00, duration:0, interval:600, ncextTaskBaseTime:2025-02-11 01:20:00
2025/02/11-01:11:30.000,Port.cpp,648,(debug),[session], created, port-id:2, session-id:200000002, session:00000000017F2000
2025/02/11-01:11:30.000,GameChannel.cpp,575,(notice),[game], 0x0000000200000002, 0, accept
2025/02/11-01:11:30.000,Session.cpp,471,(debug),[session], accepted from, port id: 2, session id:200000002, this:00000000017F2000, ip:192.168.1.8, port:57989, socket:0000000000000AD8
2025/02/11-01:11:30.001,GameChannel.cpp,629,(debug),[game], 0x0000000200000002, 0, handle start, cmd:1
2025/02/11-01:11:30.001,GamePacketHandler.cpp,70,(debug),[game], HandleRankingGame_HelloReq; decomposed packet, ranking-game-packet-version:6, cluster-id:17801
2025/02/11-01:11:30.007,GamePacketHandler.cpp,128,(notice),[game], HandleRankingGame_HelloReq; hello success, cluster-Id:17801, ip:192.168.1.8
2025/02/11-01:11:30.007,GameChannel.cpp,631,(debug),[game], 0x0000000200000002, 0, handle end, cmd:1
2025/02/11-01:15:45.298,ThreadFreePacketPump.cpp,187,(debug),[packet-pump], post, 2
2025/02/11-01:15:45.298,ThreadFreePacketPump.cpp,187,(debug),[packet-pump], post, 3
2025/02/11-01:15:45.298,ThreadFreePacketPump.cpp,187,(debug),[packet-pump], post, 4
2025/02/11-01:15:45.298,ThreadFreePacketPump.cpp,187,(debug),[packet-pump], post, 5
2025/02/11-01:15:45.298,ThreadFreePacketPump.cpp,187,(debug),[packet-pump], post, 6
2025/02/11-01:15:45.298,ThreadFreePacketPump.cpp,87,(debug),[packet-pump], handle start, 3, session:0x0000000200000001, command:6
2025/02/11-01:15:45.299,ThreadFreePacketPump.cpp,187,(debug),[packet-pump], post, 7
2025/02/11-01:15:45.299,ThreadFreePacketPump.cpp,187,(debug),[packet-pump], post, 8
2025/02/11-01:15:45.299,ThreadFreePacketPump.cpp,187,(debug),[packet-pump], post, 9
2025/02/11-01:15:45.299,ThreadFreePacketPump.cpp,87,(debug),[packet-pump], handle start, 5, session:0x0000000200000001, command:6
2025/02/11-01:15:45.299,ThreadFreePacketPump.cpp,87,(debug),[packet-pump], handle start, 4, session:0x0000000200000001, command:6
2025/02/11-01:15:45.299,ThreadFreePacketPump.cpp,87,(debug),[packet-pump], handle start, 7, session:0x0000000200000001, command:6
2025/02/11-01:15:45.299,ThreadFreePacketPump.cpp,87,(debug),[packet-pump], handle start, 8, session:0x0000000200000001, command:6
2025/02/11-01:15:45.299,ThreadFreePacketPump.cpp,87,(debug),[packet-pump], handle start, 6, session:0x0000000200000001, command:6
2025/02/11-01:15:45.299,ThreadFreePacketPump.cpp,87,(debug),[packet-pump], handle start, 9, session:0x0000000200000001, command:6
2025/02/11-01:15:45.299,ThreadFreePacketPump.cpp,87,(debug),[packet-pump], handle start, 2, session:0x0000000200000001, command:9
2025/02/11-01:15:45.300,GameChannel.cpp,70,(debug),[game-channel], SendRetrievePlayerRankingInfoOk, ret:true, tid:0xA4, seasonContentsType:9, playerType:1, playerId:0xA4, job:0, primaryScore:0x0, lastAccumulationRequestTime:0x0ranking:0, rankingPerJob:0, topRankerName:, topRankerId:0x0, topRankerPrimaryScore:0x0, topRankerRanking:0
2025/02/11-01:15:45.300,GameChannel.cpp,70,(debug),[game-channel], SendRetrievePlayerRankingInfoOk, ret:true, tid:0xA4, seasonContentsType:5, playerType:1, playerId:0xA4, job:0, primaryScore:0x0, lastAccumulationRequestTime:0x0ranking:0, rankingPerJob:0, topRankerName:, topRankerId:0x0, topRankerPrimaryScore:0x0, topRankerRanking:0
2025/02/11-01:15:45.300,ThreadFreePacketPump.cpp,93,(debug),[packet-pump], handle end, 6, session:0x0000000200000001, command:6
2025/02/11-01:15:45.300,ThreadFreePacketPump.cpp,93,(debug),[packet-pump], handle end, 9, session:0x0000000200000001, command:6
2025/02/11-01:15:45.300,GameChannel.cpp,70,(debug),[game-channel], SendRetrievePlayerRankingInfoOk, ret:true, tid:0xA4, seasonContentsType:1, playerType:1, playerId:0xA4, job:0, primaryScore:0x0, lastAccumulationRequestTime:0x0ranking:0, rankingPerJob:0, topRankerName:, topRankerId:0x0, topRankerPrimaryScore:0x0, topRankerRanking:0
2025/02/11-01:15:45.300,ThreadFreePacketPump.cpp,93,(debug),[packet-pump], handle end, 3, session:0x0000000200000001, command:6
2025/02/11-01:15:45.300,GameChannel.cpp,70,(debug),[game-channel], SendRetrievePlayerRankingInfoOk, ret:true, tid:0xA4, seasonContentsType:7, playerType:1, playerId:0xA4, job:0, primaryScore:0x0, lastAccumulationRequestTime:0x0ranking:0, rankingPerJob:0, topRankerName:, topRankerId:0x0, topRankerPrimaryScore:0x0, topRankerRanking:0
2025/02/11-01:15:45.300,ThreadFreePacketPump.cpp,93,(debug),[packet-pump], handle end, 8, session:0x0000000200000001, command:6
2025/02/11-01:15:45.300,GameChannel.cpp,70,(debug),[game-channel], SendRetrievePlayerRankingInfoOk, ret:true, tid:0xA4, seasonContentsType:6, playerType:1, playerId:0xA4, job:0, primaryScore:0x0, lastAccumulationRequestTime:0x0ranking:0, rankingPerJob:0, topRankerName:, topRankerId:0x0, topRankerPrimaryScore:0x0, topRankerRanking:0
2025/02/11-01:15:45.300,ThreadFreePacketPump.cpp,93,(debug),[packet-pump], handle end, 7, session:0x0000000200000001, command:6
2025/02/11-01:15:45.300,GameChannel.cpp,70,(debug),[game-channel], SendRetrievePlayerRankingInfoOk, ret:true, tid:0xA4, seasonContentsType:3, playerType:1, playerId:0xA4, job:0, primaryScore:0x0, lastAccumulationRequestTime:0x0ranking:0, rankingPerJob:0, topRankerName:, topRankerId:0x0, topRankerPrimaryScore:0x0, topRankerRanking:0
2025/02/11-01:15:45.300,ThreadFreePacketPump.cpp,93,(debug),[packet-pump], handle end, 4, session:0x0000000200000001, command:6
2025/02/11-01:15:45.300,GameChannel.cpp,70,(debug),[game-channel], SendRetrievePlayerRankingInfoOk, ret:true, tid:0xA4, seasonContentsType:4, playerType:1, playerId:0xA4, job:0, primaryScore:0x0, lastAccumulationRequestTime:0x0ranking:0, rankingPerJob:0, topRankerName:, topRankerId:0x0, topRankerPrimaryScore:0x0, topRankerRanking:0
2025/02/11-01:15:45.300,ThreadFreePacketPump.cpp,93,(debug),[packet-pump], handle end, 5, session:0x0000000200000001, command:6
2025/02/11-01:15:45.357,ThreadFreePacketPump.cpp,93,(debug),[packet-pump], handle end, 2, session:0x0000000200000001, command:9
2025/02/11-01:20:00.534,AccumulateSeasonInterimScoreJobTimer.cpp,40,(debug),[accumulate season interim score job timer], AccumulateSeasonInterimScoreJobTimer::HandleEvent; currentTaskBaseTime:2025-02-11 01:20:00, duration:0, interval:600, ncextTaskBaseTime:2025-02-11 01:30:00
2025/02/11-01:30:00.515,AccumulateSeasonInterimScoreJobTimer.cpp,40,(debug),[accumulate season interim score job timer], AccumulateSeasonInterimScoreJobTimer::HandleEvent; currentTaskBaseTime:2025-02-11 01:30:00, duration:0, interval:600, ncextTaskBaseTime:2025-02-11 01:40:00
2025/02/11-01:32:13.150,ThreadFreePacketPump.cpp,187,(debug),[packet-pump], post, 10
2025/02/11-01:32:13.150,ThreadFreePacketPump.cpp,87,(debug),[packet-pump], handle start, 10, session:0x0000000200000001, command:9
2025/02/11-01:32:13.150,ThreadFreePacketPump.cpp,187,(debug),[packet-pump], post, 11
2025/02/11-01:32:13.150,ThreadFreePacketPump.cpp,187,(debug),[packet-pump], post, 12
2025/02/11-01:32:13.150,ThreadFreePacketPump.cpp,87,(debug),[packet-pump], handle start, 11, session:0x0000000200000001, command:6
2025/02/11-01:32:13.150,GameChannel.cpp,70,(debug),[game-channel], SendRetrievePlayerRankingInfoOk, ret:true, tid:0x281F, seasonContentsType:1, playerType:1, playerId:0x281F, job:0, primaryScore:0x0, lastAccumulationRequestTime:0x0ranking:0, rankingPerJob:0, topRankerName:, topRankerId:0x0, topRankerPrimaryScore:0x0, topRankerRanking:0
2025/02/11-01:32:13.150,ThreadFreePacketPump.cpp,93,(debug),[packet-pump], handle end, 11, session:0x0000000200000001, command:6
2025/02/11-01:32:13.150,ThreadFreePacketPump.cpp,87,(debug),[packet-pump], handle start, 12, session:0x0000000200000001, command:6
2025/02/11-01:32:13.150,ThreadFreePacketPump.cpp,187,(debug),[packet-pump], post, 13
2025/02/11-01:32:13.150,ThreadFreePacketPump.cpp,87,(debug),[packet-pump], handle start, 13, session:0x0000000200000001, command:6
2025/02/11-01:32:13.150,ThreadFreePacketPump.cpp,187,(debug),[packet-pump], post, 14
2025/02/11-01:32:13.150,ThreadFreePacketPump.cpp,187,(debug),[packet-pump], post, 15
2025/02/11-01:32:13.150,ThreadFreePacketPump.cpp,187,(debug),[packet-pump], post, 16
2025/02/11-01:32:13.150,ThreadFreePacketPump.cpp,187,(debug),[packet-pump], post, 17
2025/02/11-01:32:13.150,GameChannel.cpp,70,(debug),[game-channel], SendRetrievePlayerRankingInfoOk, ret:true, tid:0x281F, seasonContentsType:4, playerType:1, playerId:0x281F, job:0, primaryScore:0x0, lastAccumulationRequestTime:0x0ranking:0, rankingPerJob:0, topRankerName:, topRankerId:0x0, topRankerPrimaryScore:0x0, topRankerRanking:0
2025/02/11-01:32:13.150,ThreadFreePacketPump.cpp,93,(debug),[packet-pump], handle end, 13, session:0x0000000200000001, command:6
2025/02/11-01:32:13.150,ThreadFreePacketPump.cpp,87,(debug),[packet-pump], handle start, 14, session:0x0000000200000001, command:6
2025/02/11-01:32:13.150,ThreadFreePacketPump.cpp,87,(debug),[packet-pump], handle start, 15, session:0x0000000200000001, command:6
2025/02/11-01:32:13.150,GameChannel.cpp,70,(debug),[game-channel], SendRetrievePlayerRankingInfoOk, ret:true, tid:0x281F, seasonContentsType:5, playerType:1, playerId:0x281F, job:0, primaryScore:0x0, lastAccumulationRequestTime:0x0ranking:0, rankingPerJob:0, topRankerName:, topRankerId:0x0, topRankerPrimaryScore:0x0, topRankerRanking:0
2025/02/11-01:32:13.150,ThreadFreePacketPump.cpp,93,(debug),[packet-pump], handle end, 14, session:0x0000000200000001, command:6
2025/02/11-01:32:13.150,ThreadFreePacketPump.cpp,87,(debug),[packet-pump], handle start, 16, session:0x0000000200000001, command:6
2025/02/11-01:32:13.150,GameChannel.cpp,70,(debug),[game-channel], SendRetrievePlayerRankingInfoOk, ret:true, tid:0x281F, seasonContentsType:6, playerType:1, playerId:0x281F, job:0, primaryScore:0x0, lastAccumulationRequestTime:0x0ranking:0, rankingPerJob:0, topRankerName:, topRankerId:0x0, topRankerPrimaryScore:0x0, topRankerRanking:0
2025/02/11-01:32:13.150,GameChannel.cpp,70,(debug),[game-channel], SendRetrievePlayerRankingInfoOk, ret:true, tid:0x281F, seasonContentsType:7, playerType:1, playerId:0x281F, job:0, primaryScore:0x0, lastAccumulationRequestTime:0x0ranking:0, rankingPerJob:0, topRankerName:, topRankerId:0x0, topRankerPrimaryScore:0x0, topRankerRanking:0
2025/02/11-01:32:13.150,ThreadFreePacketPump.cpp,93,(debug),[packet-pump], handle end, 16, session:0x0000000200000001, command:6
2025/02/11-01:32:13.150,ThreadFreePacketPump.cpp,93,(debug),[packet-pump], handle end, 15, session:0x0000000200000001, command:6
2025/02/11-01:32:13.150,ThreadFreePacketPump.cpp,87,(debug),[packet-pump], handle start, 17, session:0x0000000200000001, command:6
2025/02/11-01:32:13.150,GameChannel.cpp,70,(debug),[game-channel], SendRetrievePlayerRankingInfoOk, ret:true, tid:0x281F, seasonContentsType:9, playerType:1, playerId:0x281F, job:0, primaryScore:0x0, lastAccumulationRequestTime:0x0ranking:0, rankingPerJob:0, topRankerName:, topRankerId:0x0, topRankerPrimaryScore:0x0, topRankerRanking:0
2025/02/11-01:32:13.150,GameChannel.cpp,70,(debug),[game-channel], SendRetrievePlayerRankingInfoOk, ret:true, tid:0x281F, seasonContentsType:3, playerType:1, playerId:0x281F, job:0, primaryScore:0x0, lastAccumulationRequestTime:0x0ranking:0, rankingPerJob:0, topRankerName:, topRankerId:0x0, topRankerPrimaryScore:0x0, topRankerRanking:0
2025/02/11-01:32:13.150,ThreadFreePacketPump.cpp,93,(debug),[packet-pump], handle end, 17, session:0x0000000200000001, command:6
2025/02/11-01:32:13.150,ThreadFreePacketPump.cpp,93,(debug),[packet-pump], handle end, 12, session:0x0000000200000001, command:6
2025/02/11-01:32:13.187,ThreadFreePacketPump.cpp,93,(debug),[packet-pump], handle end, 10, session:0x0000000200000001, command:9
2025/02/11-01:40:00.552,AccumulateSeasonInterimScoreJobTimer.cpp,40,(debug),[accumulate season interim score job timer], AccumulateSeasonInterimScoreJobTimer::HandleEvent; currentTaskBaseTime:2025-02-11 01:40:00, duration:0, interval:600, ncextTaskBaseTime:2025-02-11 01:50:00
2025/02/11-01:50:00.660,AccumulateSeasonInterimScoreJobTimer.cpp,40,(debug),[accumulate season interim score job timer], AccumulateSeasonInterimScoreJobTimer::HandleEvent; currentTaskBaseTime:2025-02-11 01:50:00, duration:0, interval:600, ncextTaskBaseTime:2025-02-11 02:00:00
2025/02/11-01:56:58.461,ThreadFreePacketPump.cpp,187,(debug),[packet-pump], post, 18
2025/02/11-01:56:58.461,ThreadFreePacketPump.cpp,187,(debug),[packet-pump], post, 19
2025/02/11-01:56:58.461,ThreadFreePacketPump.cpp,187,(debug),[packet-pump], post, 20
2025/02/11-01:56:58.461,ThreadFreePacketPump.cpp,187,(debug),[packet-pump], post, 21
2025/02/11-01:56:58.461,ThreadFreePacketPump.cpp,187,(debug),[packet-pump], post, 22
2025/02/11-01:56:58.461,ThreadFreePacketPump.cpp,187,(debug),[packet-pump], post, 23
2025/02/11-01:56:58.461,ThreadFreePacketPump.cpp,187,(debug),[packet-pump], post, 24
2025/02/11-01:56:58.461,ThreadFreePacketPump.cpp,187,(debug),[packet-pump], post, 25
2025/02/11-01:56:58.461,ThreadFreePacketPump.cpp,87,(debug),[packet-pump], handle start, 21, session:0x0000000200000001, command:6
2025/02/11-01:56:58.461,GameChannel.cpp,70,(debug),[game-channel], SendRetrievePlayerRankingInfoOk, ret:true, tid:0x2820, seasonContentsType:4, playerType:1, playerId:0x2820, job:0, primaryScore:0x0, lastAccumulationRequestTime:0x0ranking:0, rankingPerJob:0, topRankerName:, topRankerId:0x0, topRankerPrimaryScore:0x0, topRankerRanking:0
2025/02/11-01:56:58.461,ThreadFreePacketPump.cpp,93,(debug),[packet-pump], handle end, 21, session:0x0000000200000001, command:6
2025/02/11-01:56:58.461,ThreadFreePacketPump.cpp,87,(debug),[packet-pump], handle start, 22, session:0x0000000200000001, command:6
2025/02/11-01:56:58.461,GameChannel.cpp,70,(debug),[game-channel], SendRetrievePlayerRankingInfoOk, ret:true, tid:0x2820, seasonContentsType:5, playerType:1, playerId:0x2820, job:0, primaryScore:0x0, lastAccumulationRequestTime:0x0ranking:0, rankingPerJob:0, topRankerName:, topRankerId:0x0, topRankerPrimaryScore:0x0, topRankerRanking:0
2025/02/11-01:56:58.461,ThreadFreePacketPump.cpp,93,(debug),[packet-pump], handle end, 22, session:0x0000000200000001, command:6
2025/02/11-01:56:58.461,ThreadFreePacketPump.cpp,87,(debug),[packet-pump], handle start, 23, session:0x0000000200000001, command:6
2025/02/11-01:56:58.461,GameChannel.cpp,70,(debug),[game-channel], SendRetrievePlayerRankingInfoOk, ret:true, tid:0x2820, seasonContentsType:6, playerType:1, playerId:0x2820, job:0, primaryScore:0x0, lastAccumulationRequestTime:0x0ranking:0, rankingPerJob:0, topRankerName:, topRankerId:0x0, topRankerPrimaryScore:0x0, topRankerRanking:0
2025/02/11-01:56:58.461,ThreadFreePacketPump.cpp,93,(debug),[packet-pump], handle end, 23, session:0x0000000200000001, command:6
2025/02/11-01:56:58.461,ThreadFreePacketPump.cpp,87,(debug),[packet-pump], handle start, 24, session:0x0000000200000001, command:6
2025/02/11-01:56:58.461,GameChannel.cpp,70,(debug),[game-channel], SendRetrievePlayerRankingInfoOk, ret:true, tid:0x2820, seasonContentsType:7, playerType:1, playerId:0x2820, job:0, primaryScore:0x0, lastAccumulationRequestTime:0x0ranking:0, rankingPerJob:0, topRankerName:, topRankerId:0x0, topRankerPrimaryScore:0x0, topRankerRanking:0
2025/02/11-01:56:58.461,ThreadFreePacketPump.cpp,93,(debug),[packet-pump], handle end, 24, session:0x0000000200000001, command:6
2025/02/11-01:56:58.461,ThreadFreePacketPump.cpp,87,(debug),[packet-pump], handle start, 25, session:0x0000000200000001, command:6
2025/02/11-01:56:58.461,GameChannel.cpp,70,(debug),[game-channel], SendRetrievePlayerRankingInfoOk, ret:true, tid:0x2820, seasonContentsType:9, playerType:1, playerId:0x2820, job:0, primaryScore:0x0, lastAccumulationRequestTime:0x0ranking:0, rankingPerJob:0, topRankerName:, topRankerId:0x0, topRankerPrimaryScore:0x0, topRankerRanking:0
2025/02/11-01:56:58.461,ThreadFreePacketPump.cpp,93,(debug),[packet-pump], handle end, 25, session:0x0000000200000001, command:6
2025/02/11-01:56:58.462,ThreadFreePacketPump.cpp,87,(debug),[packet-pump], handle start, 18, session:0x0000000200000001, command:9
2025/02/11-01:56:58.462,ThreadFreePacketPump.cpp,87,(debug),[packet-pump], handle start, 19, session:0x0000000200000001, command:6
2025/02/11-01:56:58.462,ThreadFreePacketPump.cpp,87,(debug),[packet-pump], handle start, 20, session:0x0000000200000001, command:6
2025/02/11-01:56:58.462,GameChannel.cpp,70,(debug),[game-channel], SendRetrievePlayerRankingInfoOk, ret:true, tid:0x2820, seasonContentsType:1, playerType:1, playerId:0x2820, job:0, primaryScore:0x0, lastAccumulationRequestTime:0x0ranking:0, rankingPerJob:0, topRankerName:, topRankerId:0x0, topRankerPrimaryScore:0x0, topRankerRanking:0
2025/02/11-01:56:58.462,ThreadFreePacketPump.cpp,93,(debug),[packet-pump], handle end, 19, session:0x0000000200000001, command:6
2025/02/11-01:56:58.462,GameChannel.cpp,70,(debug),[game-channel], SendRetrievePlayerRankingInfoOk, ret:true, tid:0x2820, seasonContentsType:3, playerType:1, playerId:0x2820, job:0, primaryScore:0x0, lastAccumulationRequestTime:0x0ranking:0, rankingPerJob:0, topRankerName:, topRankerId:0x0, topRankerPrimaryScore:0x0, topRankerRanking:0
2025/02/11-01:56:58.462,ThreadFreePacketPump.cpp,93,(debug),[packet-pump], handle end, 20, session:0x0000000200000001, command:6
2025/02/11-01:56:58.493,ThreadFreePacketPump.cpp,93,(debug),[packet-pump], handle end, 18, session:0x0000000200000001, command:9
