1,2025/02/11-01:02:00.889,1805,0,0,0,2025/02/11-01:02:00,0,,,,,,,,,,,,,,,,,,,,,,,,,,,,,,,,,,,,,,,,,,,,,,,,,,,,,,,,,,,
2,2025/02/11-01:07:35.056,1803,0,0,7801,2025/02/11-01:07:35,0,,,,,,,,,,,,,,,,,,,,,,,,,,,,,,,,,,,,,,,,,,,,,,,,,,,,,,,,,,,
3,2025/02/11-01:11:30.000,1803,0,0,17801,2025/02/11-01:11:30,0,,,,,,,,,,,,,,,,,,,,,,,,,,,,,,,,,,,,,,,,,,,,,,,,,,,,,,,,,,,
4,2025/02/11-01:15:33.839,1801,1,164,7801,2025/02/11-01:15:33,7801,50,0,2,0,64,8,24,4,1,1,281474976710657,2,1,,,,,,,,,,,,,,,,,Tamgiacbm,,,,,,,,,,,,,,,,,,,,,,,,,,,,,
5,2025/02/11-01:32:10.928,1801,2,10271,7801,2025/02/11-01:32:10,7801,1,0,0,0,40,8,24,3,2,6,281474976710658,1,1,,,,,,,,,,,,,,,,,Warl0ck,,,,,,,,,,,,,,,,,,,,,,,,,,,,,
6,2025/02/11-01:32:10.929,1009,2,10271,7801,2025/02/11-01:32:10,,,,,,,,,,,,,,,,,,,,,,,,,,,,,,,250,,,,,,,,,,,,,,,,,,,,,,,,,,,,,
7,2025/02/11-01:32:41.134,1004,2,10271,7801,2025/02/11-01:32:41,0,4295877296,0,0,0,0,0,0,0,0,0,0,0,0,0,0,0,0,0,0,0,0,0,0,0,0,0,0,0,0,,,,,,,,,,,,,,,,,,,,,,,,,,,,,,
8,2025/02/11-01:33:21.748,1009,2,10271,7801,2025/02/11-01:33:21,,,,,,,,,,,,,,,,,,,,,,,,,,,,,,,221,,,,,,,,,,,,,,,,,,,,,,,,,,,,,
9,2025/02/11-01:33:26.831,1009,2,10271,7801,2025/02/11-01:33:26,,,,,,,,,,,,,,,,,,,,,,,,,,,,,,,222,,,,,,,,,,,,,,,,,,,,,,,,,,,,,
10,2025/02/11-01:34:08.538,1009,2,10271,7801,2025/02/11-01:34:08,,,,,,,,,,,,,,,,,,,,,,,,,,,,,,,223,,,,,,,,,,,,,,,,,,,,,,,,,,,,,
11,2025/02/11-01:35:27.730,1009,2,10271,7801,2025/02/11-01:35:27,,,,,,,,,,,,,,,,,,,,,,,,,,,,,,,244,,,,,,,,,,,,,,,,,,,,,,,,,,,,,
12,2025/02/11-01:35:43.342,1015,2,10271,7801,2025/02/11-01:35:43,0,0,8,0,,,,,,,,,,,,,,,,,,,,,,,,,,,,,,,,,,,,,,,,,,,,,,,,,,,,,,,,
13,2025/02/11-01:35:50.230,1004,2,10271,7801,2025/02/11-01:35:50,4295577398,4295877296,0,0,0,0,0,0,0,0,0,0,0,0,0,0,0,0,0,0,0,0,0,0,0,0,0,0,0,0,,,,,,,,,,,,,,,,,,,,,,,,,,,,,,
14,2025/02/11-01:35:51.218,1004,2,10271,7801,2025/02/11-01:35:51,4295577398,4295877296,0,0,0,0,0,0,0,0,0,0,0,0,0,0,0,0,4295877425,0,0,0,0,0,0,0,0,0,0,0,,,,,,,,,,,,,,,,,,,,,,,,,,,,,,
15,2025/02/11-01:35:58.043,1009,2,10271,7801,2025/02/11-01:35:58,,,,,,,,,,,,,,,,,,,,,,,,,,,,,,,245,,,,,,,,,,,,,,,,,,,,,,,,,,,,,
16,2025/02/11-01:36:22.538,1009,2,10271,7801,2025/02/11-01:36:22,,,,,,,,,,,,,,,,,,,,,,,,,,,,,,,246,,,,,,,,,,,,,,,,,,,,,,,,,,,,,
17,2025/02/11-01:36:35.740,1015,2,10271,7801,2025/02/11-01:36:35,0,0,11,0,,,,,,,,,,,,,,,,,,,,,,,,,,,,,,,,,,,,,,,,,,,,,,,,,,,,,,,,
18,2025/02/11-01:37:53.321,1016,2,10271,7801,2025/02/11-01:37:53,0,,,,,,,,,,,,,,,,,,,,,,,,,,,,,,,,,,,,,,,,,,,,,,,,,,,,,,,,,,,
19,2025/02/11-01:38:43.248,1005,2,10271,7801,2025/02/11-01:38:43,4295795480,,,,,,,,,,,,,,,,,,,,,,,,,,,,,,,,,,,,,,,,,,,,,,,,,,,,,,,,,,,
20,2025/02/11-01:38:46.332,1009,2,10271,7801,2025/02/11-01:38:46,,,,,,,,,,,,,,,,,,,,,,,,,,,,,,,247,,,,,,,,,,,,,,,,,,,,,,,,,,,,,
21,2025/02/11-01:38:46.333,1015,2,10271,7801,2025/02/11-01:38:46,0,0,13,0,,,,,,,,,,,,,,,,,,,,,,,,,,,,,,,,,,,,,,,,,,,,,,,,,,,,,,,,
22,2025/02/11-01:39:36.115,1009,2,10271,7801,2025/02/11-01:39:36,,,,,,,,,,,,,,,,,,,,,,,,,,,,,,,243,,,,,,,,,,,,,,,,,,,,,,,,,,,,,
23,2025/02/11-01:40:33.756,1009,2,10271,7801,2025/02/11-01:40:33,,,,,,,,,,,,,,,,,,,,,,,,,,,,,,,301,,,,,,,,,,,,,,,,,,,,,,,,,,,,,
24,2025/02/11-01:40:33.760,1015,2,10271,7801,2025/02/11-01:40:33,0,0,14,0,,,,,,,,,,,,,,,,,,,,,,,,,,,,,,,,,,,,,,,,,,,,,,,,,,,,,,,,
25,2025/02/11-01:41:41.717,1009,2,10271,7801,2025/02/11-01:41:41,,,,,,,,,,,,,,,,,,,,,,,,,,,,,,,302,,,,,,,,,,,,,,,,,,,,,,,,,,,,,
26,2025/02/11-01:41:41.718,1015,2,10271,7801,2025/02/11-01:41:41,0,0,16,0,,,,,,,,,,,,,,,,,,,,,,,,,,,,,,,,,,,,,,,,,,,,,,,,,,,,,,,,
27,2025/02/11-01:44:40.611,1021,2,10271,7801,2025/02/11-01:44:40,,,,,,,,,,,,,,,,,,,,,,,,,,,,,,,2010_teleport[1],,,,,,,,,,,,,,,,,,,,,,,,,,,,,
28,2025/02/11-01:45:45.441,1009,2,10271,7801,2025/02/11-01:45:45,,,,,,,,,,,,,,,,,,,,,,,,,,,,,,,303,,,,,,,,,,,,,,,,,,,,,,,,,,,,,
29,2025/02/11-01:45:45.443,1015,2,10271,7801,2025/02/11-01:45:45,0,0,18,0,,,,,,,,,,,,,,,,,,,,,,,,,,,,,,,,,,,,,,,,,,,,,,,,,,,,,,,,
30,2025/02/11-01:46:06.231,1004,2,10271,7801,2025/02/11-01:46:06,4295577398,4295877296,0,0,0,0,0,4295677296,0,0,0,0,0,0,0,0,0,0,4295877425,0,0,0,0,0,0,0,0,0,0,0,,,,,,,,,,,,,,,,,,,,,,,,,,,,,,
31,2025/02/11-01:46:07.746,1004,2,10271,7801,2025/02/11-01:46:07,4295577398,4295877296,0,0,0,0,0,4295667300,0,0,0,0,0,0,0,0,0,0,4295877425,0,0,0,0,0,0,0,0,0,0,0,,,,,,,,,,,,,,,,,,,,,,,,,,,,,,
32,2025/02/11-01:46:13.537,1009,2,10271,7801,2025/02/11-01:46:13,,,,,,,,,,,,,,,,,,,,,,,,,,,,,,,497,,,,,,,,,,,,,,,,,,,,,,,,,,,,,
33,2025/02/11-01:46:13.538,1015,2,10271,7801,2025/02/11-01:46:13,0,0,19,0,,,,,,,,,,,,,,,,,,,,,,,,,,,,,,,,,,,,,,,,,,,,,,,,,,,,,,,,
34,2025/02/11-01:48:21.527,1004,2,10271,7801,2025/02/11-01:48:21,4295577398,4295057364,0,0,0,0,0,4295667300,0,0,0,0,0,0,0,0,0,0,4295877425,0,0,0,0,0,0,0,0,0,0,0,,,,,,,,,,,,,,,,,,,,,,,,,,,,,,
35,2025/02/11-01:50:04.132,1802,2,10271,7801,2025/02/11-01:50:04,7801,,,,,,,,,,,,,,,,,,,,,,,,,,,,,,Warl0ck,,,,,,,,,,,,,,,,,,,,,,,,,,,,,
36,2025/02/11-01:56:51.948,1801,3,10272,7801,2025/02/11-01:56:51,7801,50,0,0,0,40,8,24,3,2,6,281474976710659,1,1,,,,,,,,,,,,,,,,,War1ock,,,,,,,,,,,,,,,,,,,,,,,,,,,,,
37,2025/02/11-01:57:21.725,1009,3,10272,7801,2025/02/11-01:57:21,,,,,,,,,,,,,,,,,,,,,,,,,,,,,,,1669,,,,,,,,,,,,,,,,,,,,,,,,,,,,,
38,2025/02/11-01:57:21.765,1009,3,10272,7801,2025/02/11-01:57:21,,,,,,,,,,,,,,,,,,,,,,,,,,,,,,,1455,,,,,,,,,,,,,,,,,,,,,,,,,,,,,
39,2025/02/11-01:57:38.038,1004,3,10272,7801,2025/02/11-01:57:38,4295593762,4295877296,0,0,0,0,0,0,0,0,0,0,0,0,0,0,0,0,0,0,0,0,0,0,0,0,0,0,0,0,,,,,,,,,,,,,,,,,,,,,,,,,,,,,,
40,2025/02/11-01:57:41.231,1103,3,10272,7801,2025/02/11-01:57:41,1,1,1,1,1,1,1,0,0,0,,,,,,,,,,,,,,,,,,,,,829833,829465,81320,81429,81351,910052,910053,0,0,0,,,,,,,,,,General_Grocery_Box_2768[4295797078],,,,,,,,,,
41,2025/02/11-01:57:44.542,1103,3,10272,7801,2025/02/11-01:57:44,10,10,20,10,10,0,0,0,0,0,,,,,,,,,,,,,,,,,,,,,824416,827320,824417,827322,827319,0,0,0,0,0,,,,,,,,,,General_Grocery_Box_2769[4295797079],,,,,,,,,,
42,2025/02/11-01:58:54.133,1103,3,10272,7801,2025/02/11-01:58:54,1,1,1,1,1,0,0,0,0,0,,,,,,,,,,,,,,,,,,,,,850336,850342,850339,850344,850346,0,0,0,0,0,,,,,,,,,,General_Grocery_Box_2777[4295797129],,,,,,,,,,
43,2025/02/11-01:58:58.438,1004,3,10272,7801,2025/02/11-01:58:58,4295593762,4295877296,0,0,0,0,4295817638,0,0,0,0,0,0,0,0,0,0,0,0,0,0,0,0,0,0,0,0,0,0,0,,,,,,,,,,,,,,,,,,,,,,,,,,,,,,
44,2025/02/11-01:58:59.130,1004,3,10272,7801,2025/02/11-01:58:59,4295593762,4295877296,4295817635,0,0,0,4295817638,0,0,0,0,0,0,0,0,0,0,0,0,0,0,0,0,0,0,0,0,0,0,0,,,,,,,,,,,,,,,,,,,,,,,,,,,,,,
45,2025/02/11-01:59:00.044,1004,3,10272,7801,2025/02/11-01:59:00,4295593762,4295877296,4295817635,0,0,0,4295817638,0,0,0,0,0,0,0,0,4295817640,0,0,0,0,0,0,0,0,0,0,0,0,0,0,,,,,,,,,,,,,,,,,,,,,,,,,,,,,,
46,2025/02/11-01:59:00.629,1004,3,10272,7801,2025/02/11-01:59:00,4295593762,4295877296,4295817635,0,0,0,4295817638,0,0,0,0,0,0,0,0,4295817640,4295817642,0,0,0,0,0,0,0,0,0,0,0,0,0,,,,,,,,,,,,,,,,,,,,,,,,,,,,,,
47,2025/02/11-01:59:02.311,1104,3,10272,7801,2025/02/11-01:59:02,,,,,,,,,,,,,,,,,,,,,,,,,,,,,,,General_Weapon_Staff_2381[4295593762],Event_Grocery_WeaponGem_0065[4295048616],,,,,,,,,,,,,,,,,,,,,,,,,,,,
48,2025/02/11-01:59:03.045,1104,3,10272,7801,2025/02/11-01:59:03,,,,,,,,,,,,,,,,,,,,,,,,,,,,,,,General_Weapon_Staff_2381[4295593762],Event_Grocery_WeaponGem_0101[4295048725],,,,,,,,,,,,,,,,,,,,,,,,,,,,
49,2025/02/11-01:59:05.924,1004,3,10272,7801,2025/02/11-01:59:05,4295593762,4295877296,4295817635,0,0,4295817632,4295817638,0,0,0,0,0,0,0,0,4295817640,4295817642,0,0,0,0,0,0,0,0,0,0,0,0,0,,,,,,,,,,,,,,,,,,,,,,,,,,,,,,
50,2025/02/11-01:59:09.237,1103,3,10272,7801,2025/02/11-01:59:09,1,1,1,1,1,1,1,1,0,0,,,,,,,,,,,,,,,,,,,,,729498,729499,729497,729495,729496,729494,729500,729493,0,0,,,,,,,,,,General_Grocery_Box_2646[4295796761],,,,,,,,,,
51,2025/02/11-01:59:12.427,1004,3,10272,7801,2025/02/11-01:59:12,4295593762,4295877296,4295817635,0,0,4295817632,4295817638,0,0,0,0,0,4295696794,0,0,4295817640,4295817642,0,0,0,0,0,0,0,0,0,0,0,0,0,,,,,,,,,,,,,,,,,,,,,,,,,,,,,,
52,2025/02/11-01:59:13.357,1004,3,10272,7801,2025/02/11-01:59:13,4295593762,4295877296,4295817635,0,0,4295817632,4295817638,0,0,0,0,0,4295696794,4295696795,0,4295817640,4295817642,0,0,0,0,0,0,0,0,0,0,0,0,0,,,,,,,,,,,,,,,,,,,,,,,,,,,,,,
53,2025/02/11-01:59:14.446,1004,3,10272,7801,2025/02/11-01:59:14,4295593762,4295877296,4295817635,0,0,4295817632,4295817638,0,0,0,4295696792,0,4295696794,4295696795,0,4295817640,4295817642,0,0,0,0,0,0,0,0,0,0,0,0,0,,,,,,,,,,,,,,,,,,,,,,,,,,,,,,
54,2025/02/11-01:59:15.029,1004,3,10272,7801,2025/02/11-01:59:15,4295593762,4295877296,4295817635,0,0,4295817632,4295817638,0,4295696790,0,4295696792,0,4295696794,4295696795,0,4295817640,4295817642,0,0,0,0,0,0,0,0,0,0,0,0,0,,,,,,,,,,,,,,,,,,,,,,,,,,,,,,
55,2025/02/11-01:59:15.722,1004,3,10272,7801,2025/02/11-01:59:15,4295593762,4295877296,4295817635,0,0,4295817632,4295817638,0,4295696790,0,4295696792,0,4295696794,4295696795,4295696796,4295817640,4295817642,0,0,0,0,0,0,0,0,0,0,0,0,0,,,,,,,,,,,,,,,,,,,,,,,,,,,,,,
56,2025/02/11-01:59:16.327,1004,3,10272,7801,2025/02/11-01:59:16,4295593762,4295877296,4295817635,0,0,4295817632,4295817638,4295696789,4295696790,0,4295696792,0,4295696794,4295696795,4295696796,4295817640,4295817642,0,0,0,0,0,0,0,0,0,0,0,0,0,,,,,,,,,,,,,,,,,,,,,,,,,,,,,,
57,2025/02/11-01:59:17.658,1004,3,10272,7801,2025/02/11-01:59:17,4295593762,4295877296,4295817635,0,0,4295817632,4295817638,4295696789,4295696790,4295696791,4295696792,0,4295696794,4295696795,4295696796,4295817640,4295817642,0,0,0,0,0,0,0,0,0,0,0,0,0,,,,,,,,,,,,,,,,,,,,,,,,,,,,,,
58,2025/02/11-01:59:18.939,1004,3,10272,7801,2025/02/11-01:59:18,4295593762,4295877296,4295817635,0,0,4295817632,4295817638,4295696789,4295696790,4295696791,4295696792,4295696793,4295696794,4295696795,4295696796,4295817640,4295817642,0,0,0,0,0,0,0,0,0,0,0,0,0,,,,,,,,,,,,,,,,,,,,,,,,,,,,,,
59,2025/02/11-01:59:24.533,1006,3,10272,7801,2025/02/11-01:59:24,48,8,24,,,,,,,,,,,,,,,,,,,,,,,,,,,,,,,,,,,,,,,,,,,,,,,,,,,,,,,,,
60,2025/02/11-01:59:37.623,1802,3,10272,7801,2025/02/11-01:59:37,7801,,,,,,,,,,,,,,,,,,,,,,,,,,,,,,War1ock,,,,,,,,,,,,,,,,,,,,,,,,,,,,,
