2025/02/11-01:01:34.204,Daemon.cpp,483,(debug),[duelbot-daemon], Starting, daemon: Blade&Soul OuterWorld DuelBotDaemon, version: 0.0.210.258, desc: Blade&Soul OuterWorld DuelBotDaemon
2025/02/11-01:01:34.204,Daemon.cpp,484,(debug),[duelbot-daemon], Network Configuration, daemon: Blade&Soul OuterWorld DuelBotDaemon, hostname: DESKTOP-K8DLTUB, public: 0.0.0.0, internal: 192.168.1.8
2025/02/11-01:01:34.205,DaemonConfig.cpp,132,(debug),[config], ==== path ====
2025/02/11-01:01:34.205,DaemonConfig.cpp,156,(debug),[config], root-path : C:\Service\DuelbotDaemon\
2025/02/11-01:01:34.205,DaemonConfig.cpp,156,(debug),[config], log-path : C:\log\DuelBotDaemon\
2025/02/11-01:01:34.205,DaemonConfig.cpp,156,(debug),[config], config-path : C:\Service\DuelbotDaemon\config\
2025/02/11-01:01:34.205,DaemonConfig.cpp,156,(debug),[config], data-path : C:\Service\DuelbotDaemon\data\
2025/02/11-01:01:34.205,DaemonConfig.cpp,132,(debug),[config], ==== aiagent ====
2025/02/11-01:01:34.205,DaemonConfig.cpp,156,(debug),[config], aiagent-log-path : C:\log\DuelBotDaemon\AIAgent\
2025/02/11-01:01:34.205,DaemonConfig.cpp,156,(debug),[config], aiagent-data-path : C:\Service\DuelbotDaemon\AIAgent\
2025/02/11-01:01:34.205,DaemonConfig.cpp,144,(debug),[config], duelbot-skill-test-mode : no
2025/02/11-01:01:34.205,DaemonConfig.cpp,132,(debug),[config], ==== network configuration ====
2025/02/11-01:01:34.205,DaemonConfig.cpp,141,(debug),[config], internal-port : 22400
2025/02/11-01:01:34.205,DaemonConfig.cpp,144,(debug),[config], internal-use-nagle : no
2025/02/11-01:01:34.205,DaemonConfig.cpp,144,(debug),[config], use-ping-notify-for-delayed-ack : yes
2025/02/11-01:01:34.205,DaemonConfig.cpp,141,(debug),[config], debug-port : 32400
2025/02/11-01:01:34.205,DaemonConfig.cpp,144,(debug),[config], open-debug-port : no
2025/02/11-01:01:34.205,DaemonConfig.cpp,156,(debug),[config], alert-send-address : 192.168.1.8:21102
2025/02/11-01:01:34.205,DaemonConfig.cpp,141,(debug),[config], check-ping-time : 30000
2025/02/11-01:01:34.205,DaemonConfig.cpp,141,(debug),[config], crash-if-exist-frozen-thread-count : 1
2025/02/11-01:01:34.205,DaemonConfig.cpp,132,(debug),[config], ==== system configuration ====
2025/02/11-01:01:34.205,DaemonConfig.cpp,141,(debug),[config], log-codepage : 0
2025/02/11-01:01:34.205,DaemonConfig.cpp,141,(debug),[config], dump-type : 2
2025/02/11-01:01:34.205,DaemonConfig.cpp,141,(debug),[config], worker-thread : 0
2025/02/11-01:01:34.205,DaemonConfig.cpp,141,(debug),[config], duelbot-thread : 0
2025/02/11-01:01:34.205,DaemonConfig.cpp,141,(debug),[config], max-brain-count : 100000
2025/02/11-01:01:34.205,DaemonConfig.cpp,141,(debug),[config], max-brain-count-per-thread : 50000
2025/02/11-01:01:34.205,DaemonConfig.cpp,141,(debug),[config], brain-think-interval : 100
2025/02/11-01:01:34.205,DaemonConfig.cpp,132,(debug),[config], ==== skill log ====
2025/02/11-01:01:34.205,DaemonConfig.cpp,141,(debug),[config], skill-log-max-skill-id-count : 0
2025/02/11-01:01:34.205,DaemonConfig.cpp,141,(debug),[config], skill-log-min-ai-level : 0
2025/02/11-01:01:34.205,DaemonConfig.cpp,141,(debug),[config], skill-alert-log-max-skill-id-count : 0
2025/02/11-01:01:34.205,DaemonConfig.cpp,141,(debug),[config], skill-alert-log-min-ai-level : 0
2025/02/11-01:02:01.476,DuelBotThreadManager.cpp,86,(debug),[duelbot-thread], 8 duelbot threads started
2025/02/11-01:02:01.480,DuelBotGameSessionHandler.cpp,253,(debug),[daemon-list], dump, cluster-id:7801, ip:192.168.1.8
2025/02/11-01:02:01.486,DuelBotDaemon.cpp,304,(notice),[duelbot-daemon], load aiagent dll (AIAgentDLL.dll version 0.3.9.16)
2025/02/11-01:02:01.486,DuelBotDaemon.cpp,305,(notice),[duelbot-daemon], wait for loading shared data at aiagent dll...
2025/02/11-01:02:16.997,DuelBotDaemon.cpp,343,(notice),[duelbot-daemon], load completed.
2025/02/11-01:02:18.054,DuelBotDaemon.cpp,370,(debug),[duelbot-daemon], init duelbot-daemon port, port:22400
2025/02/11-01:02:18.054,DuelBotDaemon.cpp,385,(debug),[duelbot-daemon], network initialize ok.
2025/02/11-01:02:18.054,DuelBotDaemon.cpp,1054,(debug),[duelbot-daemon], start
2025/02/11-01:02:18.054,DuelBotDaemon.cpp,1058,(debug),[duelbot-daemon], open duelbot-daemon port, port:22400
2025/02/11-01:02:18.055,Daemon.cpp,530,(debug),[duelbot-daemon], start, daemon: Blade&Soul OuterWorld DuelBotDaemon, version: 0.0.210.258, loading time: 43891
2025/02/11-01:05:08.456,Daemon.cpp,992,(debug),[duelbot-daemon], no wait; wait interval is less than threshold, wait: -6, threshold: 0
2025/02/11-01:05:12.468,Daemon.cpp,992,(debug),[duelbot-daemon], no wait; wait interval is less than threshold, wait: -22, threshold: 0
2025/02/11-01:06:37.707,Daemon.cpp,992,(debug),[duelbot-daemon], no wait; wait interval is less than threshold, wait: -56, threshold: 0
2025/02/11-01:06:37.959,Daemon.cpp,992,(debug),[duelbot-daemon], no wait; wait interval is less than threshold, wait: -6, threshold: 0
2025/02/11-01:07:35.019,Port.cpp,648,(debug),[session], created, port-id:1, session-id:100000001, session:0000000002FF0000
2025/02/11-01:07:35.019,DuelBotGameSessionHandler.cpp,27,(debug),[duelbot-game], session opened, session:0x100000001, ip:192.168.1.8, port:57031
2025/02/11-01:07:35.019,Session.cpp,471,(debug),[session], accepted from, port id: 1, session id:100000001, this:0000000002FF0000, ip:192.168.1.8, port:57031, socket:00000000000005C4
2025/02/11-01:07:35.023,DuelBotGameSessionHandler.cpp,533,(debug),[duelbot-game], hello success, session:0x100000001, cluster-id:7801
2025/02/11-01:07:37.097,DuelBotGameSessionHandler.cpp,564,(debug),[duelbot-game], ping received, cluster-id:7801, count:1
2025/02/11-01:07:47.012,DuelBotGameSessionHandler.cpp,564,(debug),[duelbot-game], ping received, cluster-id:7801, count:2
2025/02/11-01:07:57.022,DuelBotGameSessionHandler.cpp,564,(debug),[duelbot-game], ping received, cluster-id:7801, count:3
2025/02/11-01:08:07.027,DuelBotGameSessionHandler.cpp,564,(debug),[duelbot-game], ping received, cluster-id:7801, count:4
2025/02/11-01:08:17.015,DuelBotGameSessionHandler.cpp,564,(debug),[duelbot-game], ping received, cluster-id:7801, count:5
2025/02/11-01:08:23.515,Daemon.cpp,992,(debug),[duelbot-daemon], no wait; wait interval is less than threshold, wait: -69, threshold: 0
2025/02/11-01:08:23.792,Daemon.cpp,992,(debug),[duelbot-daemon], no wait; wait interval is less than threshold, wait: -50, threshold: 0
2025/02/11-01:08:23.997,Daemon.cpp,992,(debug),[duelbot-daemon], no wait; wait interval is less than threshold, wait: -53, threshold: 0
2025/02/11-01:08:27.211,DuelBotGameSessionHandler.cpp,564,(debug),[duelbot-game], ping received, cluster-id:7801, count:6
2025/02/11-01:08:37.210,DuelBotGameSessionHandler.cpp,564,(debug),[duelbot-game], ping received, cluster-id:7801, count:7
2025/02/11-01:08:47.221,DuelBotGameSessionHandler.cpp,564,(debug),[duelbot-game], ping received, cluster-id:7801, count:8
2025/02/11-01:08:57.213,DuelBotGameSessionHandler.cpp,564,(debug),[duelbot-game], ping received, cluster-id:7801, count:9
2025/02/11-01:09:07.198,DuelBotGameSessionHandler.cpp,564,(debug),[duelbot-game], ping received, cluster-id:7801, count:10
2025/02/11-01:09:17.210,DuelBotGameSessionHandler.cpp,564,(debug),[duelbot-game], ping received, cluster-id:7801, count:11
2025/02/11-01:09:27.210,DuelBotGameSessionHandler.cpp,564,(debug),[duelbot-game], ping received, cluster-id:7801, count:12
2025/02/11-01:09:37.198,DuelBotGameSessionHandler.cpp,564,(debug),[duelbot-game], ping received, cluster-id:7801, count:13
2025/02/11-01:09:47.217,DuelBotGameSessionHandler.cpp,564,(debug),[duelbot-game], ping received, cluster-id:7801, count:14
2025/02/11-01:09:57.207,DuelBotGameSessionHandler.cpp,564,(debug),[duelbot-game], ping received, cluster-id:7801, count:15
2025/02/11-01:10:07.200,DuelBotGameSessionHandler.cpp,564,(debug),[duelbot-game], ping received, cluster-id:7801, count:16
2025/02/11-01:10:17.212,DuelBotGameSessionHandler.cpp,564,(debug),[duelbot-game], ping received, cluster-id:7801, count:17
2025/02/11-01:10:27.221,DuelBotGameSessionHandler.cpp,564,(debug),[duelbot-game], ping received, cluster-id:7801, count:18
2025/02/11-01:10:37.222,DuelBotGameSessionHandler.cpp,564,(debug),[duelbot-game], ping received, cluster-id:7801, count:19
2025/02/11-01:10:41.371,Daemon.cpp,992,(debug),[duelbot-daemon], no wait; wait interval is less than threshold, wait: -28, threshold: 0
2025/02/11-01:10:42.381,Daemon.cpp,992,(debug),[duelbot-daemon], no wait; wait interval is less than threshold, wait: -28, threshold: 0
2025/02/11-01:10:42.617,Daemon.cpp,992,(debug),[duelbot-daemon], no wait; wait interval is less than threshold, wait: -62, threshold: 0
2025/02/11-01:10:44.481,Daemon.cpp,992,(debug),[duelbot-daemon], no wait; wait interval is less than threshold, wait: -37, threshold: 0
2025/02/11-01:10:45.752,Daemon.cpp,992,(debug),[duelbot-daemon], no wait; wait interval is less than threshold, wait: -3, threshold: 0
2025/02/11-01:10:47.475,DuelBotGameSessionHandler.cpp,564,(debug),[duelbot-game], ping received, cluster-id:7801, count:20
2025/02/11-01:10:57.412,DuelBotGameSessionHandler.cpp,564,(debug),[duelbot-game], ping received, cluster-id:7801, count:21
2025/02/11-01:11:07.408,DuelBotGameSessionHandler.cpp,564,(debug),[duelbot-game], ping received, cluster-id:7801, count:22
2025/02/11-01:11:17.406,DuelBotGameSessionHandler.cpp,564,(debug),[duelbot-game], ping received, cluster-id:7801, count:23
2025/02/11-01:11:27.417,DuelBotGameSessionHandler.cpp,564,(debug),[duelbot-game], ping received, cluster-id:7801, count:24
2025/02/11-01:11:37.414,DuelBotGameSessionHandler.cpp,564,(debug),[duelbot-game], ping received, cluster-id:7801, count:25
2025/02/11-01:11:47.418,DuelBotGameSessionHandler.cpp,564,(debug),[duelbot-game], ping received, cluster-id:7801, count:26
2025/02/11-01:11:57.418,DuelBotGameSessionHandler.cpp,564,(debug),[duelbot-game], ping received, cluster-id:7801, count:27
2025/02/11-01:12:07.411,DuelBotGameSessionHandler.cpp,564,(debug),[duelbot-game], ping received, cluster-id:7801, count:28
2025/02/11-01:12:17.405,DuelBotGameSessionHandler.cpp,564,(debug),[duelbot-game], ping received, cluster-id:7801, count:29
2025/02/11-01:12:27.406,DuelBotGameSessionHandler.cpp,564,(debug),[duelbot-game], ping received, cluster-id:7801, count:30
2025/02/11-01:12:37.415,DuelBotGameSessionHandler.cpp,564,(debug),[duelbot-game], ping received, cluster-id:7801, count:31
2025/02/11-01:12:47.418,DuelBotGameSessionHandler.cpp,564,(debug),[duelbot-game], ping received, cluster-id:7801, count:32
2025/02/11-01:12:57.409,DuelBotGameSessionHandler.cpp,564,(debug),[duelbot-game], ping received, cluster-id:7801, count:33
2025/02/11-01:13:07.411,DuelBotGameSessionHandler.cpp,564,(debug),[duelbot-game], ping received, cluster-id:7801, count:34
2025/02/11-01:13:17.415,DuelBotGameSessionHandler.cpp,564,(debug),[duelbot-game], ping received, cluster-id:7801, count:35
2025/02/11-01:13:27.423,DuelBotGameSessionHandler.cpp,564,(debug),[duelbot-game], ping received, cluster-id:7801, count:36
2025/02/11-01:13:37.411,DuelBotGameSessionHandler.cpp,564,(debug),[duelbot-game], ping received, cluster-id:7801, count:37
2025/02/11-01:13:47.422,DuelBotGameSessionHandler.cpp,564,(debug),[duelbot-game], ping received, cluster-id:7801, count:38
2025/02/11-01:13:57.410,DuelBotGameSessionHandler.cpp,564,(debug),[duelbot-game], ping received, cluster-id:7801, count:39
2025/02/11-01:14:07.403,DuelBotGameSessionHandler.cpp,564,(debug),[duelbot-game], ping received, cluster-id:7801, count:40
2025/02/11-01:14:17.417,DuelBotGameSessionHandler.cpp,564,(debug),[duelbot-game], ping received, cluster-id:7801, count:41
2025/02/11-01:14:27.414,DuelBotGameSessionHandler.cpp,564,(debug),[duelbot-game], ping received, cluster-id:7801, count:42
2025/02/11-01:14:37.411,DuelBotGameSessionHandler.cpp,564,(debug),[duelbot-game], ping received, cluster-id:7801, count:43
2025/02/11-01:14:47.411,DuelBotGameSessionHandler.cpp,564,(debug),[duelbot-game], ping received, cluster-id:7801, count:44
2025/02/11-01:14:57.407,DuelBotGameSessionHandler.cpp,564,(debug),[duelbot-game], ping received, cluster-id:7801, count:45
2025/02/11-01:15:07.414,DuelBotGameSessionHandler.cpp,564,(debug),[duelbot-game], ping received, cluster-id:7801, count:46
2025/02/11-01:15:17.412,DuelBotGameSessionHandler.cpp,564,(debug),[duelbot-game], ping received, cluster-id:7801, count:47
2025/02/11-01:15:27.405,DuelBotGameSessionHandler.cpp,564,(debug),[duelbot-game], ping received, cluster-id:7801, count:48
2025/02/11-01:15:37.401,DuelBotGameSessionHandler.cpp,564,(debug),[duelbot-game], ping received, cluster-id:7801, count:49
2025/02/11-01:15:47.406,DuelBotGameSessionHandler.cpp,564,(debug),[duelbot-game], ping received, cluster-id:7801, count:50
2025/02/11-01:15:57.411,DuelBotGameSessionHandler.cpp,564,(debug),[duelbot-game], ping received, cluster-id:7801, count:51
2025/02/11-01:16:07.404,DuelBotGameSessionHandler.cpp,564,(debug),[duelbot-game], ping received, cluster-id:7801, count:52
2025/02/11-01:16:17.407,DuelBotGameSessionHandler.cpp,564,(debug),[duelbot-game], ping received, cluster-id:7801, count:53
2025/02/11-01:16:27.404,DuelBotGameSessionHandler.cpp,564,(debug),[duelbot-game], ping received, cluster-id:7801, count:54
2025/02/11-01:16:37.411,DuelBotGameSessionHandler.cpp,564,(debug),[duelbot-game], ping received, cluster-id:7801, count:55
2025/02/11-01:16:47.407,DuelBotGameSessionHandler.cpp,564,(debug),[duelbot-game], ping received, cluster-id:7801, count:56
2025/02/11-01:16:57.408,DuelBotGameSessionHandler.cpp,564,(debug),[duelbot-game], ping received, cluster-id:7801, count:57
2025/02/11-01:17:07.406,DuelBotGameSessionHandler.cpp,564,(debug),[duelbot-game], ping received, cluster-id:7801, count:58
2025/02/11-01:17:17.401,DuelBotGameSessionHandler.cpp,564,(debug),[duelbot-game], ping received, cluster-id:7801, count:59
2025/02/11-01:17:27.409,DuelBotGameSessionHandler.cpp,564,(debug),[duelbot-game], ping received, cluster-id:7801, count:60
2025/02/11-01:17:37.406,DuelBotGameSessionHandler.cpp,564,(debug),[duelbot-game], ping received, cluster-id:7801, count:61
2025/02/11-01:17:47.413,DuelBotGameSessionHandler.cpp,564,(debug),[duelbot-game], ping received, cluster-id:7801, count:62
2025/02/11-01:17:57.414,DuelBotGameSessionHandler.cpp,564,(debug),[duelbot-game], ping received, cluster-id:7801, count:63
2025/02/11-01:18:07.411,DuelBotGameSessionHandler.cpp,564,(debug),[duelbot-game], ping received, cluster-id:7801, count:64
2025/02/11-01:18:17.409,DuelBotGameSessionHandler.cpp,564,(debug),[duelbot-game], ping received, cluster-id:7801, count:65
2025/02/11-01:18:27.411,DuelBotGameSessionHandler.cpp,564,(debug),[duelbot-game], ping received, cluster-id:7801, count:66
2025/02/11-01:18:37.405,DuelBotGameSessionHandler.cpp,564,(debug),[duelbot-game], ping received, cluster-id:7801, count:67
2025/02/11-01:18:47.403,DuelBotGameSessionHandler.cpp,564,(debug),[duelbot-game], ping received, cluster-id:7801, count:68
2025/02/11-01:18:57.411,DuelBotGameSessionHandler.cpp,564,(debug),[duelbot-game], ping received, cluster-id:7801, count:69
2025/02/11-01:19:07.408,DuelBotGameSessionHandler.cpp,564,(debug),[duelbot-game], ping received, cluster-id:7801, count:70
2025/02/11-01:19:17.420,DuelBotGameSessionHandler.cpp,564,(debug),[duelbot-game], ping received, cluster-id:7801, count:71
2025/02/11-01:19:27.400,DuelBotGameSessionHandler.cpp,564,(debug),[duelbot-game], ping received, cluster-id:7801, count:72
2025/02/11-01:19:37.410,DuelBotGameSessionHandler.cpp,564,(debug),[duelbot-game], ping received, cluster-id:7801, count:73
2025/02/11-01:19:47.412,DuelBotGameSessionHandler.cpp,564,(debug),[duelbot-game], ping received, cluster-id:7801, count:74
2025/02/11-01:19:57.414,DuelBotGameSessionHandler.cpp,564,(debug),[duelbot-game], ping received, cluster-id:7801, count:75
2025/02/11-01:20:07.404,DuelBotGameSessionHandler.cpp,564,(debug),[duelbot-game], ping received, cluster-id:7801, count:76
2025/02/11-01:20:17.415,DuelBotGameSessionHandler.cpp,564,(debug),[duelbot-game], ping received, cluster-id:7801, count:77
2025/02/11-01:20:27.401,DuelBotGameSessionHandler.cpp,564,(debug),[duelbot-game], ping received, cluster-id:7801, count:78
2025/02/11-01:20:37.405,DuelBotGameSessionHandler.cpp,564,(debug),[duelbot-game], ping received, cluster-id:7801, count:79
2025/02/11-01:20:47.412,DuelBotGameSessionHandler.cpp,564,(debug),[duelbot-game], ping received, cluster-id:7801, count:80
2025/02/11-01:20:57.411,DuelBotGameSessionHandler.cpp,564,(debug),[duelbot-game], ping received, cluster-id:7801, count:81
2025/02/11-01:21:07.418,DuelBotGameSessionHandler.cpp,564,(debug),[duelbot-game], ping received, cluster-id:7801, count:82
2025/02/11-01:21:17.396,DuelBotGameSessionHandler.cpp,564,(debug),[duelbot-game], ping received, cluster-id:7801, count:83
2025/02/11-01:21:27.414,DuelBotGameSessionHandler.cpp,564,(debug),[duelbot-game], ping received, cluster-id:7801, count:84
2025/02/11-01:21:37.415,DuelBotGameSessionHandler.cpp,564,(debug),[duelbot-game], ping received, cluster-id:7801, count:85
2025/02/11-01:21:47.406,DuelBotGameSessionHandler.cpp,564,(debug),[duelbot-game], ping received, cluster-id:7801, count:86
2025/02/11-01:21:57.414,DuelBotGameSessionHandler.cpp,564,(debug),[duelbot-game], ping received, cluster-id:7801, count:87
2025/02/11-01:22:07.405,DuelBotGameSessionHandler.cpp,564,(debug),[duelbot-game], ping received, cluster-id:7801, count:88
2025/02/11-01:22:17.405,DuelBotGameSessionHandler.cpp,564,(debug),[duelbot-game], ping received, cluster-id:7801, count:89
2025/02/11-01:22:27.410,DuelBotGameSessionHandler.cpp,564,(debug),[duelbot-game], ping received, cluster-id:7801, count:90
2025/02/11-01:22:37.413,DuelBotGameSessionHandler.cpp,564,(debug),[duelbot-game], ping received, cluster-id:7801, count:91
2025/02/11-01:22:47.406,DuelBotGameSessionHandler.cpp,564,(debug),[duelbot-game], ping received, cluster-id:7801, count:92
2025/02/11-01:22:57.410,DuelBotGameSessionHandler.cpp,564,(debug),[duelbot-game], ping received, cluster-id:7801, count:93
2025/02/11-01:23:07.412,DuelBotGameSessionHandler.cpp,564,(debug),[duelbot-game], ping received, cluster-id:7801, count:94
2025/02/11-01:23:17.421,DuelBotGameSessionHandler.cpp,564,(debug),[duelbot-game], ping received, cluster-id:7801, count:95
2025/02/11-01:23:27.415,DuelBotGameSessionHandler.cpp,564,(debug),[duelbot-game], ping received, cluster-id:7801, count:96
2025/02/11-01:23:37.403,DuelBotGameSessionHandler.cpp,564,(debug),[duelbot-game], ping received, cluster-id:7801, count:97
2025/02/11-01:23:47.402,DuelBotGameSessionHandler.cpp,564,(debug),[duelbot-game], ping received, cluster-id:7801, count:98
2025/02/11-01:23:57.413,DuelBotGameSessionHandler.cpp,564,(debug),[duelbot-game], ping received, cluster-id:7801, count:99
2025/02/11-01:24:07.412,DuelBotGameSessionHandler.cpp,564,(debug),[duelbot-game], ping received, cluster-id:7801, count:100
2025/02/11-01:24:17.424,DuelBotGameSessionHandler.cpp,564,(debug),[duelbot-game], ping received, cluster-id:7801, count:101
2025/02/11-01:24:27.411,DuelBotGameSessionHandler.cpp,564,(debug),[duelbot-game], ping received, cluster-id:7801, count:102
2025/02/11-01:24:37.413,DuelBotGameSessionHandler.cpp,564,(debug),[duelbot-game], ping received, cluster-id:7801, count:103
2025/02/11-01:24:47.414,DuelBotGameSessionHandler.cpp,564,(debug),[duelbot-game], ping received, cluster-id:7801, count:104
2025/02/11-01:24:57.411,DuelBotGameSessionHandler.cpp,564,(debug),[duelbot-game], ping received, cluster-id:7801, count:105
2025/02/11-01:25:07.407,DuelBotGameSessionHandler.cpp,564,(debug),[duelbot-game], ping received, cluster-id:7801, count:106
2025/02/11-01:25:17.416,DuelBotGameSessionHandler.cpp,564,(debug),[duelbot-game], ping received, cluster-id:7801, count:107
2025/02/11-01:25:27.403,DuelBotGameSessionHandler.cpp,564,(debug),[duelbot-game], ping received, cluster-id:7801, count:108
2025/02/11-01:25:37.402,DuelBotGameSessionHandler.cpp,564,(debug),[duelbot-game], ping received, cluster-id:7801, count:109
2025/02/11-01:25:47.405,DuelBotGameSessionHandler.cpp,564,(debug),[duelbot-game], ping received, cluster-id:7801, count:110
2025/02/11-01:25:57.412,DuelBotGameSessionHandler.cpp,564,(debug),[duelbot-game], ping received, cluster-id:7801, count:111
2025/02/11-01:26:07.401,DuelBotGameSessionHandler.cpp,564,(debug),[duelbot-game], ping received, cluster-id:7801, count:112
2025/02/11-01:26:17.398,DuelBotGameSessionHandler.cpp,564,(debug),[duelbot-game], ping received, cluster-id:7801, count:113
2025/02/11-01:26:27.403,DuelBotGameSessionHandler.cpp,564,(debug),[duelbot-game], ping received, cluster-id:7801, count:114
2025/02/11-01:26:37.416,DuelBotGameSessionHandler.cpp,564,(debug),[duelbot-game], ping received, cluster-id:7801, count:115
2025/02/11-01:26:47.413,DuelBotGameSessionHandler.cpp,564,(debug),[duelbot-game], ping received, cluster-id:7801, count:116
2025/02/11-01:26:57.408,DuelBotGameSessionHandler.cpp,564,(debug),[duelbot-game], ping received, cluster-id:7801, count:117
2025/02/11-01:27:07.409,DuelBotGameSessionHandler.cpp,564,(debug),[duelbot-game], ping received, cluster-id:7801, count:118
2025/02/11-01:27:17.411,DuelBotGameSessionHandler.cpp,564,(debug),[duelbot-game], ping received, cluster-id:7801, count:119
2025/02/11-01:27:27.413,DuelBotGameSessionHandler.cpp,564,(debug),[duelbot-game], ping received, cluster-id:7801, count:120
2025/02/11-01:27:37.399,DuelBotGameSessionHandler.cpp,564,(debug),[duelbot-game], ping received, cluster-id:7801, count:121
2025/02/11-01:27:47.406,DuelBotGameSessionHandler.cpp,564,(debug),[duelbot-game], ping received, cluster-id:7801, count:122
2025/02/11-01:27:57.415,DuelBotGameSessionHandler.cpp,564,(debug),[duelbot-game], ping received, cluster-id:7801, count:123
2025/02/11-01:28:07.408,DuelBotGameSessionHandler.cpp,564,(debug),[duelbot-game], ping received, cluster-id:7801, count:124
2025/02/11-01:28:17.411,DuelBotGameSessionHandler.cpp,564,(debug),[duelbot-game], ping received, cluster-id:7801, count:125
2025/02/11-01:28:27.415,DuelBotGameSessionHandler.cpp,564,(debug),[duelbot-game], ping received, cluster-id:7801, count:126
2025/02/11-01:28:37.416,DuelBotGameSessionHandler.cpp,564,(debug),[duelbot-game], ping received, cluster-id:7801, count:127
2025/02/11-01:28:47.400,DuelBotGameSessionHandler.cpp,564,(debug),[duelbot-game], ping received, cluster-id:7801, count:128
2025/02/11-01:28:57.405,DuelBotGameSessionHandler.cpp,564,(debug),[duelbot-game], ping received, cluster-id:7801, count:129
2025/02/11-01:29:07.402,DuelBotGameSessionHandler.cpp,564,(debug),[duelbot-game], ping received, cluster-id:7801, count:130
2025/02/11-01:29:17.421,DuelBotGameSessionHandler.cpp,564,(debug),[duelbot-game], ping received, cluster-id:7801, count:131
2025/02/11-01:29:27.407,DuelBotGameSessionHandler.cpp,564,(debug),[duelbot-game], ping received, cluster-id:7801, count:132
2025/02/11-01:29:37.404,DuelBotGameSessionHandler.cpp,564,(debug),[duelbot-game], ping received, cluster-id:7801, count:133
2025/02/11-01:29:47.405,DuelBotGameSessionHandler.cpp,564,(debug),[duelbot-game], ping received, cluster-id:7801, count:134
2025/02/11-01:29:57.425,DuelBotGameSessionHandler.cpp,564,(debug),[duelbot-game], ping received, cluster-id:7801, count:135
2025/02/11-01:30:07.406,DuelBotGameSessionHandler.cpp,564,(debug),[duelbot-game], ping received, cluster-id:7801, count:136
2025/02/11-01:30:17.417,DuelBotGameSessionHandler.cpp,564,(debug),[duelbot-game], ping received, cluster-id:7801, count:137
2025/02/11-01:30:27.411,DuelBotGameSessionHandler.cpp,564,(debug),[duelbot-game], ping received, cluster-id:7801, count:138
2025/02/11-01:30:37.408,DuelBotGameSessionHandler.cpp,564,(debug),[duelbot-game], ping received, cluster-id:7801, count:139
2025/02/11-01:30:47.406,DuelBotGameSessionHandler.cpp,564,(debug),[duelbot-game], ping received, cluster-id:7801, count:140
2025/02/11-01:30:57.417,DuelBotGameSessionHandler.cpp,564,(debug),[duelbot-game], ping received, cluster-id:7801, count:141
2025/02/11-01:31:07.402,DuelBotGameSessionHandler.cpp,564,(debug),[duelbot-game], ping received, cluster-id:7801, count:142
2025/02/11-01:31:17.411,DuelBotGameSessionHandler.cpp,564,(debug),[duelbot-game], ping received, cluster-id:7801, count:143
2025/02/11-01:31:27.402,DuelBotGameSessionHandler.cpp,564,(debug),[duelbot-game], ping received, cluster-id:7801, count:144
2025/02/11-01:31:37.414,DuelBotGameSessionHandler.cpp,564,(debug),[duelbot-game], ping received, cluster-id:7801, count:145
2025/02/11-01:31:47.410,DuelBotGameSessionHandler.cpp,564,(debug),[duelbot-game], ping received, cluster-id:7801, count:146
2025/02/11-01:31:57.400,DuelBotGameSessionHandler.cpp,564,(debug),[duelbot-game], ping received, cluster-id:7801, count:147
2025/02/11-01:32:07.409,DuelBotGameSessionHandler.cpp,564,(debug),[duelbot-game], ping received, cluster-id:7801, count:148
2025/02/11-01:32:17.402,DuelBotGameSessionHandler.cpp,564,(debug),[duelbot-game], ping received, cluster-id:7801, count:149
2025/02/11-01:32:27.409,DuelBotGameSessionHandler.cpp,564,(debug),[duelbot-game], ping received, cluster-id:7801, count:150
2025/02/11-01:32:37.402,DuelBotGameSessionHandler.cpp,564,(debug),[duelbot-game], ping received, cluster-id:7801, count:151
2025/02/11-01:32:47.415,DuelBotGameSessionHandler.cpp,564,(debug),[duelbot-game], ping received, cluster-id:7801, count:152
2025/02/11-01:32:57.415,DuelBotGameSessionHandler.cpp,564,(debug),[duelbot-game], ping received, cluster-id:7801, count:153
2025/02/11-01:33:07.411,DuelBotGameSessionHandler.cpp,564,(debug),[duelbot-game], ping received, cluster-id:7801, count:154
2025/02/11-01:33:17.418,DuelBotGameSessionHandler.cpp,564,(debug),[duelbot-game], ping received, cluster-id:7801, count:155
2025/02/11-01:33:27.413,DuelBotGameSessionHandler.cpp,564,(debug),[duelbot-game], ping received, cluster-id:7801, count:156
2025/02/11-01:33:37.412,DuelBotGameSessionHandler.cpp,564,(debug),[duelbot-game], ping received, cluster-id:7801, count:157
2025/02/11-01:33:47.402,DuelBotGameSessionHandler.cpp,564,(debug),[duelbot-game], ping received, cluster-id:7801, count:158
2025/02/11-01:33:57.414,DuelBotGameSessionHandler.cpp,564,(debug),[duelbot-game], ping received, cluster-id:7801, count:159
2025/02/11-01:34:07.407,DuelBotGameSessionHandler.cpp,564,(debug),[duelbot-game], ping received, cluster-id:7801, count:160
2025/02/11-01:34:17.404,DuelBotGameSessionHandler.cpp,564,(debug),[duelbot-game], ping received, cluster-id:7801, count:161
2025/02/11-01:34:27.409,DuelBotGameSessionHandler.cpp,564,(debug),[duelbot-game], ping received, cluster-id:7801, count:162
2025/02/11-01:34:37.405,DuelBotGameSessionHandler.cpp,564,(debug),[duelbot-game], ping received, cluster-id:7801, count:163
2025/02/11-01:34:47.410,DuelBotGameSessionHandler.cpp,564,(debug),[duelbot-game], ping received, cluster-id:7801, count:164
2025/02/11-01:34:57.413,DuelBotGameSessionHandler.cpp,564,(debug),[duelbot-game], ping received, cluster-id:7801, count:165
2025/02/11-01:35:07.401,DuelBotGameSessionHandler.cpp,564,(debug),[duelbot-game], ping received, cluster-id:7801, count:166
2025/02/11-01:35:17.417,DuelBotGameSessionHandler.cpp,564,(debug),[duelbot-game], ping received, cluster-id:7801, count:167
2025/02/11-01:35:27.415,DuelBotGameSessionHandler.cpp,564,(debug),[duelbot-game], ping received, cluster-id:7801, count:168
2025/02/11-01:35:37.403,DuelBotGameSessionHandler.cpp,564,(debug),[duelbot-game], ping received, cluster-id:7801, count:169
2025/02/11-01:35:47.409,DuelBotGameSessionHandler.cpp,564,(debug),[duelbot-game], ping received, cluster-id:7801, count:170
2025/02/11-01:35:57.412,DuelBotGameSessionHandler.cpp,564,(debug),[duelbot-game], ping received, cluster-id:7801, count:171
2025/02/11-01:36:07.414,DuelBotGameSessionHandler.cpp,564,(debug),[duelbot-game], ping received, cluster-id:7801, count:172
2025/02/11-01:36:17.413,DuelBotGameSessionHandler.cpp,564,(debug),[duelbot-game], ping received, cluster-id:7801, count:173
2025/02/11-01:36:27.402,DuelBotGameSessionHandler.cpp,564,(debug),[duelbot-game], ping received, cluster-id:7801, count:174
2025/02/11-01:36:37.406,DuelBotGameSessionHandler.cpp,564,(debug),[duelbot-game], ping received, cluster-id:7801, count:175
2025/02/11-01:36:47.419,DuelBotGameSessionHandler.cpp,564,(debug),[duelbot-game], ping received, cluster-id:7801, count:176
2025/02/11-01:36:57.415,DuelBotGameSessionHandler.cpp,564,(debug),[duelbot-game], ping received, cluster-id:7801, count:177
2025/02/11-01:37:07.415,DuelBotGameSessionHandler.cpp,564,(debug),[duelbot-game], ping received, cluster-id:7801, count:178
2025/02/11-01:37:17.407,DuelBotGameSessionHandler.cpp,564,(debug),[duelbot-game], ping received, cluster-id:7801, count:179
2025/02/11-01:37:27.413,DuelBotGameSessionHandler.cpp,564,(debug),[duelbot-game], ping received, cluster-id:7801, count:180
2025/02/11-01:37:37.412,DuelBotGameSessionHandler.cpp,564,(debug),[duelbot-game], ping received, cluster-id:7801, count:181
2025/02/11-01:37:47.412,DuelBotGameSessionHandler.cpp,564,(debug),[duelbot-game], ping received, cluster-id:7801, count:182
2025/02/11-01:37:57.405,DuelBotGameSessionHandler.cpp,564,(debug),[duelbot-game], ping received, cluster-id:7801, count:183
2025/02/11-01:38:07.406,DuelBotGameSessionHandler.cpp,564,(debug),[duelbot-game], ping received, cluster-id:7801, count:184
2025/02/11-01:38:17.417,DuelBotGameSessionHandler.cpp,564,(debug),[duelbot-game], ping received, cluster-id:7801, count:185
2025/02/11-01:38:27.409,DuelBotGameSessionHandler.cpp,564,(debug),[duelbot-game], ping received, cluster-id:7801, count:186
2025/02/11-01:38:37.434,DuelBotGameSessionHandler.cpp,564,(debug),[duelbot-game], ping received, cluster-id:7801, count:187
2025/02/11-01:38:47.414,DuelBotGameSessionHandler.cpp,564,(debug),[duelbot-game], ping received, cluster-id:7801, count:188
2025/02/11-01:38:57.423,DuelBotGameSessionHandler.cpp,564,(debug),[duelbot-game], ping received, cluster-id:7801, count:189
2025/02/11-01:39:07.411,DuelBotGameSessionHandler.cpp,564,(debug),[duelbot-game], ping received, cluster-id:7801, count:190
2025/02/11-01:39:17.422,DuelBotGameSessionHandler.cpp,564,(debug),[duelbot-game], ping received, cluster-id:7801, count:191
2025/02/11-01:39:27.425,DuelBotGameSessionHandler.cpp,564,(debug),[duelbot-game], ping received, cluster-id:7801, count:192
2025/02/11-01:39:37.417,DuelBotGameSessionHandler.cpp,564,(debug),[duelbot-game], ping received, cluster-id:7801, count:193
2025/02/11-01:39:47.417,DuelBotGameSessionHandler.cpp,564,(debug),[duelbot-game], ping received, cluster-id:7801, count:194
2025/02/11-01:39:57.406,DuelBotGameSessionHandler.cpp,564,(debug),[duelbot-game], ping received, cluster-id:7801, count:195
2025/02/11-01:40:07.413,DuelBotGameSessionHandler.cpp,564,(debug),[duelbot-game], ping received, cluster-id:7801, count:196
2025/02/11-01:40:17.415,DuelBotGameSessionHandler.cpp,564,(debug),[duelbot-game], ping received, cluster-id:7801, count:197
2025/02/11-01:40:27.419,DuelBotGameSessionHandler.cpp,564,(debug),[duelbot-game], ping received, cluster-id:7801, count:198
2025/02/11-01:40:37.414,DuelBotGameSessionHandler.cpp,564,(debug),[duelbot-game], ping received, cluster-id:7801, count:199
2025/02/11-01:40:47.414,DuelBotGameSessionHandler.cpp,564,(debug),[duelbot-game], ping received, cluster-id:7801, count:200
2025/02/11-01:40:57.416,DuelBotGameSessionHandler.cpp,564,(debug),[duelbot-game], ping received, cluster-id:7801, count:201
2025/02/11-01:41:07.413,DuelBotGameSessionHandler.cpp,564,(debug),[duelbot-game], ping received, cluster-id:7801, count:202
2025/02/11-01:41:17.414,DuelBotGameSessionHandler.cpp,564,(debug),[duelbot-game], ping received, cluster-id:7801, count:203
2025/02/11-01:41:27.407,DuelBotGameSessionHandler.cpp,564,(debug),[duelbot-game], ping received, cluster-id:7801, count:204
2025/02/11-01:41:37.416,DuelBotGameSessionHandler.cpp,564,(debug),[duelbot-game], ping received, cluster-id:7801, count:205
2025/02/11-01:41:47.409,DuelBotGameSessionHandler.cpp,564,(debug),[duelbot-game], ping received, cluster-id:7801, count:206
2025/02/11-01:41:57.414,DuelBotGameSessionHandler.cpp,564,(debug),[duelbot-game], ping received, cluster-id:7801, count:207
2025/02/11-01:42:07.414,DuelBotGameSessionHandler.cpp,564,(debug),[duelbot-game], ping received, cluster-id:7801, count:208
2025/02/11-01:42:17.408,DuelBotGameSessionHandler.cpp,564,(debug),[duelbot-game], ping received, cluster-id:7801, count:209
2025/02/11-01:42:27.408,DuelBotGameSessionHandler.cpp,564,(debug),[duelbot-game], ping received, cluster-id:7801, count:210
2025/02/11-01:42:37.420,DuelBotGameSessionHandler.cpp,564,(debug),[duelbot-game], ping received, cluster-id:7801, count:211
2025/02/11-01:42:47.419,DuelBotGameSessionHandler.cpp,564,(debug),[duelbot-game], ping received, cluster-id:7801, count:212
2025/02/11-01:42:57.415,DuelBotGameSessionHandler.cpp,564,(debug),[duelbot-game], ping received, cluster-id:7801, count:213
2025/02/11-01:43:07.423,DuelBotGameSessionHandler.cpp,564,(debug),[duelbot-game], ping received, cluster-id:7801, count:214
2025/02/11-01:43:17.419,DuelBotGameSessionHandler.cpp,564,(debug),[duelbot-game], ping received, cluster-id:7801, count:215
2025/02/11-01:43:27.400,DuelBotGameSessionHandler.cpp,564,(debug),[duelbot-game], ping received, cluster-id:7801, count:216
2025/02/11-01:43:37.403,DuelBotGameSessionHandler.cpp,564,(debug),[duelbot-game], ping received, cluster-id:7801, count:217
2025/02/11-01:43:47.418,DuelBotGameSessionHandler.cpp,564,(debug),[duelbot-game], ping received, cluster-id:7801, count:218
2025/02/11-01:43:57.416,DuelBotGameSessionHandler.cpp,564,(debug),[duelbot-game], ping received, cluster-id:7801, count:219
2025/02/11-01:44:07.420,DuelBotGameSessionHandler.cpp,564,(debug),[duelbot-game], ping received, cluster-id:7801, count:220
2025/02/11-01:44:17.415,DuelBotGameSessionHandler.cpp,564,(debug),[duelbot-game], ping received, cluster-id:7801, count:221
2025/02/11-01:44:27.426,DuelBotGameSessionHandler.cpp,564,(debug),[duelbot-game], ping received, cluster-id:7801, count:222
2025/02/11-01:44:37.416,DuelBotGameSessionHandler.cpp,564,(debug),[duelbot-game], ping received, cluster-id:7801, count:223
2025/02/11-01:44:47.420,DuelBotGameSessionHandler.cpp,564,(debug),[duelbot-game], ping received, cluster-id:7801, count:224
2025/02/11-01:44:57.420,DuelBotGameSessionHandler.cpp,564,(debug),[duelbot-game], ping received, cluster-id:7801, count:225
2025/02/11-01:45:07.414,DuelBotGameSessionHandler.cpp,564,(debug),[duelbot-game], ping received, cluster-id:7801, count:226
2025/02/11-01:45:17.410,DuelBotGameSessionHandler.cpp,564,(debug),[duelbot-game], ping received, cluster-id:7801, count:227
2025/02/11-01:45:27.413,DuelBotGameSessionHandler.cpp,564,(debug),[duelbot-game], ping received, cluster-id:7801, count:228
2025/02/11-01:45:37.420,DuelBotGameSessionHandler.cpp,564,(debug),[duelbot-game], ping received, cluster-id:7801, count:229
2025/02/11-01:45:47.423,DuelBotGameSessionHandler.cpp,564,(debug),[duelbot-game], ping received, cluster-id:7801, count:230
2025/02/11-01:45:57.408,DuelBotGameSessionHandler.cpp,564,(debug),[duelbot-game], ping received, cluster-id:7801, count:231
2025/02/11-01:46:07.420,DuelBotGameSessionHandler.cpp,564,(debug),[duelbot-game], ping received, cluster-id:7801, count:232
2025/02/11-01:46:17.423,DuelBotGameSessionHandler.cpp,564,(debug),[duelbot-game], ping received, cluster-id:7801, count:233
2025/02/11-01:46:27.416,DuelBotGameSessionHandler.cpp,564,(debug),[duelbot-game], ping received, cluster-id:7801, count:234
2025/02/11-01:46:37.407,DuelBotGameSessionHandler.cpp,564,(debug),[duelbot-game], ping received, cluster-id:7801, count:235
2025/02/11-01:46:47.409,DuelBotGameSessionHandler.cpp,564,(debug),[duelbot-game], ping received, cluster-id:7801, count:236
2025/02/11-01:46:57.417,DuelBotGameSessionHandler.cpp,564,(debug),[duelbot-game], ping received, cluster-id:7801, count:237
2025/02/11-01:47:07.400,DuelBotGameSessionHandler.cpp,564,(debug),[duelbot-game], ping received, cluster-id:7801, count:238
2025/02/11-01:47:17.430,DuelBotGameSessionHandler.cpp,564,(debug),[duelbot-game], ping received, cluster-id:7801, count:239
2025/02/11-01:47:27.409,DuelBotGameSessionHandler.cpp,564,(debug),[duelbot-game], ping received, cluster-id:7801, count:240
2025/02/11-01:47:37.418,DuelBotGameSessionHandler.cpp,564,(debug),[duelbot-game], ping received, cluster-id:7801, count:241
2025/02/11-01:47:47.424,DuelBotGameSessionHandler.cpp,564,(debug),[duelbot-game], ping received, cluster-id:7801, count:242
2025/02/11-01:47:57.417,DuelBotGameSessionHandler.cpp,564,(debug),[duelbot-game], ping received, cluster-id:7801, count:243
2025/02/11-01:48:07.415,DuelBotGameSessionHandler.cpp,564,(debug),[duelbot-game], ping received, cluster-id:7801, count:244
2025/02/11-01:48:17.407,DuelBotGameSessionHandler.cpp,564,(debug),[duelbot-game], ping received, cluster-id:7801, count:245
2025/02/11-01:48:27.417,DuelBotGameSessionHandler.cpp,564,(debug),[duelbot-game], ping received, cluster-id:7801, count:246
2025/02/11-01:48:37.417,DuelBotGameSessionHandler.cpp,564,(debug),[duelbot-game], ping received, cluster-id:7801, count:247
2025/02/11-01:48:47.423,DuelBotGameSessionHandler.cpp,564,(debug),[duelbot-game], ping received, cluster-id:7801, count:248
2025/02/11-01:48:57.417,DuelBotGameSessionHandler.cpp,564,(debug),[duelbot-game], ping received, cluster-id:7801, count:249
2025/02/11-01:49:07.410,DuelBotGameSessionHandler.cpp,564,(debug),[duelbot-game], ping received, cluster-id:7801, count:250
2025/02/11-01:49:17.411,DuelBotGameSessionHandler.cpp,564,(debug),[duelbot-game], ping received, cluster-id:7801, count:251
2025/02/11-01:49:27.416,DuelBotGameSessionHandler.cpp,564,(debug),[duelbot-game], ping received, cluster-id:7801, count:252
2025/02/11-01:49:37.419,DuelBotGameSessionHandler.cpp,564,(debug),[duelbot-game], ping received, cluster-id:7801, count:253
2025/02/11-01:49:47.412,DuelBotGameSessionHandler.cpp,564,(debug),[duelbot-game], ping received, cluster-id:7801, count:254
2025/02/11-01:49:57.418,DuelBotGameSessionHandler.cpp,564,(debug),[duelbot-game], ping received, cluster-id:7801, count:255
2025/02/11-01:50:07.424,DuelBotGameSessionHandler.cpp,564,(debug),[duelbot-game], ping received, cluster-id:7801, count:256
2025/02/11-01:50:17.422,DuelBotGameSessionHandler.cpp,564,(debug),[duelbot-game], ping received, cluster-id:7801, count:257
2025/02/11-01:50:27.420,DuelBotGameSessionHandler.cpp,564,(debug),[duelbot-game], ping received, cluster-id:7801, count:258
2025/02/11-01:50:37.418,DuelBotGameSessionHandler.cpp,564,(debug),[duelbot-game], ping received, cluster-id:7801, count:259
2025/02/11-01:50:47.404,DuelBotGameSessionHandler.cpp,564,(debug),[duelbot-game], ping received, cluster-id:7801, count:260
2025/02/11-01:50:57.412,DuelBotGameSessionHandler.cpp,564,(debug),[duelbot-game], ping received, cluster-id:7801, count:261
2025/02/11-01:51:07.419,DuelBotGameSessionHandler.cpp,564,(debug),[duelbot-game], ping received, cluster-id:7801, count:262
2025/02/11-01:51:17.414,DuelBotGameSessionHandler.cpp,564,(debug),[duelbot-game], ping received, cluster-id:7801, count:263
2025/02/11-01:51:27.407,DuelBotGameSessionHandler.cpp,564,(debug),[duelbot-game], ping received, cluster-id:7801, count:264
2025/02/11-01:51:37.413,DuelBotGameSessionHandler.cpp,564,(debug),[duelbot-game], ping received, cluster-id:7801, count:265
2025/02/11-01:51:47.414,DuelBotGameSessionHandler.cpp,564,(debug),[duelbot-game], ping received, cluster-id:7801, count:266
2025/02/11-01:51:57.418,DuelBotGameSessionHandler.cpp,564,(debug),[duelbot-game], ping received, cluster-id:7801, count:267
2025/02/11-01:52:07.400,DuelBotGameSessionHandler.cpp,564,(debug),[duelbot-game], ping received, cluster-id:7801, count:268
2025/02/11-01:52:17.425,DuelBotGameSessionHandler.cpp,564,(debug),[duelbot-game], ping received, cluster-id:7801, count:269
2025/02/11-01:52:27.411,DuelBotGameSessionHandler.cpp,564,(debug),[duelbot-game], ping received, cluster-id:7801, count:270
2025/02/11-01:52:37.405,DuelBotGameSessionHandler.cpp,564,(debug),[duelbot-game], ping received, cluster-id:7801, count:271
2025/02/11-01:52:47.418,DuelBotGameSessionHandler.cpp,564,(debug),[duelbot-game], ping received, cluster-id:7801, count:272
2025/02/11-01:52:57.425,DuelBotGameSessionHandler.cpp,564,(debug),[duelbot-game], ping received, cluster-id:7801, count:273
2025/02/11-01:53:07.425,DuelBotGameSessionHandler.cpp,564,(debug),[duelbot-game], ping received, cluster-id:7801, count:274
2025/02/11-01:53:17.417,DuelBotGameSessionHandler.cpp,564,(debug),[duelbot-game], ping received, cluster-id:7801, count:275
2025/02/11-01:53:27.417,DuelBotGameSessionHandler.cpp,564,(debug),[duelbot-game], ping received, cluster-id:7801, count:276
2025/02/11-01:53:37.430,DuelBotGameSessionHandler.cpp,564,(debug),[duelbot-game], ping received, cluster-id:7801, count:277
2025/02/11-01:53:47.409,DuelBotGameSessionHandler.cpp,564,(debug),[duelbot-game], ping received, cluster-id:7801, count:278
2025/02/11-01:53:57.421,DuelBotGameSessionHandler.cpp,564,(debug),[duelbot-game], ping received, cluster-id:7801, count:279
2025/02/11-01:54:07.414,DuelBotGameSessionHandler.cpp,564,(debug),[duelbot-game], ping received, cluster-id:7801, count:280
2025/02/11-01:54:17.416,DuelBotGameSessionHandler.cpp,564,(debug),[duelbot-game], ping received, cluster-id:7801, count:281
2025/02/11-01:54:27.416,DuelBotGameSessionHandler.cpp,564,(debug),[duelbot-game], ping received, cluster-id:7801, count:282
2025/02/11-01:54:37.416,DuelBotGameSessionHandler.cpp,564,(debug),[duelbot-game], ping received, cluster-id:7801, count:283
2025/02/11-01:54:47.420,DuelBotGameSessionHandler.cpp,564,(debug),[duelbot-game], ping received, cluster-id:7801, count:284
2025/02/11-01:54:57.411,DuelBotGameSessionHandler.cpp,564,(debug),[duelbot-game], ping received, cluster-id:7801, count:285
2025/02/11-01:55:07.421,DuelBotGameSessionHandler.cpp,564,(debug),[duelbot-game], ping received, cluster-id:7801, count:286
2025/02/11-01:55:17.411,DuelBotGameSessionHandler.cpp,564,(debug),[duelbot-game], ping received, cluster-id:7801, count:287
2025/02/11-01:55:27.411,DuelBotGameSessionHandler.cpp,564,(debug),[duelbot-game], ping received, cluster-id:7801, count:288
2025/02/11-01:55:37.416,DuelBotGameSessionHandler.cpp,564,(debug),[duelbot-game], ping received, cluster-id:7801, count:289
2025/02/11-01:55:47.417,DuelBotGameSessionHandler.cpp,564,(debug),[duelbot-game], ping received, cluster-id:7801, count:290
2025/02/11-01:55:57.417,DuelBotGameSessionHandler.cpp,564,(debug),[duelbot-game], ping received, cluster-id:7801, count:291
2025/02/11-01:56:07.416,DuelBotGameSessionHandler.cpp,564,(debug),[duelbot-game], ping received, cluster-id:7801, count:292
2025/02/11-01:56:17.419,DuelBotGameSessionHandler.cpp,564,(debug),[duelbot-game], ping received, cluster-id:7801, count:293
2025/02/11-01:56:27.417,DuelBotGameSessionHandler.cpp,564,(debug),[duelbot-game], ping received, cluster-id:7801, count:294
2025/02/11-01:56:37.415,DuelBotGameSessionHandler.cpp,564,(debug),[duelbot-game], ping received, cluster-id:7801, count:295
2025/02/11-01:56:47.404,DuelBotGameSessionHandler.cpp,564,(debug),[duelbot-game], ping received, cluster-id:7801, count:296
2025/02/11-01:56:57.410,DuelBotGameSessionHandler.cpp,564,(debug),[duelbot-game], ping received, cluster-id:7801, count:297
2025/02/11-01:57:07.411,DuelBotGameSessionHandler.cpp,564,(debug),[duelbot-game], ping received, cluster-id:7801, count:298
2025/02/11-01:57:17.423,DuelBotGameSessionHandler.cpp,564,(debug),[duelbot-game], ping received, cluster-id:7801, count:299
2025/02/11-01:57:27.418,DuelBotGameSessionHandler.cpp,564,(debug),[duelbot-game], ping received, cluster-id:7801, count:300
2025/02/11-01:57:37.417,DuelBotGameSessionHandler.cpp,564,(debug),[duelbot-game], ping received, cluster-id:7801, count:301
2025/02/11-01:57:47.408,DuelBotGameSessionHandler.cpp,564,(debug),[duelbot-game], ping received, cluster-id:7801, count:302
2025/02/11-01:57:57.418,DuelBotGameSessionHandler.cpp,564,(debug),[duelbot-game], ping received, cluster-id:7801, count:303
2025/02/11-01:58:07.409,DuelBotGameSessionHandler.cpp,564,(debug),[duelbot-game], ping received, cluster-id:7801, count:304
2025/02/11-01:58:17.418,DuelBotGameSessionHandler.cpp,564,(debug),[duelbot-game], ping received, cluster-id:7801, count:305
2025/02/11-01:58:27.419,DuelBotGameSessionHandler.cpp,564,(debug),[duelbot-game], ping received, cluster-id:7801, count:306
2025/02/11-01:58:37.411,DuelBotGameSessionHandler.cpp,564,(debug),[duelbot-game], ping received, cluster-id:7801, count:307
2025/02/11-01:58:47.412,DuelBotGameSessionHandler.cpp,564,(debug),[duelbot-game], ping received, cluster-id:7801, count:308
2025/02/11-01:58:57.409,DuelBotGameSessionHandler.cpp,564,(debug),[duelbot-game], ping received, cluster-id:7801, count:309
2025/02/11-01:59:07.410,DuelBotGameSessionHandler.cpp,564,(debug),[duelbot-game], ping received, cluster-id:7801, count:310
2025/02/11-01:59:17.414,DuelBotGameSessionHandler.cpp,564,(debug),[duelbot-game], ping received, cluster-id:7801, count:311
2025/02/11-01:59:27.414,DuelBotGameSessionHandler.cpp,564,(debug),[duelbot-game], ping received, cluster-id:7801, count:312
2025/02/11-01:59:37.409,DuelBotGameSessionHandler.cpp,564,(debug),[duelbot-game], ping received, cluster-id:7801, count:313
2025/02/11-01:59:47.407,DuelBotGameSessionHandler.cpp,564,(debug),[duelbot-game], ping received, cluster-id:7801, count:314
2025/02/11-01:59:57.412,DuelBotGameSessionHandler.cpp,564,(debug),[duelbot-game], ping received, cluster-id:7801, count:315
